08:12:56.212 [main] DEBUG c.m.f.p.rent.VehicleManagerImpl - Entity Vehicle{id=1, price=1, brand=AUDI} added to the database
08:12:56.246 [main] DEBUG c.m.f.p.rent.VehicleManagerImpl - Entity Vehicle{id=2, price=2, brand=FORD} added to the database
08:12:56.249 [main] DEBUG c.m.f.p.rent.VehicleManagerImpl - Entity Vehicle{id=3, price=3, brand=RENAULT} added to the database
08:12:56.266 [main] DEBUG c.m.f.p.rent.VehicleManagerImpl - Entity Vehicle{id=1, price=1, brand=AUDI} removed from the database
08:12:56.642 [main] DEBUG c.m.f.p.rent.VehicleManagerImpl - Entity Vehicle{id=1, price=1, brand=AUDI} added to the database
08:12:56.648 [main] DEBUG c.m.f.p.rent.VehicleManagerImpl - Entity Vehicle{id=2, price=2, brand=FORD} added to the database
08:12:56.649 [main] DEBUG c.m.f.p.rent.VehicleManagerImpl - Entity Vehicle{id=3, price=3, brand=RENAULT} added to the database
08:12:56.719 [main] DEBUG c.m.f.p.rent.VehicleManagerImpl - Entity Vehicle{id=1, price=1, brand=AUDI} added to the database
08:12:56.720 [main] DEBUG c.m.f.p.rent.VehicleManagerImpl - Entity Vehicle{id=2, price=1, brand=AUDI} added to the database
08:12:56.726 [main] DEBUG c.m.f.p.rent.VehicleManagerImpl - Entity Vehicle{id=2, price=1, brand=AUDI} removed from the database
08:12:56.789 [main] DEBUG c.m.f.p.rent.VehicleManagerImpl - Entity Vehicle{id=1, price=1, brand=AUDI} added to the database
08:12:56.890 [main] DEBUG c.m.f.p.rent.VehicleManagerImpl - Entity Vehicle{id=1, price=1, brand=AUDI} added to the database
08:12:56.894 [main] DEBUG c.m.f.p.rent.VehicleManagerImpl - Entity Vehicle{id=2, price=2, brand=FORD} added to the database
08:12:56.947 [main] DEBUG c.m.f.p.rent.VehicleManagerImpl - Entity Vehicle{id=1, price=1, brand=AUDI} added to the database
08:12:56.955 [main] DEBUG c.m.f.p.rent.VehicleManagerImpl - Entity Vehicle{id=2, price=2, brand=FORD} added to the database
08:12:56.957 [main] DEBUG c.m.f.p.rent.VehicleManagerImpl - Entity Vehicle{id=3, price=3, brand=RENAULT} added to the database
08:12:57.095 [main] DEBUG c.m.f.p.rent.VehicleManagerImpl - Entity Vehicle{id=1, price=1, brand=AUDI} added to the database
08:12:57.099 [main] DEBUG c.m.f.p.rent.VehicleManagerImpl - Entity Vehicle{id=2, price=2, brand=FORD} added to the database
08:12:57.101 [main] DEBUG c.m.f.p.rent.VehicleManagerImpl - Entity Vehicle{id=3, price=3, brand=RENAULT} added to the database
08:12:57.144 [main] DEBUG c.m.f.p.rent.VehicleManagerImpl - Entity Vehicle{id=1, price=1, brand=AUDI} added to the database
08:13:04.455 [main] DEBUG c.m.f.p.rent.VehicleManagerImpl - Entity Vehicle{id=1, price=2, brand=AUDI} added to the database
08:13:04.514 [main] DEBUG c.m.f.p.rent.VehicleManagerImpl - Entity Vehicle{id=2, price=1, brand=FORD} added to the database
08:13:04.525 [main] DEBUG c.m.f.p.rent.VehicleManagerImpl - Entity Vehicle{id=3, price=4, brand=SKODA} added to the database
08:13:04.609 [main] DEBUG c.m.f.p.rent.VehicleManagerImpl - Entity Vehicle{id=1, price=2, brand=AUDI} added to the database
08:13:04.708 [main] DEBUG c.m.f.p.rent.VehicleManagerImpl - Entity Vehicle{id=1, price=2, brand=AUDI} added to the database
08:13:04.850 [main] DEBUG c.m.f.p.rent.VehicleManagerImpl - Entity Vehicle{id=1, price=2, brand=AUDI} added to the database
08:13:04.876 [main] DEBUG c.m.f.p.rent.VehicleManagerImpl - Entity Vehicle{id=2, price=1, brand=FORD} added to the database
08:13:04.886 [main] DEBUG c.m.f.p.rent.VehicleManagerImpl - Entity Vehicle{id=3, price=4, brand=SKODA} added to the database
08:13:04.965 [main] DEBUG c.m.f.p.rent.VehicleManagerImpl - Entity Vehicle{id=1, price=2, brand=AUDI} added to the database
08:13:04.991 [main] DEBUG c.m.f.p.rent.VehicleManagerImpl - Entity Vehicle{id=2, price=1, brand=FORD} added to the database
08:13:05.000 [main] DEBUG c.m.f.p.rent.VehicleManagerImpl - Entity Vehicle{id=3, price=4, brand=SKODA} added to the database
08:13:05.262 [main] DEBUG c.m.f.p.rent.VehicleManagerImpl - Entity Vehicle{id=1, price=2, brand=AUDI} added to the database
08:13:05.273 [main] DEBUG c.m.f.p.rent.VehicleManagerImpl - Entity Vehicle{id=2, price=1, brand=FORD} added to the database
08:17:06.750 [AWT-EventQueue-0] DEBUG c.m.f.p.rent.VehicleManagerImpl - Entity Vehicle{id=1, price=1, brand=AUDI} added to the database
08:17:06.751 [AWT-EventQueue-0] DEBUG c.m.f.p.rent.VehicleManagerImpl - Entity Vehicle{id=2, price=2, brand=FORD} added to the database
08:25:20.758 [AWT-EventQueue-0] DEBUG c.m.f.p.rent.VehicleManagerImpl - Entity Vehicle{id=1, price=1, brand=AUDI} added to the database
08:25:20.781 [AWT-EventQueue-0] DEBUG c.m.f.p.rent.VehicleManagerImpl - Entity Vehicle{id=2, price=2, brand=FORD} added to the database
08:36:38.600 [AWT-EventQueue-0] DEBUG c.m.f.p.rent.VehicleManagerImpl - Entity Vehicle{id=1, price=1, brand=AUDI} added to the database
08:36:38.601 [AWT-EventQueue-0] DEBUG c.m.f.p.rent.VehicleManagerImpl - Entity Vehicle{id=2, price=2, brand=FORD} added to the database
08:38:12.600 [AWT-EventQueue-0] DEBUG c.m.f.p.rent.VehicleManagerImpl - Entity Vehicle{id=2, price=2.0000, brand=FORD} removed from the database
08:38:17.055 [AWT-EventQueue-0] DEBUG c.m.f.p.rent.VehicleManagerImpl - Entity Vehicle{id=3, price=1.0000, brand=AUDI} added to the database
08:38:23.661 [AWT-EventQueue-0] DEBUG c.m.f.p.rent.VehicleManagerImpl - Entity Vehicle{id=1, price=1.0000, brand=AUDI} updated
08:38:31.693 [AWT-EventQueue-0] DEBUG c.m.f.p.rent.VehicleManagerImpl - Entity Vehicle{id=1, price=1.0000, brand=AUDI} updated
08:44:09.354 [AWT-EventQueue-0] DEBUG c.m.f.p.rent.VehicleManagerImpl - Entity Vehicle{id=1, price=1, brand=AUDI} added to the database
08:44:09.355 [AWT-EventQueue-0] DEBUG c.m.f.p.rent.VehicleManagerImpl - Entity Vehicle{id=2, price=2, brand=FORD} added to the database
08:45:26.280 [AWT-EventQueue-0] DEBUG c.m.f.p.rent.VehicleManagerImpl - Entity Vehicle{id=1, price=1, brand=AUDI} added to the database
08:45:26.281 [AWT-EventQueue-0] DEBUG c.m.f.p.rent.VehicleManagerImpl - Entity Vehicle{id=2, price=2, brand=FORD} added to the database
08:47:14.836 [AWT-EventQueue-0] DEBUG c.m.f.p.rent.VehicleManagerImpl - Entity Vehicle{id=1, price=1, brand=AUDI} added to the database
08:47:14.837 [AWT-EventQueue-0] DEBUG c.m.f.p.rent.VehicleManagerImpl - Entity Vehicle{id=2, price=2, brand=FORD} added to the database
10:08:39.056 [AWT-EventQueue-0] WARN  c.m.f.p.rent.VehicleManagerImpl - Error when inserting Vehicle{id=null, price=1, brand=AUDI} into the database Table/View 'VEHICLE' does not exist.
java.sql.SQLSyntaxErrorException: Table/View 'VEHICLE' does not exist.
	at org.apache.derby.client.am.SQLExceptionFactory40.getSQLException(Unknown Source) ~[derbyclient-10.10.1.1.jar:na]
	at org.apache.derby.client.am.SqlException.getSQLException(Unknown Source) ~[derbyclient-10.10.1.1.jar:na]
	at org.apache.derby.client.am.PreparedStatement.executeUpdate(Unknown Source) ~[derbyclient-10.10.1.1.jar:na]
	at org.apache.tomcat.dbcp.dbcp2.DelegatingPreparedStatement.executeUpdate(DelegatingPreparedStatement.java:97) ~[tomcat-dbcp-8.0.5.jar:8.0.5]
	at org.apache.tomcat.dbcp.dbcp2.DelegatingPreparedStatement.executeUpdate(DelegatingPreparedStatement.java:97) ~[tomcat-dbcp-8.0.5.jar:8.0.5]
	at cz.muni.fi.pv168.rent.VehicleManagerImpl.createVehicle(VehicleManagerImpl.java:75) ~[classes/:na]
	at cz.muni.fi.pv168.rent.MainWindow.<init>(MainWindow.java:48) [classes/:na]
	at cz.muni.fi.pv168.rent.MainWindow$15.run(MainWindow.java:954) [classes/:na]
	at java.awt.event.InvocationEvent.dispatch(InvocationEvent.java:251) [na:1.7.0_51]
	at java.awt.EventQueue.dispatchEventImpl(EventQueue.java:733) [na:1.7.0_51]
	at java.awt.EventQueue.access$200(EventQueue.java:103) [na:1.7.0_51]
	at java.awt.EventQueue$3.run(EventQueue.java:694) [na:1.7.0_51]
	at java.awt.EventQueue$3.run(EventQueue.java:692) [na:1.7.0_51]
	at java.security.AccessController.doPrivileged(Native Method) [na:1.7.0_51]
	at java.security.ProtectionDomain$1.doIntersectionPrivilege(ProtectionDomain.java:76) [na:1.7.0_51]
	at java.awt.EventQueue.dispatchEvent(EventQueue.java:703) [na:1.7.0_51]
	at java.awt.EventDispatchThread.pumpOneEventForFilters(EventDispatchThread.java:242) [na:1.7.0_51]
	at java.awt.EventDispatchThread.pumpEventsForFilter(EventDispatchThread.java:161) [na:1.7.0_51]
	at java.awt.EventDispatchThread.pumpEventsForHierarchy(EventDispatchThread.java:150) [na:1.7.0_51]
	at java.awt.EventDispatchThread.pumpEvents(EventDispatchThread.java:146) [na:1.7.0_51]
	at java.awt.EventDispatchThread.pumpEvents(EventDispatchThread.java:138) [na:1.7.0_51]
	at java.awt.EventDispatchThread.run(EventDispatchThread.java:91) [na:1.7.0_51]
Caused by: org.apache.derby.client.am.SqlException: Table/View 'VEHICLE' does not exist.
	at org.apache.derby.client.am.Statement.completeExecute(Unknown Source) ~[derbyclient-10.10.1.1.jar:na]
	at org.apache.derby.client.net.NetStatementReply.parseEXCSQLSTTreply(Unknown Source) ~[derbyclient-10.10.1.1.jar:na]
	at org.apache.derby.client.net.NetStatementReply.readExecute(Unknown Source) ~[derbyclient-10.10.1.1.jar:na]
	at org.apache.derby.client.net.StatementReply.readExecute(Unknown Source) ~[derbyclient-10.10.1.1.jar:na]
	at org.apache.derby.client.net.NetPreparedStatement.readExecute_(Unknown Source) ~[derbyclient-10.10.1.1.jar:na]
	at org.apache.derby.client.am.PreparedStatement.readExecute(Unknown Source) ~[derbyclient-10.10.1.1.jar:na]
	at org.apache.derby.client.am.PreparedStatement.flowExecute(Unknown Source) ~[derbyclient-10.10.1.1.jar:na]
	at org.apache.derby.client.am.PreparedStatement.executeUpdateX(Unknown Source) ~[derbyclient-10.10.1.1.jar:na]
	... 20 common frames omitted
10:10:23.127 [AWT-EventQueue-0] DEBUG c.m.f.p.rent.VehicleManagerImpl - Entity Vehicle{id=11, price=1, brand=AUDI} added to the database
10:10:23.130 [AWT-EventQueue-0] DEBUG c.m.f.p.rent.VehicleManagerImpl - Entity Vehicle{id=12, price=2, brand=FORD} added to the database
10:15:00.680 [AWT-EventQueue-0] DEBUG c.m.f.p.rent.VehicleManagerImpl - Entity Vehicle{id=4, price=1500.0000, brand=AUDI} removed from the database
10:15:02.141 [AWT-EventQueue-0] DEBUG c.m.f.p.rent.VehicleManagerImpl - Entity Vehicle{id=5, price=200.0000, brand=SKODA} removed from the database
10:15:05.716 [AWT-EventQueue-0] DEBUG c.m.f.p.rent.VehicleManagerImpl - Entity Vehicle{id=6, price=1000.0000, brand=FORD} removed from the database
10:15:06.905 [AWT-EventQueue-0] DEBUG c.m.f.p.rent.VehicleManagerImpl - Entity Vehicle{id=3, price=800.0000, brand=RENAULT} removed from the database
10:15:08.392 [AWT-EventQueue-0] DEBUG c.m.f.p.rent.VehicleManagerImpl - Entity Vehicle{id=8, price=350.0000, brand=SKODA} removed from the database
10:15:23.721 [AWT-EventQueue-0] WARN  c.m.f.p.rent.VehicleManagerImpl - Vehicle{id=1, price=250.0000, brand=SEAT}: Error when deleting from database. You must delete all reservation using this entity first.: Table/View 'VEHICLE' does not exist.
java.sql.SQLSyntaxErrorException: Table/View 'VEHICLE' does not exist.
	at org.apache.derby.client.am.SQLExceptionFactory40.getSQLException(Unknown Source) ~[derbyclient-10.10.1.1.jar:na]
	at org.apache.derby.client.am.SqlException.getSQLException(Unknown Source) ~[derbyclient-10.10.1.1.jar:na]
	at org.apache.derby.client.am.Connection.prepareStatement(Unknown Source) ~[derbyclient-10.10.1.1.jar:na]
	at org.apache.tomcat.dbcp.dbcp2.DelegatingConnection.prepareStatement(DelegatingConnection.java:288) ~[tomcat-dbcp-8.0.5.jar:8.0.5]
	at org.apache.tomcat.dbcp.dbcp2.DelegatingConnection.prepareStatement(DelegatingConnection.java:288) ~[tomcat-dbcp-8.0.5.jar:8.0.5]
	at cz.muni.fi.pv168.rent.VehicleManagerImpl.deleteVehicle(VehicleManagerImpl.java:133) ~[classes/:na]
	at cz.muni.fi.pv168.rent.MainWindow$VehicleTableModel.deleteVehicle(MainWindow.java:1147) [classes/:na]
	at cz.muni.fi.pv168.rent.MainWindow.jButton6ActionPerformed(MainWindow.java:648) [classes/:na]
	at cz.muni.fi.pv168.rent.MainWindow.access$1000(MainWindow.java:19) [classes/:na]
	at cz.muni.fi.pv168.rent.MainWindow$10.actionPerformed(MainWindow.java:262) [classes/:na]
	at javax.swing.AbstractButton.fireActionPerformed(AbstractButton.java:2018) [na:1.7.0_51]
	at javax.swing.AbstractButton$Handler.actionPerformed(AbstractButton.java:2341) [na:1.7.0_51]
	at javax.swing.DefaultButtonModel.fireActionPerformed(DefaultButtonModel.java:402) [na:1.7.0_51]
	at javax.swing.DefaultButtonModel.setPressed(DefaultButtonModel.java:259) [na:1.7.0_51]
	at javax.swing.plaf.basic.BasicButtonListener.mouseReleased(BasicButtonListener.java:252) [na:1.7.0_51]
	at java.awt.Component.processMouseEvent(Component.java:6505) [na:1.7.0_51]
	at javax.swing.JComponent.processMouseEvent(JComponent.java:3320) [na:1.7.0_51]
	at java.awt.Component.processEvent(Component.java:6270) [na:1.7.0_51]
	at java.awt.Container.processEvent(Container.java:2229) [na:1.7.0_51]
	at java.awt.Component.dispatchEventImpl(Component.java:4861) [na:1.7.0_51]
	at java.awt.Container.dispatchEventImpl(Container.java:2287) [na:1.7.0_51]
	at java.awt.Component.dispatchEvent(Component.java:4687) [na:1.7.0_51]
	at java.awt.LightweightDispatcher.retargetMouseEvent(Container.java:4832) [na:1.7.0_51]
	at java.awt.LightweightDispatcher.processMouseEvent(Container.java:4492) [na:1.7.0_51]
	at java.awt.LightweightDispatcher.dispatchEvent(Container.java:4422) [na:1.7.0_51]
	at java.awt.Container.dispatchEventImpl(Container.java:2273) [na:1.7.0_51]
	at java.awt.Window.dispatchEventImpl(Window.java:2719) [na:1.7.0_51]
	at java.awt.Component.dispatchEvent(Component.java:4687) [na:1.7.0_51]
	at java.awt.EventQueue.dispatchEventImpl(EventQueue.java:735) [na:1.7.0_51]
	at java.awt.EventQueue.access$200(EventQueue.java:103) [na:1.7.0_51]
	at java.awt.EventQueue$3.run(EventQueue.java:694) [na:1.7.0_51]
	at java.awt.EventQueue$3.run(EventQueue.java:692) [na:1.7.0_51]
	at java.security.AccessController.doPrivileged(Native Method) [na:1.7.0_51]
	at java.security.ProtectionDomain$1.doIntersectionPrivilege(ProtectionDomain.java:76) [na:1.7.0_51]
	at java.security.ProtectionDomain$1.doIntersectionPrivilege(ProtectionDomain.java:87) [na:1.7.0_51]
	at java.awt.EventQueue$4.run(EventQueue.java:708) [na:1.7.0_51]
	at java.awt.EventQueue$4.run(EventQueue.java:706) [na:1.7.0_51]
	at java.security.AccessController.doPrivileged(Native Method) [na:1.7.0_51]
	at java.security.ProtectionDomain$1.doIntersectionPrivilege(ProtectionDomain.java:76) [na:1.7.0_51]
	at java.awt.EventQueue.dispatchEvent(EventQueue.java:705) [na:1.7.0_51]
	at java.awt.EventDispatchThread.pumpOneEventForFilters(EventDispatchThread.java:242) [na:1.7.0_51]
	at java.awt.EventDispatchThread.pumpEventsForFilter(EventDispatchThread.java:161) [na:1.7.0_51]
	at java.awt.EventDispatchThread.pumpEventsForHierarchy(EventDispatchThread.java:150) [na:1.7.0_51]
	at java.awt.EventDispatchThread.pumpEvents(EventDispatchThread.java:146) [na:1.7.0_51]
	at java.awt.EventDispatchThread.pumpEvents(EventDispatchThread.java:138) [na:1.7.0_51]
	at java.awt.EventDispatchThread.run(EventDispatchThread.java:91) [na:1.7.0_51]
Caused by: org.apache.derby.client.am.SqlException: Table/View 'VEHICLE' does not exist.
	at org.apache.derby.client.am.Statement.completeSqlca(Unknown Source) ~[derbyclient-10.10.1.1.jar:na]
	at org.apache.derby.client.net.NetStatementReply.parsePrepareError(Unknown Source) ~[derbyclient-10.10.1.1.jar:na]
	at org.apache.derby.client.net.NetStatementReply.parsePRPSQLSTTreply(Unknown Source) ~[derbyclient-10.10.1.1.jar:na]
	at org.apache.derby.client.net.NetStatementReply.readPrepareDescribeOutput(Unknown Source) ~[derbyclient-10.10.1.1.jar:na]
	at org.apache.derby.client.net.StatementReply.readPrepareDescribeOutput(Unknown Source) ~[derbyclient-10.10.1.1.jar:na]
	at org.apache.derby.client.net.NetStatement.readPrepareDescribeOutput_(Unknown Source) ~[derbyclient-10.10.1.1.jar:na]
	at org.apache.derby.client.am.Statement.readPrepareDescribeOutput(Unknown Source) ~[derbyclient-10.10.1.1.jar:na]
	at org.apache.derby.client.am.PreparedStatement.readPrepareDescribeInputOutput(Unknown Source) ~[derbyclient-10.10.1.1.jar:na]
	at org.apache.derby.client.am.PreparedStatement.flowPrepareDescribeInputOutput(Unknown Source) ~[derbyclient-10.10.1.1.jar:na]
	at org.apache.derby.client.am.PreparedStatement.prepare(Unknown Source) ~[derbyclient-10.10.1.1.jar:na]
	at org.apache.derby.client.am.Connection.prepareStatementX(Unknown Source) ~[derbyclient-10.10.1.1.jar:na]
	... 44 common frames omitted
12:12:51.123 [main] DEBUG c.m.f.p.rent.VehicleManagerImpl - Entita Vehicle{id=1, price=2, brand=AUDI} přidaná do databázy
12:12:51.184 [main] DEBUG c.m.f.p.rent.VehicleManagerImpl - Entita Vehicle{id=2, price=1, brand=FORD} přidaná do databázy
12:12:51.197 [main] DEBUG c.m.f.p.rent.VehicleManagerImpl - Entita Vehicle{id=3, price=4, brand=SKODA} přidaná do databázy
12:12:51.293 [main] DEBUG c.m.f.p.rent.VehicleManagerImpl - Entita Vehicle{id=1, price=2, brand=AUDI} přidaná do databázy
12:12:51.408 [main] DEBUG c.m.f.p.rent.VehicleManagerImpl - Entita Vehicle{id=1, price=2, brand=AUDI} přidaná do databázy
12:12:51.567 [main] DEBUG c.m.f.p.rent.VehicleManagerImpl - Entita Vehicle{id=1, price=2, brand=AUDI} přidaná do databázy
12:12:51.599 [main] DEBUG c.m.f.p.rent.VehicleManagerImpl - Entita Vehicle{id=2, price=1, brand=FORD} přidaná do databázy
12:12:51.610 [main] DEBUG c.m.f.p.rent.VehicleManagerImpl - Entita Vehicle{id=3, price=4, brand=SKODA} přidaná do databázy
12:12:51.703 [main] DEBUG c.m.f.p.rent.VehicleManagerImpl - Entita Vehicle{id=1, price=2, brand=AUDI} přidaná do databázy
12:12:51.734 [main] DEBUG c.m.f.p.rent.VehicleManagerImpl - Entita Vehicle{id=2, price=1, brand=FORD} přidaná do databázy
12:12:51.743 [main] DEBUG c.m.f.p.rent.VehicleManagerImpl - Entita Vehicle{id=3, price=4, brand=SKODA} přidaná do databázy
12:12:52.034 [main] DEBUG c.m.f.p.rent.VehicleManagerImpl - Entita Vehicle{id=1, price=2, brand=AUDI} přidaná do databázy
12:12:52.047 [main] DEBUG c.m.f.p.rent.VehicleManagerImpl - Entita Vehicle{id=2, price=1, brand=FORD} přidaná do databázy
12:12:52.829 [main] DEBUG c.m.f.p.rent.VehicleManagerImpl - Entita Vehicle{id=1, price=1, brand=AUDI} přidaná do databázy
12:12:52.835 [main] DEBUG c.m.f.p.rent.VehicleManagerImpl - Entita Vehicle{id=2, price=2, brand=FORD} přidaná do databázy
12:12:52.837 [main] DEBUG c.m.f.p.rent.VehicleManagerImpl - Entita Vehicle{id=3, price=3, brand=RENAULT} přidaná do databázy
12:12:52.843 [main] DEBUG c.m.f.p.rent.VehicleManagerImpl - Entita Vehicle{id=1, price=1, brand=AUDI} odstraněna z databáze
12:12:53.004 [main] DEBUG c.m.f.p.rent.VehicleManagerImpl - Entita Vehicle{id=1, price=1, brand=AUDI} přidaná do databázy
12:12:53.008 [main] DEBUG c.m.f.p.rent.VehicleManagerImpl - Entita Vehicle{id=2, price=2, brand=FORD} přidaná do databázy
12:12:53.009 [main] DEBUG c.m.f.p.rent.VehicleManagerImpl - Entita Vehicle{id=3, price=3, brand=RENAULT} přidaná do databázy
12:12:53.042 [main] DEBUG c.m.f.p.rent.VehicleManagerImpl - Entita Vehicle{id=1, price=1, brand=AUDI} přidaná do databázy
12:12:53.043 [main] DEBUG c.m.f.p.rent.VehicleManagerImpl - Entita Vehicle{id=2, price=1, brand=AUDI} přidaná do databázy
12:12:53.047 [main] DEBUG c.m.f.p.rent.VehicleManagerImpl - Entita Vehicle{id=2, price=1, brand=AUDI} odstraněna z databáze
12:12:53.083 [main] DEBUG c.m.f.p.rent.VehicleManagerImpl - Entita Vehicle{id=1, price=1, brand=AUDI} přidaná do databázy
12:12:53.140 [main] DEBUG c.m.f.p.rent.VehicleManagerImpl - Entita Vehicle{id=1, price=1, brand=AUDI} přidaná do databázy
12:12:53.144 [main] DEBUG c.m.f.p.rent.VehicleManagerImpl - Entita Vehicle{id=2, price=2, brand=FORD} přidaná do databázy
12:12:53.178 [main] DEBUG c.m.f.p.rent.VehicleManagerImpl - Entita Vehicle{id=1, price=1, brand=AUDI} přidaná do databázy
12:12:53.185 [main] DEBUG c.m.f.p.rent.VehicleManagerImpl - Entita Vehicle{id=2, price=2, brand=FORD} přidaná do databázy
12:12:53.187 [main] DEBUG c.m.f.p.rent.VehicleManagerImpl - Entita Vehicle{id=3, price=3, brand=RENAULT} přidaná do databázy
12:12:53.300 [main] DEBUG c.m.f.p.rent.VehicleManagerImpl - Entita Vehicle{id=1, price=1, brand=AUDI} přidaná do databázy
12:12:53.304 [main] DEBUG c.m.f.p.rent.VehicleManagerImpl - Entita Vehicle{id=2, price=2, brand=FORD} přidaná do databázy
12:12:53.305 [main] DEBUG c.m.f.p.rent.VehicleManagerImpl - Entita Vehicle{id=3, price=3, brand=RENAULT} přidaná do databázy
12:12:53.345 [main] DEBUG c.m.f.p.rent.VehicleManagerImpl - Entita Vehicle{id=1, price=1, brand=AUDI} přidaná do databázy
