11:34:38.980 [main] DEBUG c.m.f.p.rent.VehicleManagerImpl - Entity Vehicle{id=1, price=1, brand=AUDI} added to the database
11:34:38.997 [main] DEBUG c.m.f.p.rent.VehicleManagerImpl - Entity Vehicle{id=2, price=2, brand=FORD} added to the database
11:34:39.004 [main] DEBUG c.m.f.p.rent.VehicleManagerImpl - Entity Vehicle{id=3, price=3, brand=RENAULT} added to the database
11:34:39.035 [main] DEBUG c.m.f.p.rent.VehicleManagerImpl - Entity Vehicle{id=1, price=1, brand=AUDI} removed from the database
11:34:39.867 [main] DEBUG c.m.f.p.rent.VehicleManagerImpl - Entity Vehicle{id=1, price=1, brand=AUDI} added to the database
11:34:39.893 [main] DEBUG c.m.f.p.rent.VehicleManagerImpl - Entity Vehicle{id=2, price=2, brand=FORD} added to the database
11:34:39.909 [main] DEBUG c.m.f.p.rent.VehicleManagerImpl - Entity Vehicle{id=3, price=3, brand=RENAULT} added to the database
11:34:40.129 [main] DEBUG c.m.f.p.rent.VehicleManagerImpl - Entity Vehicle{id=1, price=1, brand=AUDI} added to the database
11:34:40.133 [main] DEBUG c.m.f.p.rent.VehicleManagerImpl - Entity Vehicle{id=2, price=1, brand=AUDI} added to the database
11:34:40.155 [main] DEBUG c.m.f.p.rent.VehicleManagerImpl - Entity Vehicle{id=2, price=1, brand=AUDI} removed from the database
11:34:40.378 [main] DEBUG c.m.f.p.rent.VehicleManagerImpl - Entity Vehicle{id=1, price=1, brand=AUDI} added to the database
11:34:40.552 [main] DEBUG c.m.f.p.rent.VehicleManagerImpl - Entity Vehicle{id=1, price=1, brand=AUDI} added to the database
11:34:40.562 [main] DEBUG c.m.f.p.rent.VehicleManagerImpl - Entity Vehicle{id=2, price=2, brand=FORD} added to the database
11:34:40.665 [main] DEBUG c.m.f.p.rent.VehicleManagerImpl - Entity Vehicle{id=1, price=1, brand=AUDI} added to the database
11:34:40.681 [main] DEBUG c.m.f.p.rent.VehicleManagerImpl - Entity Vehicle{id=2, price=2, brand=FORD} added to the database
11:34:40.692 [main] DEBUG c.m.f.p.rent.VehicleManagerImpl - Entity Vehicle{id=3, price=3, brand=RENAULT} added to the database
11:34:40.972 [main] DEBUG c.m.f.p.rent.VehicleManagerImpl - Entity Vehicle{id=1, price=1, brand=AUDI} added to the database
11:34:40.981 [main] DEBUG c.m.f.p.rent.VehicleManagerImpl - Entity Vehicle{id=2, price=2, brand=FORD} added to the database
11:34:40.985 [main] DEBUG c.m.f.p.rent.VehicleManagerImpl - Entity Vehicle{id=3, price=3, brand=RENAULT} added to the database
11:34:41.136 [main] DEBUG c.m.f.p.rent.VehicleManagerImpl - Entity Vehicle{id=1, price=1, brand=AUDI} added to the database
11:34:41.587 [main] DEBUG c.m.f.p.rent.VehicleManagerImpl - Entity Vehicle{id=1, price=2, brand=AUDI} added to the database
11:34:41.657 [main] DEBUG c.m.f.p.rent.VehicleManagerImpl - Entity Vehicle{id=2, price=1, brand=FORD} added to the database
11:34:41.683 [main] DEBUG c.m.f.p.rent.VehicleManagerImpl - Entity Vehicle{id=3, price=4, brand=SKODA} added to the database
11:34:41.846 [main] DEBUG c.m.f.p.rent.VehicleManagerImpl - Entity Vehicle{id=1, price=2, brand=AUDI} added to the database
11:34:42.074 [main] DEBUG c.m.f.p.rent.VehicleManagerImpl - Entity Vehicle{id=1, price=2, brand=AUDI} added to the database
11:34:42.326 [main] DEBUG c.m.f.p.rent.VehicleManagerImpl - Entity Vehicle{id=1, price=2, brand=AUDI} added to the database
11:34:42.413 [main] DEBUG c.m.f.p.rent.VehicleManagerImpl - Entity Vehicle{id=2, price=1, brand=FORD} added to the database
11:34:42.436 [main] DEBUG c.m.f.p.rent.VehicleManagerImpl - Entity Vehicle{id=3, price=4, brand=SKODA} added to the database
11:34:42.578 [main] DEBUG c.m.f.p.rent.VehicleManagerImpl - Entity Vehicle{id=1, price=2, brand=AUDI} added to the database
11:34:42.681 [main] DEBUG c.m.f.p.rent.VehicleManagerImpl - Entity Vehicle{id=2, price=1, brand=FORD} added to the database
11:34:42.701 [main] DEBUG c.m.f.p.rent.VehicleManagerImpl - Entity Vehicle{id=3, price=4, brand=SKODA} added to the database
11:34:43.207 [main] DEBUG c.m.f.p.rent.VehicleManagerImpl - Entity Vehicle{id=1, price=2, brand=AUDI} added to the database
11:34:43.233 [main] DEBUG c.m.f.p.rent.VehicleManagerImpl - Entity Vehicle{id=2, price=1, brand=FORD} added to the database
12:17:07.024 [main] DEBUG c.m.f.p.rent.VehicleManagerImpl - Entity Vehicle{id=1, price=1, brand=AUDI} added to the database
12:17:07.067 [main] DEBUG c.m.f.p.rent.VehicleManagerImpl - Entity Vehicle{id=2, price=2, brand=FORD} added to the database
12:17:07.072 [main] DEBUG c.m.f.p.rent.VehicleManagerImpl - Entity Vehicle{id=3, price=3, brand=RENAULT} added to the database
12:17:07.088 [main] DEBUG c.m.f.p.rent.VehicleManagerImpl - Entity Vehicle{id=1, price=1, brand=AUDI} removed from the database
12:17:07.617 [main] DEBUG c.m.f.p.rent.VehicleManagerImpl - Entity Vehicle{id=1, price=1, brand=AUDI} added to the database
12:17:07.627 [main] DEBUG c.m.f.p.rent.VehicleManagerImpl - Entity Vehicle{id=2, price=2, brand=FORD} added to the database
12:17:07.631 [main] DEBUG c.m.f.p.rent.VehicleManagerImpl - Entity Vehicle{id=3, price=3, brand=RENAULT} added to the database
12:17:07.762 [main] DEBUG c.m.f.p.rent.VehicleManagerImpl - Entity Vehicle{id=1, price=1, brand=AUDI} added to the database
12:17:07.764 [main] DEBUG c.m.f.p.rent.VehicleManagerImpl - Entity Vehicle{id=2, price=1, brand=AUDI} added to the database
12:17:07.774 [main] DEBUG c.m.f.p.rent.VehicleManagerImpl - Entity Vehicle{id=2, price=1, brand=AUDI} removed from the database
12:17:07.947 [main] DEBUG c.m.f.p.rent.VehicleManagerImpl - Entity Vehicle{id=1, price=1, brand=AUDI} added to the database
12:17:08.160 [main] DEBUG c.m.f.p.rent.VehicleManagerImpl - Entity Vehicle{id=1, price=1, brand=AUDI} added to the database
12:17:08.176 [main] DEBUG c.m.f.p.rent.VehicleManagerImpl - Entity Vehicle{id=2, price=2, brand=FORD} added to the database
12:17:08.272 [main] DEBUG c.m.f.p.rent.VehicleManagerImpl - Entity Vehicle{id=1, price=1, brand=AUDI} added to the database
12:17:08.284 [main] DEBUG c.m.f.p.rent.VehicleManagerImpl - Entity Vehicle{id=2, price=2, brand=FORD} added to the database
12:17:08.289 [main] DEBUG c.m.f.p.rent.VehicleManagerImpl - Entity Vehicle{id=3, price=3, brand=RENAULT} added to the database
12:17:08.512 [main] DEBUG c.m.f.p.rent.VehicleManagerImpl - Entity Vehicle{id=1, price=1, brand=AUDI} added to the database
12:17:08.518 [main] DEBUG c.m.f.p.rent.VehicleManagerImpl - Entity Vehicle{id=2, price=2, brand=FORD} added to the database
12:17:08.522 [main] DEBUG c.m.f.p.rent.VehicleManagerImpl - Entity Vehicle{id=3, price=3, brand=RENAULT} added to the database
12:17:08.594 [main] DEBUG c.m.f.p.rent.VehicleManagerImpl - Entity Vehicle{id=1, price=1, brand=AUDI} added to the database
12:17:08.960 [main] DEBUG c.m.f.p.rent.VehicleManagerImpl - Entity Vehicle{id=1, price=2, brand=AUDI} added to the database
12:17:09.010 [main] DEBUG c.m.f.p.rent.VehicleManagerImpl - Entity Vehicle{id=2, price=1, brand=FORD} added to the database
12:17:09.027 [main] DEBUG c.m.f.p.rent.VehicleManagerImpl - Entity Vehicle{id=3, price=4, brand=SKODA} added to the database
12:17:09.118 [main] DEBUG c.m.f.p.rent.VehicleManagerImpl - Entity Vehicle{id=1, price=2, brand=AUDI} added to the database
12:17:09.299 [main] DEBUG c.m.f.p.rent.VehicleManagerImpl - Entity Vehicle{id=1, price=2, brand=AUDI} added to the database
12:17:09.475 [main] DEBUG c.m.f.p.rent.VehicleManagerImpl - Entity Vehicle{id=1, price=2, brand=AUDI} added to the database
12:17:09.536 [main] DEBUG c.m.f.p.rent.VehicleManagerImpl - Entity Vehicle{id=2, price=1, brand=FORD} added to the database
12:17:09.556 [main] DEBUG c.m.f.p.rent.VehicleManagerImpl - Entity Vehicle{id=3, price=4, brand=SKODA} added to the database
12:17:09.660 [main] DEBUG c.m.f.p.rent.VehicleManagerImpl - Entity Vehicle{id=1, price=2, brand=AUDI} added to the database
12:17:09.720 [main] DEBUG c.m.f.p.rent.VehicleManagerImpl - Entity Vehicle{id=2, price=1, brand=FORD} added to the database
12:17:09.739 [main] DEBUG c.m.f.p.rent.VehicleManagerImpl - Entity Vehicle{id=3, price=4, brand=SKODA} added to the database
12:17:10.124 [main] DEBUG c.m.f.p.rent.VehicleManagerImpl - Entity Vehicle{id=1, price=2, brand=AUDI} added to the database
12:17:10.146 [main] DEBUG c.m.f.p.rent.VehicleManagerImpl - Entity Vehicle{id=2, price=1, brand=FORD} added to the database
12:36:49.905 [main] DEBUG c.m.f.p.rent.VehicleManagerImpl - Entity Vehicle{id=1, price=1, brand=AUDI} added to the database
12:36:49.925 [main] DEBUG c.m.f.p.rent.VehicleManagerImpl - Entity Vehicle{id=2, price=2, brand=FORD} added to the database
12:36:49.930 [main] DEBUG c.m.f.p.rent.VehicleManagerImpl - Entity Vehicle{id=3, price=3, brand=RENAULT} added to the database
12:36:49.944 [main] DEBUG c.m.f.p.rent.VehicleManagerImpl - Entity Vehicle{id=1, price=1, brand=AUDI} removed from the database
12:36:50.577 [main] DEBUG c.m.f.p.rent.VehicleManagerImpl - Entity Vehicle{id=1, price=1, brand=AUDI} added to the database
12:36:50.585 [main] DEBUG c.m.f.p.rent.VehicleManagerImpl - Entity Vehicle{id=2, price=2, brand=FORD} added to the database
12:36:50.599 [main] DEBUG c.m.f.p.rent.VehicleManagerImpl - Entity Vehicle{id=3, price=3, brand=RENAULT} added to the database
12:36:50.757 [main] DEBUG c.m.f.p.rent.VehicleManagerImpl - Entity Vehicle{id=1, price=1, brand=AUDI} added to the database
12:36:50.760 [main] DEBUG c.m.f.p.rent.VehicleManagerImpl - Entity Vehicle{id=2, price=1, brand=AUDI} added to the database
12:36:50.776 [main] DEBUG c.m.f.p.rent.VehicleManagerImpl - Entity Vehicle{id=2, price=1, brand=AUDI} removed from the database
12:36:50.912 [main] DEBUG c.m.f.p.rent.VehicleManagerImpl - Entity Vehicle{id=1, price=1, brand=AUDI} added to the database
12:36:51.084 [main] DEBUG c.m.f.p.rent.VehicleManagerImpl - Entity Vehicle{id=1, price=1, brand=AUDI} added to the database
12:36:51.095 [main] DEBUG c.m.f.p.rent.VehicleManagerImpl - Entity Vehicle{id=2, price=2, brand=FORD} added to the database
12:36:51.207 [main] DEBUG c.m.f.p.rent.VehicleManagerImpl - Entity Vehicle{id=1, price=1, brand=AUDI} added to the database
12:36:51.220 [main] DEBUG c.m.f.p.rent.VehicleManagerImpl - Entity Vehicle{id=2, price=2, brand=FORD} added to the database
12:36:51.224 [main] DEBUG c.m.f.p.rent.VehicleManagerImpl - Entity Vehicle{id=3, price=3, brand=RENAULT} added to the database
12:36:51.451 [main] DEBUG c.m.f.p.rent.VehicleManagerImpl - Entity Vehicle{id=1, price=1, brand=AUDI} added to the database
12:36:51.459 [main] DEBUG c.m.f.p.rent.VehicleManagerImpl - Entity Vehicle{id=2, price=2, brand=FORD} added to the database
12:36:51.463 [main] DEBUG c.m.f.p.rent.VehicleManagerImpl - Entity Vehicle{id=3, price=3, brand=RENAULT} added to the database
12:36:51.539 [main] DEBUG c.m.f.p.rent.VehicleManagerImpl - Entity Vehicle{id=1, price=1, brand=AUDI} added to the database
12:36:51.948 [main] DEBUG c.m.f.p.rent.VehicleManagerImpl - Entity Vehicle{id=1, price=2, brand=AUDI} added to the database
12:36:52.024 [main] DEBUG c.m.f.p.rent.VehicleManagerImpl - Entity Vehicle{id=2, price=1, brand=FORD} added to the database
12:36:52.043 [main] DEBUG c.m.f.p.rent.VehicleManagerImpl - Entity Vehicle{id=3, price=4, brand=SKODA} added to the database
12:36:52.234 [main] DEBUG c.m.f.p.rent.VehicleManagerImpl - Entity Vehicle{id=1, price=2, brand=AUDI} added to the database
12:36:52.503 [main] DEBUG c.m.f.p.rent.VehicleManagerImpl - Entity Vehicle{id=1, price=2, brand=AUDI} added to the database
12:36:52.667 [main] DEBUG c.m.f.p.rent.VehicleManagerImpl - Entity Vehicle{id=1, price=2, brand=AUDI} added to the database
12:36:52.748 [main] DEBUG c.m.f.p.rent.VehicleManagerImpl - Entity Vehicle{id=2, price=1, brand=FORD} added to the database
12:36:52.766 [main] DEBUG c.m.f.p.rent.VehicleManagerImpl - Entity Vehicle{id=3, price=4, brand=SKODA} added to the database
12:36:52.874 [main] DEBUG c.m.f.p.rent.VehicleManagerImpl - Entity Vehicle{id=1, price=2, brand=AUDI} added to the database
12:36:52.931 [main] DEBUG c.m.f.p.rent.VehicleManagerImpl - Entity Vehicle{id=2, price=1, brand=FORD} added to the database
12:36:52.948 [main] DEBUG c.m.f.p.rent.VehicleManagerImpl - Entity Vehicle{id=3, price=4, brand=SKODA} added to the database
12:36:53.380 [main] DEBUG c.m.f.p.rent.VehicleManagerImpl - Entity Vehicle{id=1, price=2, brand=AUDI} added to the database
12:36:53.399 [main] DEBUG c.m.f.p.rent.VehicleManagerImpl - Entity Vehicle{id=2, price=1, brand=FORD} added to the database
12:40:27.474 [SwingWorker-pool-1-thread-7] DEBUG c.m.f.p.rent.VehicleManagerImpl - Entity Vehicle{id=11, price=75, brand=FORD} added to the database
13:16:11.204 [main] DEBUG c.m.f.p.rent.VehicleManagerImpl - Entity Vehicle{id=1, price=1, brand=AUDI} added to the database
13:16:11.220 [main] DEBUG c.m.f.p.rent.VehicleManagerImpl - Entity Vehicle{id=2, price=2, brand=FORD} added to the database
13:16:11.225 [main] DEBUG c.m.f.p.rent.VehicleManagerImpl - Entity Vehicle{id=3, price=3, brand=RENAULT} added to the database
13:16:11.241 [main] DEBUG c.m.f.p.rent.VehicleManagerImpl - Entity Vehicle{id=1, price=1, brand=AUDI} removed from the database
13:16:11.751 [main] DEBUG c.m.f.p.rent.VehicleManagerImpl - Entity Vehicle{id=1, price=1, brand=AUDI} added to the database
13:16:11.760 [main] DEBUG c.m.f.p.rent.VehicleManagerImpl - Entity Vehicle{id=2, price=2, brand=FORD} added to the database
13:16:11.781 [main] DEBUG c.m.f.p.rent.VehicleManagerImpl - Entity Vehicle{id=3, price=3, brand=RENAULT} added to the database
13:16:11.872 [main] DEBUG c.m.f.p.rent.VehicleManagerImpl - Entity Vehicle{id=1, price=1, brand=AUDI} added to the database
13:16:11.876 [main] DEBUG c.m.f.p.rent.VehicleManagerImpl - Entity Vehicle{id=2, price=1, brand=AUDI} added to the database
13:16:11.886 [main] DEBUG c.m.f.p.rent.VehicleManagerImpl - Entity Vehicle{id=2, price=1, brand=AUDI} removed from the database
13:16:12.105 [main] DEBUG c.m.f.p.rent.VehicleManagerImpl - Entity Vehicle{id=1, price=1, brand=AUDI} added to the database
13:16:12.267 [main] DEBUG c.m.f.p.rent.VehicleManagerImpl - Entity Vehicle{id=1, price=1, brand=AUDI} added to the database
13:16:12.278 [main] DEBUG c.m.f.p.rent.VehicleManagerImpl - Entity Vehicle{id=2, price=2, brand=FORD} added to the database
13:16:12.386 [main] DEBUG c.m.f.p.rent.VehicleManagerImpl - Entity Vehicle{id=1, price=1, brand=AUDI} added to the database
13:16:12.398 [main] DEBUG c.m.f.p.rent.VehicleManagerImpl - Entity Vehicle{id=2, price=2, brand=FORD} added to the database
13:16:12.402 [main] DEBUG c.m.f.p.rent.VehicleManagerImpl - Entity Vehicle{id=3, price=3, brand=RENAULT} added to the database
13:16:12.605 [main] DEBUG c.m.f.p.rent.VehicleManagerImpl - Entity Vehicle{id=1, price=1, brand=AUDI} added to the database
13:16:12.613 [main] DEBUG c.m.f.p.rent.VehicleManagerImpl - Entity Vehicle{id=2, price=2, brand=FORD} added to the database
13:16:12.616 [main] DEBUG c.m.f.p.rent.VehicleManagerImpl - Entity Vehicle{id=3, price=3, brand=RENAULT} added to the database
13:16:12.731 [main] DEBUG c.m.f.p.rent.VehicleManagerImpl - Entity Vehicle{id=1, price=1, brand=AUDI} added to the database
13:16:13.058 [main] DEBUG c.m.f.p.rent.VehicleManagerImpl - Entity Vehicle{id=1, price=2, brand=AUDI} added to the database
13:16:13.215 [main] DEBUG c.m.f.p.rent.VehicleManagerImpl - Entity Vehicle{id=1, price=2, brand=AUDI} added to the database
13:16:13.394 [main] DEBUG c.m.f.p.rent.VehicleManagerImpl - Entity Vehicle{id=1, price=2, brand=AUDI} added to the database
13:16:13.576 [main] DEBUG c.m.f.p.rent.VehicleManagerImpl - Entity Vehicle{id=1, price=2, brand=AUDI} added to the database
13:16:13.661 [main] DEBUG c.m.f.p.rent.VehicleManagerImpl - Entity Vehicle{id=1, price=2, brand=AUDI} added to the database
13:16:14.073 [main] DEBUG c.m.f.p.rent.VehicleManagerImpl - Entity Vehicle{id=1, price=2, brand=AUDI} added to the database
13:17:22.956 [main] DEBUG c.m.f.p.rent.VehicleManagerImpl - Entity Vehicle{id=1, price=1, brand=AUDI} added to the database
13:17:22.973 [main] DEBUG c.m.f.p.rent.VehicleManagerImpl - Entity Vehicle{id=2, price=2, brand=FORD} added to the database
13:17:22.978 [main] DEBUG c.m.f.p.rent.VehicleManagerImpl - Entity Vehicle{id=3, price=3, brand=RENAULT} added to the database
13:17:22.992 [main] DEBUG c.m.f.p.rent.VehicleManagerImpl - Entity Vehicle{id=1, price=1, brand=AUDI} removed from the database
13:17:23.594 [main] DEBUG c.m.f.p.rent.VehicleManagerImpl - Entity Vehicle{id=1, price=1, brand=AUDI} added to the database
13:17:23.603 [main] DEBUG c.m.f.p.rent.VehicleManagerImpl - Entity Vehicle{id=2, price=2, brand=FORD} added to the database
13:17:23.607 [main] DEBUG c.m.f.p.rent.VehicleManagerImpl - Entity Vehicle{id=3, price=3, brand=RENAULT} added to the database
13:17:23.719 [main] DEBUG c.m.f.p.rent.VehicleManagerImpl - Entity Vehicle{id=1, price=1, brand=AUDI} added to the database
13:17:23.722 [main] DEBUG c.m.f.p.rent.VehicleManagerImpl - Entity Vehicle{id=2, price=1, brand=AUDI} added to the database
13:17:23.733 [main] DEBUG c.m.f.p.rent.VehicleManagerImpl - Entity Vehicle{id=2, price=1, brand=AUDI} removed from the database
13:17:23.888 [main] DEBUG c.m.f.p.rent.VehicleManagerImpl - Entity Vehicle{id=1, price=1, brand=AUDI} added to the database
13:17:24.130 [main] DEBUG c.m.f.p.rent.VehicleManagerImpl - Entity Vehicle{id=1, price=1, brand=AUDI} added to the database
13:17:24.138 [main] DEBUG c.m.f.p.rent.VehicleManagerImpl - Entity Vehicle{id=2, price=2, brand=FORD} added to the database
13:17:24.222 [main] DEBUG c.m.f.p.rent.VehicleManagerImpl - Entity Vehicle{id=1, price=1, brand=AUDI} added to the database
13:17:24.235 [main] DEBUG c.m.f.p.rent.VehicleManagerImpl - Entity Vehicle{id=2, price=2, brand=FORD} added to the database
13:17:24.239 [main] DEBUG c.m.f.p.rent.VehicleManagerImpl - Entity Vehicle{id=3, price=3, brand=RENAULT} added to the database
13:17:24.481 [main] DEBUG c.m.f.p.rent.VehicleManagerImpl - Entity Vehicle{id=1, price=1, brand=AUDI} added to the database
13:17:24.487 [main] DEBUG c.m.f.p.rent.VehicleManagerImpl - Entity Vehicle{id=2, price=2, brand=FORD} added to the database
13:17:24.490 [main] DEBUG c.m.f.p.rent.VehicleManagerImpl - Entity Vehicle{id=3, price=3, brand=RENAULT} added to the database
13:17:24.564 [main] DEBUG c.m.f.p.rent.VehicleManagerImpl - Entity Vehicle{id=1, price=1, brand=AUDI} added to the database
13:17:24.936 [main] DEBUG c.m.f.p.rent.VehicleManagerImpl - Entity Vehicle{id=1, price=2, brand=AUDI} added to the database
13:17:24.987 [main] DEBUG c.m.f.p.rent.VehicleManagerImpl - Entity Vehicle{id=2, price=1, brand=FORD} added to the database
13:17:25.003 [main] DEBUG c.m.f.p.rent.VehicleManagerImpl - Entity Vehicle{id=3, price=4, brand=SKODA} added to the database
13:17:25.098 [main] DEBUG c.m.f.p.rent.VehicleManagerImpl - Entity Vehicle{id=1, price=2, brand=AUDI} added to the database
13:17:25.246 [main] DEBUG c.m.f.p.rent.VehicleManagerImpl - Entity Vehicle{id=1, price=2, brand=AUDI} added to the database
13:17:25.468 [main] DEBUG c.m.f.p.rent.VehicleManagerImpl - Entity Vehicle{id=1, price=2, brand=AUDI} added to the database
13:17:25.535 [main] DEBUG c.m.f.p.rent.VehicleManagerImpl - Entity Vehicle{id=2, price=1, brand=FORD} added to the database
13:17:25.553 [main] DEBUG c.m.f.p.rent.VehicleManagerImpl - Entity Vehicle{id=3, price=4, brand=SKODA} added to the database
13:17:25.650 [main] DEBUG c.m.f.p.rent.VehicleManagerImpl - Entity Vehicle{id=1, price=2, brand=AUDI} added to the database
13:17:25.729 [main] DEBUG c.m.f.p.rent.VehicleManagerImpl - Entity Vehicle{id=2, price=1, brand=FORD} added to the database
13:17:25.751 [main] DEBUG c.m.f.p.rent.VehicleManagerImpl - Entity Vehicle{id=3, price=4, brand=SKODA} added to the database
13:17:26.124 [main] DEBUG c.m.f.p.rent.VehicleManagerImpl - Entity Vehicle{id=1, price=2, brand=AUDI} added to the database
13:17:26.144 [main] DEBUG c.m.f.p.rent.VehicleManagerImpl - Entity Vehicle{id=2, price=1, brand=FORD} added to the database
13:21:39.138 [SwingWorker-pool-1-thread-8] DEBUG c.m.f.p.rent.VehicleManagerImpl - Entity Vehicle{id=12, price=800.0000, brand=RENAULT} added to the database
13:42:39.717 [main] DEBUG c.m.f.p.rent.VehicleManagerImpl - Entity Vehicle{id=1, price=1, brand=AUDI} added to the database
13:42:39.741 [main] DEBUG c.m.f.p.rent.VehicleManagerImpl - Entity Vehicle{id=2, price=2, brand=FORD} added to the database
13:42:39.747 [main] DEBUG c.m.f.p.rent.VehicleManagerImpl - Entity Vehicle{id=3, price=3, brand=RENAULT} added to the database
13:42:39.765 [main] DEBUG c.m.f.p.rent.VehicleManagerImpl - Entity Vehicle{id=1, price=1, brand=AUDI} removed from the database
13:42:40.358 [main] DEBUG c.m.f.p.rent.VehicleManagerImpl - Entity Vehicle{id=1, price=1, brand=AUDI} added to the database
13:42:40.367 [main] DEBUG c.m.f.p.rent.VehicleManagerImpl - Entity Vehicle{id=2, price=2, brand=FORD} added to the database
13:42:40.381 [main] DEBUG c.m.f.p.rent.VehicleManagerImpl - Entity Vehicle{id=3, price=3, brand=RENAULT} added to the database
13:42:40.518 [main] DEBUG c.m.f.p.rent.VehicleManagerImpl - Entity Vehicle{id=1, price=1, brand=AUDI} added to the database
13:42:40.520 [main] DEBUG c.m.f.p.rent.VehicleManagerImpl - Entity Vehicle{id=2, price=1, brand=AUDI} added to the database
13:42:40.534 [main] DEBUG c.m.f.p.rent.VehicleManagerImpl - Entity Vehicle{id=2, price=1, brand=AUDI} removed from the database
13:42:40.669 [main] DEBUG c.m.f.p.rent.VehicleManagerImpl - Entity Vehicle{id=1, price=1, brand=AUDI} added to the database
13:42:40.836 [main] DEBUG c.m.f.p.rent.VehicleManagerImpl - Entity Vehicle{id=1, price=1, brand=AUDI} added to the database
13:42:40.845 [main] DEBUG c.m.f.p.rent.VehicleManagerImpl - Entity Vehicle{id=2, price=2, brand=FORD} added to the database
13:42:40.929 [main] DEBUG c.m.f.p.rent.VehicleManagerImpl - Entity Vehicle{id=1, price=1, brand=AUDI} added to the database
13:42:40.942 [main] DEBUG c.m.f.p.rent.VehicleManagerImpl - Entity Vehicle{id=2, price=2, brand=FORD} added to the database
13:42:40.947 [main] DEBUG c.m.f.p.rent.VehicleManagerImpl - Entity Vehicle{id=3, price=3, brand=RENAULT} added to the database
13:42:41.172 [main] DEBUG c.m.f.p.rent.VehicleManagerImpl - Entity Vehicle{id=1, price=1, brand=AUDI} added to the database
13:42:41.189 [main] DEBUG c.m.f.p.rent.VehicleManagerImpl - Entity Vehicle{id=2, price=2, brand=FORD} added to the database
13:42:41.193 [main] DEBUG c.m.f.p.rent.VehicleManagerImpl - Entity Vehicle{id=3, price=3, brand=RENAULT} added to the database
13:42:41.277 [main] DEBUG c.m.f.p.rent.VehicleManagerImpl - Entity Vehicle{id=1, price=1, brand=AUDI} added to the database
13:42:41.607 [main] DEBUG c.m.f.p.rent.VehicleManagerImpl - Entity Vehicle{id=1, price=2, brand=AUDI} added to the database
13:42:41.677 [main] DEBUG c.m.f.p.rent.VehicleManagerImpl - Entity Vehicle{id=2, price=1, brand=FORD} added to the database
13:42:41.694 [main] DEBUG c.m.f.p.rent.VehicleManagerImpl - Entity Vehicle{id=3, price=4, brand=SKODA} added to the database
13:42:41.797 [main] DEBUG c.m.f.p.rent.VehicleManagerImpl - Entity Vehicle{id=1, price=2, brand=AUDI} added to the database
13:42:41.981 [main] DEBUG c.m.f.p.rent.VehicleManagerImpl - Entity Vehicle{id=1, price=2, brand=AUDI} added to the database
13:42:42.180 [main] DEBUG c.m.f.p.rent.VehicleManagerImpl - Entity Vehicle{id=1, price=2, brand=AUDI} added to the database
13:42:42.229 [main] DEBUG c.m.f.p.rent.VehicleManagerImpl - Entity Vehicle{id=2, price=1, brand=FORD} added to the database
13:42:42.246 [main] DEBUG c.m.f.p.rent.VehicleManagerImpl - Entity Vehicle{id=3, price=4, brand=SKODA} added to the database
13:42:42.355 [main] DEBUG c.m.f.p.rent.VehicleManagerImpl - Entity Vehicle{id=1, price=2, brand=AUDI} added to the database
13:42:42.406 [main] DEBUG c.m.f.p.rent.VehicleManagerImpl - Entity Vehicle{id=2, price=1, brand=FORD} added to the database
13:42:42.453 [main] DEBUG c.m.f.p.rent.VehicleManagerImpl - Entity Vehicle{id=3, price=4, brand=SKODA} added to the database
13:42:42.901 [main] DEBUG c.m.f.p.rent.VehicleManagerImpl - Entity Vehicle{id=1, price=2, brand=AUDI} added to the database
13:42:42.920 [main] DEBUG c.m.f.p.rent.VehicleManagerImpl - Entity Vehicle{id=2, price=1, brand=FORD} added to the database
13:49:27.534 [SwingWorker-pool-1-thread-1] DEBUG c.m.f.p.rent.VehicleManagerImpl - Entity Vehicle{id=13, price=5500, brand=FORD} added to the database
13:49:33.054 [SwingWorker-pool-1-thread-3] DEBUG c.m.f.p.rent.VehicleManagerImpl - Entity Vehicle{id=10, price=950.0000, brand=VOLKSWAGEN} removed from the database
13:49:34.132 [SwingWorker-pool-1-thread-5] WARN  c.m.f.p.rent.VehicleManagerImpl - Error when deleting from database. You must delete all reservation using this entity first.
java.sql.SQLIntegrityConstraintViolationException: DELETE on table 'VEHICLE' caused a violation of foreign key constraint 'RESERVATION_VEHICLE_FK' for key (4).  The statement has been rolled back.
	at org.apache.derby.client.am.SQLExceptionFactory40.getSQLException(Unknown Source) ~[derbyclient-10.10.1.1.jar:na]
	at org.apache.derby.client.am.SqlException.getSQLException(Unknown Source) ~[derbyclient-10.10.1.1.jar:na]
	at org.apache.derby.client.am.PreparedStatement.executeUpdate(Unknown Source) ~[derbyclient-10.10.1.1.jar:na]
	at org.apache.tomcat.dbcp.dbcp2.DelegatingPreparedStatement.executeUpdate(DelegatingPreparedStatement.java:97) ~[tomcat-dbcp-8.0.5.jar:8.0.5]
	at org.apache.tomcat.dbcp.dbcp2.DelegatingPreparedStatement.executeUpdate(DelegatingPreparedStatement.java:97) ~[tomcat-dbcp-8.0.5.jar:8.0.5]
	at cz.muni.fi.pv168.rent.VehicleManagerImpl.deleteVehicle(VehicleManagerImpl.java:135) ~[classes/:na]
	at cz.muni.fi.pv168.rent.MainWindow$VehicleTableModel.deleteVehicle(MainWindow.java:1267) [classes/:na]
	at cz.muni.fi.pv168.rent.MainWindow$21.doInBackground(MainWindow.java:709) [classes/:na]
	at cz.muni.fi.pv168.rent.MainWindow$21.doInBackground(MainWindow.java:701) [classes/:na]
	at javax.swing.SwingWorker$1.call(SwingWorker.java:296) [na:1.7.0_79]
	at java.util.concurrent.FutureTask.run(FutureTask.java:262) [na:1.7.0_79]
	at javax.swing.SwingWorker.run(SwingWorker.java:335) [na:1.7.0_79]
	at java.util.concurrent.ThreadPoolExecutor.runWorker(ThreadPoolExecutor.java:1145) [na:1.7.0_79]
	at java.util.concurrent.ThreadPoolExecutor$Worker.run(ThreadPoolExecutor.java:615) [na:1.7.0_79]
	at java.lang.Thread.run(Thread.java:745) [na:1.7.0_79]
Caused by: org.apache.derby.client.am.SqlException: DELETE on table 'VEHICLE' caused a violation of foreign key constraint 'RESERVATION_VEHICLE_FK' for key (4).  The statement has been rolled back.
	at org.apache.derby.client.am.Statement.completeExecute(Unknown Source) ~[derbyclient-10.10.1.1.jar:na]
	at org.apache.derby.client.net.NetStatementReply.parseEXCSQLSTTreply(Unknown Source) ~[derbyclient-10.10.1.1.jar:na]
	at org.apache.derby.client.net.NetStatementReply.readExecute(Unknown Source) ~[derbyclient-10.10.1.1.jar:na]
	at org.apache.derby.client.net.StatementReply.readExecute(Unknown Source) ~[derbyclient-10.10.1.1.jar:na]
	at org.apache.derby.client.net.NetPreparedStatement.readExecute_(Unknown Source) ~[derbyclient-10.10.1.1.jar:na]
	at org.apache.derby.client.am.PreparedStatement.readExecute(Unknown Source) ~[derbyclient-10.10.1.1.jar:na]
	at org.apache.derby.client.am.PreparedStatement.flowExecute(Unknown Source) ~[derbyclient-10.10.1.1.jar:na]
	at org.apache.derby.client.am.PreparedStatement.executeUpdateX(Unknown Source) ~[derbyclient-10.10.1.1.jar:na]
	... 13 common frames omitted
13:49:41.080 [SwingWorker-pool-1-thread-8] DEBUG c.m.f.p.rent.VehicleManagerImpl - Entity Vehicle{id=5, price=200.0000, brand=SKODA} removed from the database
14:36:26.226 [main] DEBUG c.m.f.p.rent.VehicleManagerImpl - Entity Vehicle{id=1, price=1, brand=AUDI} added to the database
14:36:26.267 [main] DEBUG c.m.f.p.rent.VehicleManagerImpl - Entity Vehicle{id=2, price=2, brand=FORD} added to the database
14:36:26.284 [main] DEBUG c.m.f.p.rent.VehicleManagerImpl - Entity Vehicle{id=3, price=3, brand=RENAULT} added to the database
14:36:26.308 [main] DEBUG c.m.f.p.rent.VehicleManagerImpl - Entity Vehicle{id=1, price=1, brand=AUDI} removed from the database
14:36:27.257 [main] DEBUG c.m.f.p.rent.VehicleManagerImpl - Entity Vehicle{id=1, price=1, brand=AUDI} added to the database
14:36:27.282 [main] DEBUG c.m.f.p.rent.VehicleManagerImpl - Entity Vehicle{id=2, price=2, brand=FORD} added to the database
14:36:27.303 [main] DEBUG c.m.f.p.rent.VehicleManagerImpl - Entity Vehicle{id=3, price=3, brand=RENAULT} added to the database
14:36:27.843 [main] DEBUG c.m.f.p.rent.VehicleManagerImpl - Entity Vehicle{id=1, price=1, brand=AUDI} added to the database
14:36:27.852 [main] DEBUG c.m.f.p.rent.VehicleManagerImpl - Entity Vehicle{id=2, price=1, brand=AUDI} added to the database
14:36:27.877 [main] DEBUG c.m.f.p.rent.VehicleManagerImpl - Entity Vehicle{id=2, price=1, brand=AUDI} removed from the database
14:36:28.097 [main] DEBUG c.m.f.p.rent.VehicleManagerImpl - Entity Vehicle{id=1, price=1, brand=AUDI} added to the database
14:36:28.546 [main] DEBUG c.m.f.p.rent.VehicleManagerImpl - Entity Vehicle{id=1, price=1, brand=AUDI} added to the database
14:36:28.556 [main] DEBUG c.m.f.p.rent.VehicleManagerImpl - Entity Vehicle{id=2, price=2, brand=FORD} added to the database
14:36:28.706 [main] DEBUG c.m.f.p.rent.VehicleManagerImpl - Entity Vehicle{id=1, price=1, brand=AUDI} added to the database
14:36:28.728 [main] DEBUG c.m.f.p.rent.VehicleManagerImpl - Entity Vehicle{id=2, price=2, brand=FORD} added to the database
14:36:28.733 [main] DEBUG c.m.f.p.rent.VehicleManagerImpl - Entity Vehicle{id=3, price=3, brand=RENAULT} added to the database
14:36:29.056 [main] DEBUG c.m.f.p.rent.VehicleManagerImpl - Entity Vehicle{id=1, price=1, brand=AUDI} added to the database
14:36:29.075 [main] DEBUG c.m.f.p.rent.VehicleManagerImpl - Entity Vehicle{id=2, price=2, brand=FORD} added to the database
14:36:29.082 [main] DEBUG c.m.f.p.rent.VehicleManagerImpl - Entity Vehicle{id=3, price=3, brand=RENAULT} added to the database
14:36:29.386 [main] DEBUG c.m.f.p.rent.VehicleManagerImpl - Entity Vehicle{id=1, price=1, brand=AUDI} added to the database
14:36:30.116 [main] DEBUG c.m.f.p.rent.VehicleManagerImpl - Entity Vehicle{id=1, price=2, brand=AUDI} added to the database
14:36:30.184 [main] DEBUG c.m.f.p.rent.VehicleManagerImpl - Entity Vehicle{id=2, price=1, brand=FORD} added to the database
14:36:30.207 [main] DEBUG c.m.f.p.rent.VehicleManagerImpl - Entity Vehicle{id=3, price=4, brand=SKODA} added to the database
14:36:30.365 [main] DEBUG c.m.f.p.rent.VehicleManagerImpl - Entity Vehicle{id=1, price=2, brand=AUDI} added to the database
14:36:30.668 [main] DEBUG c.m.f.p.rent.VehicleManagerImpl - Entity Vehicle{id=1, price=2, brand=AUDI} added to the database
14:36:30.870 [main] DEBUG c.m.f.p.rent.VehicleManagerImpl - Entity Vehicle{id=1, price=2, brand=AUDI} added to the database
14:36:31.034 [main] DEBUG c.m.f.p.rent.VehicleManagerImpl - Entity Vehicle{id=2, price=1, brand=FORD} added to the database
14:36:31.056 [main] DEBUG c.m.f.p.rent.VehicleManagerImpl - Entity Vehicle{id=3, price=4, brand=SKODA} added to the database
14:36:31.252 [main] DEBUG c.m.f.p.rent.VehicleManagerImpl - Entity Vehicle{id=1, price=2, brand=AUDI} added to the database
14:36:31.462 [main] DEBUG c.m.f.p.rent.VehicleManagerImpl - Entity Vehicle{id=2, price=1, brand=FORD} added to the database
14:36:31.494 [main] DEBUG c.m.f.p.rent.VehicleManagerImpl - Entity Vehicle{id=3, price=4, brand=SKODA} added to the database
14:36:31.986 [main] DEBUG c.m.f.p.rent.VehicleManagerImpl - Entity Vehicle{id=1, price=2, brand=AUDI} added to the database
14:36:32.128 [main] DEBUG c.m.f.p.rent.VehicleManagerImpl - Entity Vehicle{id=2, price=1, brand=FORD} added to the database
14:46:20.147 [main] DEBUG c.m.f.p.rent.VehicleManagerImpl - Entity Vehicle{id=1, price=1, brand=AUDI} added to the database
14:46:20.237 [main] DEBUG c.m.f.p.rent.VehicleManagerImpl - Entity Vehicle{id=2, price=2, brand=FORD} added to the database
14:46:20.252 [main] DEBUG c.m.f.p.rent.VehicleManagerImpl - Entity Vehicle{id=3, price=3, brand=RENAULT} added to the database
14:46:20.284 [main] DEBUG c.m.f.p.rent.VehicleManagerImpl - Entity Vehicle{id=1, price=1, brand=AUDI} removed from the database
14:46:21.296 [main] DEBUG c.m.f.p.rent.VehicleManagerImpl - Entity Vehicle{id=1, price=1, brand=AUDI} added to the database
14:46:21.328 [main] DEBUG c.m.f.p.rent.VehicleManagerImpl - Entity Vehicle{id=2, price=2, brand=FORD} added to the database
14:46:21.334 [main] DEBUG c.m.f.p.rent.VehicleManagerImpl - Entity Vehicle{id=3, price=3, brand=RENAULT} added to the database
14:46:21.657 [main] DEBUG c.m.f.p.rent.VehicleManagerImpl - Entity Vehicle{id=1, price=1, brand=AUDI} added to the database
14:46:21.660 [main] DEBUG c.m.f.p.rent.VehicleManagerImpl - Entity Vehicle{id=2, price=1, brand=AUDI} added to the database
14:46:21.754 [main] DEBUG c.m.f.p.rent.VehicleManagerImpl - Entity Vehicle{id=2, price=1, brand=AUDI} removed from the database
14:46:22.006 [main] DEBUG c.m.f.p.rent.VehicleManagerImpl - Entity Vehicle{id=1, price=1, brand=AUDI} added to the database
14:46:22.517 [main] DEBUG c.m.f.p.rent.VehicleManagerImpl - Entity Vehicle{id=1, price=1, brand=AUDI} added to the database
14:46:22.532 [main] DEBUG c.m.f.p.rent.VehicleManagerImpl - Entity Vehicle{id=2, price=2, brand=FORD} added to the database
14:46:22.632 [main] DEBUG c.m.f.p.rent.VehicleManagerImpl - Entity Vehicle{id=1, price=1, brand=AUDI} added to the database
14:46:22.647 [main] DEBUG c.m.f.p.rent.VehicleManagerImpl - Entity Vehicle{id=2, price=2, brand=FORD} added to the database
14:46:22.651 [main] DEBUG c.m.f.p.rent.VehicleManagerImpl - Entity Vehicle{id=3, price=3, brand=RENAULT} added to the database
14:46:22.918 [main] DEBUG c.m.f.p.rent.VehicleManagerImpl - Entity Vehicle{id=1, price=1, brand=AUDI} added to the database
14:46:22.927 [main] DEBUG c.m.f.p.rent.VehicleManagerImpl - Entity Vehicle{id=2, price=2, brand=FORD} added to the database
14:46:22.930 [main] DEBUG c.m.f.p.rent.VehicleManagerImpl - Entity Vehicle{id=3, price=3, brand=RENAULT} added to the database
14:46:23.021 [main] DEBUG c.m.f.p.rent.VehicleManagerImpl - Entity Vehicle{id=1, price=1, brand=AUDI} added to the database
14:46:23.458 [main] DEBUG c.m.f.p.rent.VehicleManagerImpl - Entity Vehicle{id=1, price=2, brand=AUDI} added to the database
14:46:23.800 [main] DEBUG c.m.f.p.rent.VehicleManagerImpl - Entity Vehicle{id=2, price=1, brand=FORD} added to the database
14:46:23.832 [main] DEBUG c.m.f.p.rent.VehicleManagerImpl - Entity Vehicle{id=3, price=4, brand=SKODA} added to the database
14:46:23.975 [main] DEBUG c.m.f.p.rent.VehicleManagerImpl - Entity Vehicle{id=1, price=2, brand=AUDI} added to the database
14:46:24.327 [main] DEBUG c.m.f.p.rent.VehicleManagerImpl - Entity Vehicle{id=1, price=2, brand=AUDI} added to the database
14:46:25.098 [main] DEBUG c.m.f.p.rent.VehicleManagerImpl - Entity Vehicle{id=1, price=2, brand=AUDI} added to the database
14:46:25.197 [main] DEBUG c.m.f.p.rent.VehicleManagerImpl - Entity Vehicle{id=2, price=1, brand=FORD} added to the database
14:46:25.242 [main] DEBUG c.m.f.p.rent.VehicleManagerImpl - Entity Vehicle{id=3, price=4, brand=SKODA} added to the database
14:46:25.406 [main] DEBUG c.m.f.p.rent.VehicleManagerImpl - Entity Vehicle{id=1, price=2, brand=AUDI} added to the database
14:46:25.548 [main] DEBUG c.m.f.p.rent.VehicleManagerImpl - Entity Vehicle{id=2, price=1, brand=FORD} added to the database
14:46:25.578 [main] DEBUG c.m.f.p.rent.VehicleManagerImpl - Entity Vehicle{id=3, price=4, brand=SKODA} added to the database
14:46:26.160 [main] DEBUG c.m.f.p.rent.VehicleManagerImpl - Entity Vehicle{id=1, price=2, brand=AUDI} added to the database
14:46:26.227 [main] DEBUG c.m.f.p.rent.VehicleManagerImpl - Entity Vehicle{id=2, price=1, brand=FORD} added to the database
14:49:59.106 [main] DEBUG c.m.f.p.rent.VehicleManagerImpl - Entity Vehicle{id=1, price=1, brand=AUDI} added to the database
14:49:59.216 [main] DEBUG c.m.f.p.rent.VehicleManagerImpl - Entity Vehicle{id=2, price=2, brand=FORD} added to the database
14:49:59.267 [main] DEBUG c.m.f.p.rent.VehicleManagerImpl - Entity Vehicle{id=3, price=3, brand=RENAULT} added to the database
14:49:59.414 [main] DEBUG c.m.f.p.rent.VehicleManagerImpl - Entity Vehicle{id=1, price=1, brand=AUDI} removed from the database
14:50:00.132 [main] DEBUG c.m.f.p.rent.VehicleManagerImpl - Entity Vehicle{id=1, price=1, brand=AUDI} added to the database
14:50:00.142 [main] DEBUG c.m.f.p.rent.VehicleManagerImpl - Entity Vehicle{id=2, price=2, brand=FORD} added to the database
14:50:00.146 [main] DEBUG c.m.f.p.rent.VehicleManagerImpl - Entity Vehicle{id=3, price=3, brand=RENAULT} added to the database
14:50:00.298 [main] DEBUG c.m.f.p.rent.VehicleManagerImpl - Entity Vehicle{id=1, price=1, brand=AUDI} added to the database
14:50:00.300 [main] DEBUG c.m.f.p.rent.VehicleManagerImpl - Entity Vehicle{id=2, price=1, brand=AUDI} added to the database
14:50:00.329 [main] DEBUG c.m.f.p.rent.VehicleManagerImpl - Entity Vehicle{id=2, price=1, brand=AUDI} removed from the database
14:50:00.462 [main] DEBUG c.m.f.p.rent.VehicleManagerImpl - Entity Vehicle{id=1, price=1, brand=AUDI} added to the database
14:50:00.770 [main] DEBUG c.m.f.p.rent.VehicleManagerImpl - Entity Vehicle{id=1, price=1, brand=AUDI} added to the database
14:50:00.846 [main] DEBUG c.m.f.p.rent.VehicleManagerImpl - Entity Vehicle{id=2, price=2, brand=FORD} added to the database
14:50:01.301 [main] DEBUG c.m.f.p.rent.VehicleManagerImpl - Entity Vehicle{id=1, price=1, brand=AUDI} added to the database
14:50:01.370 [main] DEBUG c.m.f.p.rent.VehicleManagerImpl - Entity Vehicle{id=2, price=2, brand=FORD} added to the database
14:50:01.378 [main] DEBUG c.m.f.p.rent.VehicleManagerImpl - Entity Vehicle{id=3, price=3, brand=RENAULT} added to the database
14:50:01.687 [main] DEBUG c.m.f.p.rent.VehicleManagerImpl - Entity Vehicle{id=1, price=1, brand=AUDI} added to the database
14:50:01.695 [main] DEBUG c.m.f.p.rent.VehicleManagerImpl - Entity Vehicle{id=2, price=2, brand=FORD} added to the database
14:50:01.701 [main] DEBUG c.m.f.p.rent.VehicleManagerImpl - Entity Vehicle{id=3, price=3, brand=RENAULT} added to the database
14:50:01.785 [main] DEBUG c.m.f.p.rent.VehicleManagerImpl - Entity Vehicle{id=1, price=1, brand=AUDI} added to the database
14:50:02.399 [main] DEBUG c.m.f.p.rent.VehicleManagerImpl - Entity Vehicle{id=1, price=2, brand=AUDI} added to the database
14:50:02.490 [main] DEBUG c.m.f.p.rent.VehicleManagerImpl - Entity Vehicle{id=2, price=1, brand=FORD} added to the database
14:50:02.528 [main] DEBUG c.m.f.p.rent.VehicleManagerImpl - Entity Vehicle{id=3, price=4, brand=SKODA} added to the database
14:50:02.882 [main] DEBUG c.m.f.p.rent.VehicleManagerImpl - Entity Vehicle{id=1, price=2, brand=AUDI} added to the database
14:50:03.127 [main] DEBUG c.m.f.p.rent.VehicleManagerImpl - Entity Vehicle{id=1, price=2, brand=AUDI} added to the database
14:50:03.430 [main] DEBUG c.m.f.p.rent.VehicleManagerImpl - Entity Vehicle{id=1, price=2, brand=AUDI} added to the database
14:50:03.505 [main] DEBUG c.m.f.p.rent.VehicleManagerImpl - Entity Vehicle{id=2, price=1, brand=FORD} added to the database
14:50:03.526 [main] DEBUG c.m.f.p.rent.VehicleManagerImpl - Entity Vehicle{id=3, price=4, brand=SKODA} added to the database
14:50:03.685 [main] DEBUG c.m.f.p.rent.VehicleManagerImpl - Entity Vehicle{id=1, price=2, brand=AUDI} added to the database
14:50:03.780 [main] DEBUG c.m.f.p.rent.VehicleManagerImpl - Entity Vehicle{id=2, price=1, brand=FORD} added to the database
14:50:03.802 [main] DEBUG c.m.f.p.rent.VehicleManagerImpl - Entity Vehicle{id=3, price=4, brand=SKODA} added to the database
14:50:04.321 [main] DEBUG c.m.f.p.rent.VehicleManagerImpl - Entity Vehicle{id=1, price=2, brand=AUDI} added to the database
14:50:04.384 [main] DEBUG c.m.f.p.rent.VehicleManagerImpl - Entity Vehicle{id=2, price=1, brand=FORD} added to the database
14:55:53.184 [main] DEBUG c.m.f.p.rent.VehicleManagerImpl - Entity Vehicle{id=1, price=1, brand=AUDI} added to the database
14:55:53.202 [main] DEBUG c.m.f.p.rent.VehicleManagerImpl - Entity Vehicle{id=2, price=2, brand=FORD} added to the database
14:55:53.208 [main] DEBUG c.m.f.p.rent.VehicleManagerImpl - Entity Vehicle{id=3, price=3, brand=RENAULT} added to the database
14:55:53.222 [main] DEBUG c.m.f.p.rent.VehicleManagerImpl - Entity Vehicle{id=1, price=1, brand=AUDI} removed from the database
14:55:54.295 [main] DEBUG c.m.f.p.rent.VehicleManagerImpl - Entity Vehicle{id=1, price=1, brand=AUDI} added to the database
14:55:54.320 [main] DEBUG c.m.f.p.rent.VehicleManagerImpl - Entity Vehicle{id=2, price=2, brand=FORD} added to the database
14:55:54.328 [main] DEBUG c.m.f.p.rent.VehicleManagerImpl - Entity Vehicle{id=3, price=3, brand=RENAULT} added to the database
14:55:54.650 [main] DEBUG c.m.f.p.rent.VehicleManagerImpl - Entity Vehicle{id=1, price=1, brand=AUDI} added to the database
14:55:54.652 [main] DEBUG c.m.f.p.rent.VehicleManagerImpl - Entity Vehicle{id=2, price=1, brand=AUDI} added to the database
14:55:54.670 [main] DEBUG c.m.f.p.rent.VehicleManagerImpl - Entity Vehicle{id=2, price=1, brand=AUDI} removed from the database
14:55:54.848 [main] DEBUG c.m.f.p.rent.VehicleManagerImpl - Entity Vehicle{id=1, price=1, brand=AUDI} added to the database
14:55:55.107 [main] DEBUG c.m.f.p.rent.VehicleManagerImpl - Entity Vehicle{id=1, price=1, brand=AUDI} added to the database
14:55:55.123 [main] DEBUG c.m.f.p.rent.VehicleManagerImpl - Entity Vehicle{id=2, price=2, brand=FORD} added to the database
14:55:55.265 [main] DEBUG c.m.f.p.rent.VehicleManagerImpl - Entity Vehicle{id=1, price=1, brand=AUDI} added to the database
14:55:55.279 [main] DEBUG c.m.f.p.rent.VehicleManagerImpl - Entity Vehicle{id=2, price=2, brand=FORD} added to the database
14:55:55.285 [main] DEBUG c.m.f.p.rent.VehicleManagerImpl - Entity Vehicle{id=3, price=3, brand=RENAULT} added to the database
14:55:55.604 [main] DEBUG c.m.f.p.rent.VehicleManagerImpl - Entity Vehicle{id=1, price=1, brand=AUDI} added to the database
14:55:55.616 [main] DEBUG c.m.f.p.rent.VehicleManagerImpl - Entity Vehicle{id=2, price=2, brand=FORD} added to the database
14:55:55.624 [main] DEBUG c.m.f.p.rent.VehicleManagerImpl - Entity Vehicle{id=3, price=3, brand=RENAULT} added to the database
14:55:55.771 [main] DEBUG c.m.f.p.rent.VehicleManagerImpl - Entity Vehicle{id=1, price=1, brand=AUDI} added to the database
14:55:56.250 [main] DEBUG c.m.f.p.rent.VehicleManagerImpl - Entity Vehicle{id=1, price=2, brand=AUDI} added to the database
14:55:56.321 [main] DEBUG c.m.f.p.rent.VehicleManagerImpl - Entity Vehicle{id=2, price=1, brand=FORD} added to the database
14:55:56.357 [main] DEBUG c.m.f.p.rent.VehicleManagerImpl - Entity Vehicle{id=3, price=4, brand=SKODA} added to the database
14:55:56.527 [main] DEBUG c.m.f.p.rent.VehicleManagerImpl - Entity Vehicle{id=1, price=2, brand=AUDI} added to the database
14:55:56.658 [main] DEBUG c.m.f.p.rent.VehicleManagerImpl - Entity Vehicle{id=1, price=2, brand=AUDI} added to the database
14:55:56.890 [main] DEBUG c.m.f.p.rent.VehicleManagerImpl - Entity Vehicle{id=1, price=2, brand=AUDI} added to the database
14:55:56.952 [main] DEBUG c.m.f.p.rent.VehicleManagerImpl - Entity Vehicle{id=2, price=1, brand=FORD} added to the database
14:55:56.999 [main] DEBUG c.m.f.p.rent.VehicleManagerImpl - Entity Vehicle{id=3, price=4, brand=SKODA} added to the database
14:55:57.717 [main] DEBUG c.m.f.p.rent.VehicleManagerImpl - Entity Vehicle{id=1, price=2, brand=AUDI} added to the database
14:55:58.069 [main] DEBUG c.m.f.p.rent.VehicleManagerImpl - Entity Vehicle{id=2, price=1, brand=FORD} added to the database
14:55:58.203 [main] DEBUG c.m.f.p.rent.VehicleManagerImpl - Entity Vehicle{id=3, price=4, brand=SKODA} added to the database
14:55:58.860 [main] DEBUG c.m.f.p.rent.VehicleManagerImpl - Entity Vehicle{id=1, price=2, brand=AUDI} added to the database
14:55:58.902 [main] DEBUG c.m.f.p.rent.VehicleManagerImpl - Entity Vehicle{id=2, price=1, brand=FORD} added to the database
