11:32:41.112 [main] WARN  cz.muni.fi.pv168.rent.Error - Error execution script : {}file:/home/rs/programming/pv168/pr/rentFinal/target/classes/createTables.sql
java.sql.SQLException: Cannot create PoolableConnectionFactory (java.net.ConnectException : Error connecting to server localhost on port 1527 with message Connection refused.)
	at org.apache.tomcat.dbcp.dbcp2.BasicDataSource.createPoolableConnectionFactory(BasicDataSource.java:2152) ~[tomcat-dbcp-8.0.5.jar:8.0.5]
	at org.apache.tomcat.dbcp.dbcp2.BasicDataSource.createDataSource(BasicDataSource.java:1903) ~[tomcat-dbcp-8.0.5.jar:8.0.5]
	at org.apache.tomcat.dbcp.dbcp2.BasicDataSource.getConnection(BasicDataSource.java:1413) ~[tomcat-dbcp-8.0.5.jar:8.0.5]
	at cz.muni.fi.pv168.rent.DBUtils.executeSqlScript(DBUtils.java:325) ~[classes/:na]
	at cz.muni.fi.pv168.rent.MainWindow.main(MainWindow.java:1104) [classes/:na]
Caused by: java.sql.SQLNonTransientConnectionException: java.net.ConnectException : Error connecting to server localhost on port 1527 with message Connection refused.
	at org.apache.derby.client.am.SQLExceptionFactory40.getSQLException(Unknown Source) ~[derbyclient-10.10.1.1.jar:na]
	at org.apache.derby.client.am.SqlException.getSQLException(Unknown Source) ~[derbyclient-10.10.1.1.jar:na]
	at org.apache.derby.jdbc.ClientDriver.connect(Unknown Source) ~[derbyclient-10.10.1.1.jar:na]
	at org.apache.tomcat.dbcp.dbcp2.DriverConnectionFactory.createConnection(DriverConnectionFactory.java:39) ~[tomcat-dbcp-8.0.5.jar:8.0.5]
	at org.apache.tomcat.dbcp.dbcp2.PoolableConnectionFactory.makeObject(PoolableConnectionFactory.java:205) ~[tomcat-dbcp-8.0.5.jar:8.0.5]
	at org.apache.tomcat.dbcp.dbcp2.BasicDataSource.validateConnectionFactory(BasicDataSource.java:2162) ~[tomcat-dbcp-8.0.5.jar:8.0.5]
	at org.apache.tomcat.dbcp.dbcp2.BasicDataSource.createPoolableConnectionFactory(BasicDataSource.java:2148) ~[tomcat-dbcp-8.0.5.jar:8.0.5]
	... 4 common frames omitted
Caused by: org.apache.derby.client.am.DisconnectException: java.net.ConnectException : Error connecting to server localhost on port 1527 with message Connection refused.
	at org.apache.derby.client.net.NetAgent.<init>(Unknown Source) ~[derbyclient-10.10.1.1.jar:na]
	at org.apache.derby.client.net.NetConnection.newAgent_(Unknown Source) ~[derbyclient-10.10.1.1.jar:na]
	at org.apache.derby.client.am.Connection.<init>(Unknown Source) ~[derbyclient-10.10.1.1.jar:na]
	at org.apache.derby.client.net.NetConnection.<init>(Unknown Source) ~[derbyclient-10.10.1.1.jar:na]
	at org.apache.derby.client.net.NetConnection40.<init>(Unknown Source) ~[derbyclient-10.10.1.1.jar:na]
	at org.apache.derby.client.net.ClientJDBCObjectFactoryImpl40.newNetConnection(Unknown Source) ~[derbyclient-10.10.1.1.jar:na]
	... 9 common frames omitted
Caused by: java.net.ConnectException: Connection refused
	at java.net.PlainSocketImpl.socketConnect(Native Method) ~[na:1.7.0_79]
	at java.net.AbstractPlainSocketImpl.doConnect(AbstractPlainSocketImpl.java:339) ~[na:1.7.0_79]
	at java.net.AbstractPlainSocketImpl.connectToAddress(AbstractPlainSocketImpl.java:200) ~[na:1.7.0_79]
	at java.net.AbstractPlainSocketImpl.connect(AbstractPlainSocketImpl.java:182) ~[na:1.7.0_79]
	at java.net.SocksSocketImpl.connect(SocksSocketImpl.java:392) ~[na:1.7.0_79]
	at java.net.Socket.connect(Socket.java:579) ~[na:1.7.0_79]
	at java.net.Socket.connect(Socket.java:528) ~[na:1.7.0_79]
	at java.net.Socket.<init>(Socket.java:425) ~[na:1.7.0_79]
	at java.net.Socket.<init>(Socket.java:208) ~[na:1.7.0_79]
	at javax.net.DefaultSocketFactory.createSocket(SocketFactory.java:271) ~[na:1.7.0_79]
	at org.apache.derby.client.net.OpenSocketAction.run(Unknown Source) ~[derbyclient-10.10.1.1.jar:na]
	at org.apache.derby.client.net.OpenSocketAction.run(Unknown Source) ~[derbyclient-10.10.1.1.jar:na]
	at java.security.AccessController.doPrivileged(Native Method) ~[na:1.7.0_79]
	... 15 common frames omitted
11:32:41.120 [main] WARN  cz.muni.fi.pv168.rent.Error - Error execution script : {}file:/home/rs/programming/pv168/pr/rentFinal/target/classes/initTables.sql
java.sql.SQLException: Cannot create PoolableConnectionFactory (java.net.ConnectException : Error connecting to server localhost on port 1527 with message Connection refused.)
	at org.apache.tomcat.dbcp.dbcp2.BasicDataSource.createPoolableConnectionFactory(BasicDataSource.java:2152) ~[tomcat-dbcp-8.0.5.jar:8.0.5]
	at org.apache.tomcat.dbcp.dbcp2.BasicDataSource.createDataSource(BasicDataSource.java:1903) ~[tomcat-dbcp-8.0.5.jar:8.0.5]
	at org.apache.tomcat.dbcp.dbcp2.BasicDataSource.getConnection(BasicDataSource.java:1413) ~[tomcat-dbcp-8.0.5.jar:8.0.5]
	at cz.muni.fi.pv168.rent.DBUtils.executeSqlScript(DBUtils.java:325) ~[classes/:na]
	at cz.muni.fi.pv168.rent.MainWindow.main(MainWindow.java:1107) [classes/:na]
Caused by: java.sql.SQLNonTransientConnectionException: java.net.ConnectException : Error connecting to server localhost on port 1527 with message Connection refused.
	at org.apache.derby.client.am.SQLExceptionFactory40.getSQLException(Unknown Source) ~[derbyclient-10.10.1.1.jar:na]
	at org.apache.derby.client.am.SqlException.getSQLException(Unknown Source) ~[derbyclient-10.10.1.1.jar:na]
	at org.apache.derby.jdbc.ClientDriver.connect(Unknown Source) ~[derbyclient-10.10.1.1.jar:na]
	at org.apache.tomcat.dbcp.dbcp2.DriverConnectionFactory.createConnection(DriverConnectionFactory.java:39) ~[tomcat-dbcp-8.0.5.jar:8.0.5]
	at org.apache.tomcat.dbcp.dbcp2.PoolableConnectionFactory.makeObject(PoolableConnectionFactory.java:205) ~[tomcat-dbcp-8.0.5.jar:8.0.5]
	at org.apache.tomcat.dbcp.dbcp2.BasicDataSource.validateConnectionFactory(BasicDataSource.java:2162) ~[tomcat-dbcp-8.0.5.jar:8.0.5]
	at org.apache.tomcat.dbcp.dbcp2.BasicDataSource.createPoolableConnectionFactory(BasicDataSource.java:2148) ~[tomcat-dbcp-8.0.5.jar:8.0.5]
	... 4 common frames omitted
Caused by: org.apache.derby.client.am.DisconnectException: java.net.ConnectException : Error connecting to server localhost on port 1527 with message Connection refused.
	at org.apache.derby.client.net.NetAgent.<init>(Unknown Source) ~[derbyclient-10.10.1.1.jar:na]
	at org.apache.derby.client.net.NetConnection.newAgent_(Unknown Source) ~[derbyclient-10.10.1.1.jar:na]
	at org.apache.derby.client.am.Connection.<init>(Unknown Source) ~[derbyclient-10.10.1.1.jar:na]
	at org.apache.derby.client.net.NetConnection.<init>(Unknown Source) ~[derbyclient-10.10.1.1.jar:na]
	at org.apache.derby.client.net.NetConnection40.<init>(Unknown Source) ~[derbyclient-10.10.1.1.jar:na]
	at org.apache.derby.client.net.ClientJDBCObjectFactoryImpl40.newNetConnection(Unknown Source) ~[derbyclient-10.10.1.1.jar:na]
	... 9 common frames omitted
Caused by: java.net.ConnectException: Connection refused
	at java.net.PlainSocketImpl.socketConnect(Native Method) ~[na:1.7.0_79]
	at java.net.AbstractPlainSocketImpl.doConnect(AbstractPlainSocketImpl.java:339) ~[na:1.7.0_79]
	at java.net.AbstractPlainSocketImpl.connectToAddress(AbstractPlainSocketImpl.java:200) ~[na:1.7.0_79]
	at java.net.AbstractPlainSocketImpl.connect(AbstractPlainSocketImpl.java:182) ~[na:1.7.0_79]
	at java.net.SocksSocketImpl.connect(SocksSocketImpl.java:392) ~[na:1.7.0_79]
	at java.net.Socket.connect(Socket.java:579) ~[na:1.7.0_79]
	at java.net.Socket.connect(Socket.java:528) ~[na:1.7.0_79]
	at java.net.Socket.<init>(Socket.java:425) ~[na:1.7.0_79]
	at java.net.Socket.<init>(Socket.java:208) ~[na:1.7.0_79]
	at javax.net.DefaultSocketFactory.createSocket(SocketFactory.java:271) ~[na:1.7.0_79]
	at org.apache.derby.client.net.OpenSocketAction.run(Unknown Source) ~[derbyclient-10.10.1.1.jar:na]
	at org.apache.derby.client.net.OpenSocketAction.run(Unknown Source) ~[derbyclient-10.10.1.1.jar:na]
	at java.security.AccessController.doPrivileged(Native Method) ~[na:1.7.0_79]
	... 15 common frames omitted
11:32:41.127 [main] WARN  cz.muni.fi.pv168.rent.Error - Error execution script : {}file:/home/rs/programming/pv168/pr/rentFinal/target/classes/dropTables.sql
java.sql.SQLException: Cannot create PoolableConnectionFactory (java.net.ConnectException : Error connecting to server localhost on port 1527 with message Connection refused.)
	at org.apache.tomcat.dbcp.dbcp2.BasicDataSource.createPoolableConnectionFactory(BasicDataSource.java:2152) ~[tomcat-dbcp-8.0.5.jar:8.0.5]
	at org.apache.tomcat.dbcp.dbcp2.BasicDataSource.createDataSource(BasicDataSource.java:1903) ~[tomcat-dbcp-8.0.5.jar:8.0.5]
	at org.apache.tomcat.dbcp.dbcp2.BasicDataSource.getConnection(BasicDataSource.java:1413) ~[tomcat-dbcp-8.0.5.jar:8.0.5]
	at cz.muni.fi.pv168.rent.DBUtils.executeSqlScript(DBUtils.java:325) ~[classes/:na]
	at cz.muni.fi.pv168.rent.MainWindow.main(MainWindow.java:1118) [classes/:na]
Caused by: java.sql.SQLNonTransientConnectionException: java.net.ConnectException : Error connecting to server localhost on port 1527 with message Connection refused.
	at org.apache.derby.client.am.SQLExceptionFactory40.getSQLException(Unknown Source) ~[derbyclient-10.10.1.1.jar:na]
	at org.apache.derby.client.am.SqlException.getSQLException(Unknown Source) ~[derbyclient-10.10.1.1.jar:na]
	at org.apache.derby.jdbc.ClientDriver.connect(Unknown Source) ~[derbyclient-10.10.1.1.jar:na]
	at org.apache.tomcat.dbcp.dbcp2.DriverConnectionFactory.createConnection(DriverConnectionFactory.java:39) ~[tomcat-dbcp-8.0.5.jar:8.0.5]
	at org.apache.tomcat.dbcp.dbcp2.PoolableConnectionFactory.makeObject(PoolableConnectionFactory.java:205) ~[tomcat-dbcp-8.0.5.jar:8.0.5]
	at org.apache.tomcat.dbcp.dbcp2.BasicDataSource.validateConnectionFactory(BasicDataSource.java:2162) ~[tomcat-dbcp-8.0.5.jar:8.0.5]
	at org.apache.tomcat.dbcp.dbcp2.BasicDataSource.createPoolableConnectionFactory(BasicDataSource.java:2148) ~[tomcat-dbcp-8.0.5.jar:8.0.5]
	... 4 common frames omitted
Caused by: org.apache.derby.client.am.DisconnectException: java.net.ConnectException : Error connecting to server localhost on port 1527 with message Connection refused.
	at org.apache.derby.client.net.NetAgent.<init>(Unknown Source) ~[derbyclient-10.10.1.1.jar:na]
	at org.apache.derby.client.net.NetConnection.newAgent_(Unknown Source) ~[derbyclient-10.10.1.1.jar:na]
	at org.apache.derby.client.am.Connection.<init>(Unknown Source) ~[derbyclient-10.10.1.1.jar:na]
	at org.apache.derby.client.net.NetConnection.<init>(Unknown Source) ~[derbyclient-10.10.1.1.jar:na]
	at org.apache.derby.client.net.NetConnection40.<init>(Unknown Source) ~[derbyclient-10.10.1.1.jar:na]
	at org.apache.derby.client.net.ClientJDBCObjectFactoryImpl40.newNetConnection(Unknown Source) ~[derbyclient-10.10.1.1.jar:na]
	... 9 common frames omitted
Caused by: java.net.ConnectException: Connection refused
	at java.net.PlainSocketImpl.socketConnect(Native Method) ~[na:1.7.0_79]
	at java.net.AbstractPlainSocketImpl.doConnect(AbstractPlainSocketImpl.java:339) ~[na:1.7.0_79]
	at java.net.AbstractPlainSocketImpl.connectToAddress(AbstractPlainSocketImpl.java:200) ~[na:1.7.0_79]
	at java.net.AbstractPlainSocketImpl.connect(AbstractPlainSocketImpl.java:182) ~[na:1.7.0_79]
	at java.net.SocksSocketImpl.connect(SocksSocketImpl.java:392) ~[na:1.7.0_79]
	at java.net.Socket.connect(Socket.java:579) ~[na:1.7.0_79]
	at java.net.Socket.connect(Socket.java:528) ~[na:1.7.0_79]
	at java.net.Socket.<init>(Socket.java:425) ~[na:1.7.0_79]
	at java.net.Socket.<init>(Socket.java:208) ~[na:1.7.0_79]
	at javax.net.DefaultSocketFactory.createSocket(SocketFactory.java:271) ~[na:1.7.0_79]
	at org.apache.derby.client.net.OpenSocketAction.run(Unknown Source) ~[derbyclient-10.10.1.1.jar:na]
	at org.apache.derby.client.net.OpenSocketAction.run(Unknown Source) ~[derbyclient-10.10.1.1.jar:na]
	at java.security.AccessController.doPrivileged(Native Method) ~[na:1.7.0_79]
	... 15 common frames omitted
12:03:30.346 [main] WARN  cz.muni.fi.pv168.rent.Error - Error execution script : {}file:/home/rs/programming/pv168/pr/rentFinal/target/classes/createTables.sql
java.sql.SQLException: Cannot create PoolableConnectionFactory (The connection was refused because the database rent-db was not found.)
	at org.apache.tomcat.dbcp.dbcp2.BasicDataSource.createPoolableConnectionFactory(BasicDataSource.java:2152) ~[tomcat-dbcp-8.0.5.jar:8.0.5]
	at org.apache.tomcat.dbcp.dbcp2.BasicDataSource.createDataSource(BasicDataSource.java:1903) ~[tomcat-dbcp-8.0.5.jar:8.0.5]
	at org.apache.tomcat.dbcp.dbcp2.BasicDataSource.getConnection(BasicDataSource.java:1413) ~[tomcat-dbcp-8.0.5.jar:8.0.5]
	at cz.muni.fi.pv168.rent.DBUtils.executeSqlScript(DBUtils.java:325) ~[classes/:na]
	at cz.muni.fi.pv168.rent.MainWindow.main(MainWindow.java:1104) [classes/:na]
Caused by: java.sql.SQLNonTransientConnectionException: The connection was refused because the database rent-db was not found.
	at org.apache.derby.client.am.SQLExceptionFactory40.getSQLException(Unknown Source) ~[derbyclient-10.10.1.1.jar:na]
	at org.apache.derby.client.am.SqlException.getSQLException(Unknown Source) ~[derbyclient-10.10.1.1.jar:na]
	at org.apache.derby.jdbc.ClientDriver.connect(Unknown Source) ~[derbyclient-10.10.1.1.jar:na]
	at org.apache.tomcat.dbcp.dbcp2.DriverConnectionFactory.createConnection(DriverConnectionFactory.java:39) ~[tomcat-dbcp-8.0.5.jar:8.0.5]
	at org.apache.tomcat.dbcp.dbcp2.PoolableConnectionFactory.makeObject(PoolableConnectionFactory.java:205) ~[tomcat-dbcp-8.0.5.jar:8.0.5]
	at org.apache.tomcat.dbcp.dbcp2.BasicDataSource.validateConnectionFactory(BasicDataSource.java:2162) ~[tomcat-dbcp-8.0.5.jar:8.0.5]
	at org.apache.tomcat.dbcp.dbcp2.BasicDataSource.createPoolableConnectionFactory(BasicDataSource.java:2148) ~[tomcat-dbcp-8.0.5.jar:8.0.5]
	... 4 common frames omitted
Caused by: org.apache.derby.client.am.DisconnectException: The connection was refused because the database rent-db was not found.
	at org.apache.derby.client.net.NetConnectionReply.parseRDBNFNRM(Unknown Source) ~[derbyclient-10.10.1.1.jar:na]
	at org.apache.derby.client.net.NetConnectionReply.parseAccessRdbError(Unknown Source) ~[derbyclient-10.10.1.1.jar:na]
	at org.apache.derby.client.net.NetConnectionReply.parseACCRDBreply(Unknown Source) ~[derbyclient-10.10.1.1.jar:na]
	at org.apache.derby.client.net.NetConnectionReply.readAccessDatabase(Unknown Source) ~[derbyclient-10.10.1.1.jar:na]
	at org.apache.derby.client.net.NetConnection.readSecurityCheckAndAccessRdb(Unknown Source) ~[derbyclient-10.10.1.1.jar:na]
	at org.apache.derby.client.net.NetConnection.flowSecurityCheckAndAccessRdb(Unknown Source) ~[derbyclient-10.10.1.1.jar:na]
	at org.apache.derby.client.net.NetConnection.flowUSRIDPWDconnect(Unknown Source) ~[derbyclient-10.10.1.1.jar:na]
	at org.apache.derby.client.net.NetConnection.flowConnect(Unknown Source) ~[derbyclient-10.10.1.1.jar:na]
	at org.apache.derby.client.net.NetConnection.<init>(Unknown Source) ~[derbyclient-10.10.1.1.jar:na]
	at org.apache.derby.client.net.NetConnection40.<init>(Unknown Source) ~[derbyclient-10.10.1.1.jar:na]
	at org.apache.derby.client.net.ClientJDBCObjectFactoryImpl40.newNetConnection(Unknown Source) ~[derbyclient-10.10.1.1.jar:na]
	... 9 common frames omitted
12:03:30.373 [main] WARN  cz.muni.fi.pv168.rent.Error - Error execution script : {}file:/home/rs/programming/pv168/pr/rentFinal/target/classes/initTables.sql
java.sql.SQLException: Cannot create PoolableConnectionFactory (The connection was refused because the database rent-db was not found.)
	at org.apache.tomcat.dbcp.dbcp2.BasicDataSource.createPoolableConnectionFactory(BasicDataSource.java:2152) ~[tomcat-dbcp-8.0.5.jar:8.0.5]
	at org.apache.tomcat.dbcp.dbcp2.BasicDataSource.createDataSource(BasicDataSource.java:1903) ~[tomcat-dbcp-8.0.5.jar:8.0.5]
	at org.apache.tomcat.dbcp.dbcp2.BasicDataSource.getConnection(BasicDataSource.java:1413) ~[tomcat-dbcp-8.0.5.jar:8.0.5]
	at cz.muni.fi.pv168.rent.DBUtils.executeSqlScript(DBUtils.java:325) ~[classes/:na]
	at cz.muni.fi.pv168.rent.MainWindow.main(MainWindow.java:1107) [classes/:na]
Caused by: java.sql.SQLNonTransientConnectionException: The connection was refused because the database rent-db was not found.
	at org.apache.derby.client.am.SQLExceptionFactory40.getSQLException(Unknown Source) ~[derbyclient-10.10.1.1.jar:na]
	at org.apache.derby.client.am.SqlException.getSQLException(Unknown Source) ~[derbyclient-10.10.1.1.jar:na]
	at org.apache.derby.jdbc.ClientDriver.connect(Unknown Source) ~[derbyclient-10.10.1.1.jar:na]
	at org.apache.tomcat.dbcp.dbcp2.DriverConnectionFactory.createConnection(DriverConnectionFactory.java:39) ~[tomcat-dbcp-8.0.5.jar:8.0.5]
	at org.apache.tomcat.dbcp.dbcp2.PoolableConnectionFactory.makeObject(PoolableConnectionFactory.java:205) ~[tomcat-dbcp-8.0.5.jar:8.0.5]
	at org.apache.tomcat.dbcp.dbcp2.BasicDataSource.validateConnectionFactory(BasicDataSource.java:2162) ~[tomcat-dbcp-8.0.5.jar:8.0.5]
	at org.apache.tomcat.dbcp.dbcp2.BasicDataSource.createPoolableConnectionFactory(BasicDataSource.java:2148) ~[tomcat-dbcp-8.0.5.jar:8.0.5]
	... 4 common frames omitted
Caused by: org.apache.derby.client.am.DisconnectException: The connection was refused because the database rent-db was not found.
	at org.apache.derby.client.net.NetConnectionReply.parseRDBNFNRM(Unknown Source) ~[derbyclient-10.10.1.1.jar:na]
	at org.apache.derby.client.net.NetConnectionReply.parseAccessRdbError(Unknown Source) ~[derbyclient-10.10.1.1.jar:na]
	at org.apache.derby.client.net.NetConnectionReply.parseACCRDBreply(Unknown Source) ~[derbyclient-10.10.1.1.jar:na]
	at org.apache.derby.client.net.NetConnectionReply.readAccessDatabase(Unknown Source) ~[derbyclient-10.10.1.1.jar:na]
	at org.apache.derby.client.net.NetConnection.readSecurityCheckAndAccessRdb(Unknown Source) ~[derbyclient-10.10.1.1.jar:na]
	at org.apache.derby.client.net.NetConnection.flowSecurityCheckAndAccessRdb(Unknown Source) ~[derbyclient-10.10.1.1.jar:na]
	at org.apache.derby.client.net.NetConnection.flowUSRIDPWDconnect(Unknown Source) ~[derbyclient-10.10.1.1.jar:na]
	at org.apache.derby.client.net.NetConnection.flowConnect(Unknown Source) ~[derbyclient-10.10.1.1.jar:na]
	at org.apache.derby.client.net.NetConnection.<init>(Unknown Source) ~[derbyclient-10.10.1.1.jar:na]
	at org.apache.derby.client.net.NetConnection40.<init>(Unknown Source) ~[derbyclient-10.10.1.1.jar:na]
	at org.apache.derby.client.net.ClientJDBCObjectFactoryImpl40.newNetConnection(Unknown Source) ~[derbyclient-10.10.1.1.jar:na]
	... 9 common frames omitted
12:03:30.396 [main] WARN  cz.muni.fi.pv168.rent.Error - Error execution script : {}file:/home/rs/programming/pv168/pr/rentFinal/target/classes/dropTables.sql
java.sql.SQLException: Cannot create PoolableConnectionFactory (The connection was refused because the database rent-db was not found.)
	at org.apache.tomcat.dbcp.dbcp2.BasicDataSource.createPoolableConnectionFactory(BasicDataSource.java:2152) ~[tomcat-dbcp-8.0.5.jar:8.0.5]
	at org.apache.tomcat.dbcp.dbcp2.BasicDataSource.createDataSource(BasicDataSource.java:1903) ~[tomcat-dbcp-8.0.5.jar:8.0.5]
	at org.apache.tomcat.dbcp.dbcp2.BasicDataSource.getConnection(BasicDataSource.java:1413) ~[tomcat-dbcp-8.0.5.jar:8.0.5]
	at cz.muni.fi.pv168.rent.DBUtils.executeSqlScript(DBUtils.java:325) ~[classes/:na]
	at cz.muni.fi.pv168.rent.MainWindow.main(MainWindow.java:1118) [classes/:na]
Caused by: java.sql.SQLNonTransientConnectionException: The connection was refused because the database rent-db was not found.
	at org.apache.derby.client.am.SQLExceptionFactory40.getSQLException(Unknown Source) ~[derbyclient-10.10.1.1.jar:na]
	at org.apache.derby.client.am.SqlException.getSQLException(Unknown Source) ~[derbyclient-10.10.1.1.jar:na]
	at org.apache.derby.jdbc.ClientDriver.connect(Unknown Source) ~[derbyclient-10.10.1.1.jar:na]
	at org.apache.tomcat.dbcp.dbcp2.DriverConnectionFactory.createConnection(DriverConnectionFactory.java:39) ~[tomcat-dbcp-8.0.5.jar:8.0.5]
	at org.apache.tomcat.dbcp.dbcp2.PoolableConnectionFactory.makeObject(PoolableConnectionFactory.java:205) ~[tomcat-dbcp-8.0.5.jar:8.0.5]
	at org.apache.tomcat.dbcp.dbcp2.BasicDataSource.validateConnectionFactory(BasicDataSource.java:2162) ~[tomcat-dbcp-8.0.5.jar:8.0.5]
	at org.apache.tomcat.dbcp.dbcp2.BasicDataSource.createPoolableConnectionFactory(BasicDataSource.java:2148) ~[tomcat-dbcp-8.0.5.jar:8.0.5]
	... 4 common frames omitted
Caused by: org.apache.derby.client.am.DisconnectException: The connection was refused because the database rent-db was not found.
	at org.apache.derby.client.net.NetConnectionReply.parseRDBNFNRM(Unknown Source) ~[derbyclient-10.10.1.1.jar:na]
	at org.apache.derby.client.net.NetConnectionReply.parseAccessRdbError(Unknown Source) ~[derbyclient-10.10.1.1.jar:na]
	at org.apache.derby.client.net.NetConnectionReply.parseACCRDBreply(Unknown Source) ~[derbyclient-10.10.1.1.jar:na]
	at org.apache.derby.client.net.NetConnectionReply.readAccessDatabase(Unknown Source) ~[derbyclient-10.10.1.1.jar:na]
	at org.apache.derby.client.net.NetConnection.readSecurityCheckAndAccessRdb(Unknown Source) ~[derbyclient-10.10.1.1.jar:na]
	at org.apache.derby.client.net.NetConnection.flowSecurityCheckAndAccessRdb(Unknown Source) ~[derbyclient-10.10.1.1.jar:na]
	at org.apache.derby.client.net.NetConnection.flowUSRIDPWDconnect(Unknown Source) ~[derbyclient-10.10.1.1.jar:na]
	at org.apache.derby.client.net.NetConnection.flowConnect(Unknown Source) ~[derbyclient-10.10.1.1.jar:na]
	at org.apache.derby.client.net.NetConnection.<init>(Unknown Source) ~[derbyclient-10.10.1.1.jar:na]
	at org.apache.derby.client.net.NetConnection40.<init>(Unknown Source) ~[derbyclient-10.10.1.1.jar:na]
	at org.apache.derby.client.net.ClientJDBCObjectFactoryImpl40.newNetConnection(Unknown Source) ~[derbyclient-10.10.1.1.jar:na]
	... 9 common frames omitted
12:07:10.209 [main] WARN  cz.muni.fi.pv168.rent.Error - Error execution script : {}file:/home/rs/programming/pv168/pr/rentFinal/target/classes/initTables.sql
java.sql.SQLSyntaxErrorException: Columns of type 'TIMESTAMP' cannot hold values of type 'INTEGER'. 
	at org.apache.derby.client.am.SQLExceptionFactory40.getSQLException(Unknown Source) ~[derbyclient-10.10.1.1.jar:na]
	at org.apache.derby.client.am.SqlException.getSQLException(Unknown Source) ~[derbyclient-10.10.1.1.jar:na]
	at org.apache.derby.client.am.Connection.prepareStatement(Unknown Source) ~[derbyclient-10.10.1.1.jar:na]
	at org.apache.tomcat.dbcp.dbcp2.DelegatingConnection.prepareStatement(DelegatingConnection.java:288) ~[tomcat-dbcp-8.0.5.jar:8.0.5]
	at org.apache.tomcat.dbcp.dbcp2.DelegatingConnection.prepareStatement(DelegatingConnection.java:288) ~[tomcat-dbcp-8.0.5.jar:8.0.5]
	at cz.muni.fi.pv168.rent.DBUtils.executeSqlScript(DBUtils.java:328) ~[classes/:na]
	at cz.muni.fi.pv168.rent.MainWindow.main(MainWindow.java:1107) [classes/:na]
Caused by: org.apache.derby.client.am.SqlException: Columns of type 'TIMESTAMP' cannot hold values of type 'INTEGER'. 
	at org.apache.derby.client.am.Statement.completeSqlca(Unknown Source) ~[derbyclient-10.10.1.1.jar:na]
	at org.apache.derby.client.net.NetStatementReply.parsePrepareError(Unknown Source) ~[derbyclient-10.10.1.1.jar:na]
	at org.apache.derby.client.net.NetStatementReply.parsePRPSQLSTTreply(Unknown Source) ~[derbyclient-10.10.1.1.jar:na]
	at org.apache.derby.client.net.NetStatementReply.readPrepareDescribeOutput(Unknown Source) ~[derbyclient-10.10.1.1.jar:na]
	at org.apache.derby.client.net.StatementReply.readPrepareDescribeOutput(Unknown Source) ~[derbyclient-10.10.1.1.jar:na]
	at org.apache.derby.client.net.NetStatement.readPrepareDescribeOutput_(Unknown Source) ~[derbyclient-10.10.1.1.jar:na]
	at org.apache.derby.client.am.Statement.readPrepareDescribeOutput(Unknown Source) ~[derbyclient-10.10.1.1.jar:na]
	at org.apache.derby.client.am.PreparedStatement.readPrepareDescribeInputOutput(Unknown Source) ~[derbyclient-10.10.1.1.jar:na]
	at org.apache.derby.client.am.PreparedStatement.flowPrepareDescribeInputOutput(Unknown Source) ~[derbyclient-10.10.1.1.jar:na]
	at org.apache.derby.client.am.PreparedStatement.prepare(Unknown Source) ~[derbyclient-10.10.1.1.jar:na]
	at org.apache.derby.client.am.Connection.prepareStatementX(Unknown Source) ~[derbyclient-10.10.1.1.jar:na]
	... 5 common frames omitted
12:16:31.168 [main] WARN  cz.muni.fi.pv168.rent.Error - Error execution script : {}file:/home/rs/programming/pv168/pr/rentFinal/target/classes/initTables.sql
java.sql.SQLSyntaxErrorException: Columns of type 'TIMESTAMP' cannot hold values of type 'INTEGER'. 
	at org.apache.derby.client.am.SQLExceptionFactory40.getSQLException(Unknown Source) ~[derbyclient-10.10.1.1.jar:na]
	at org.apache.derby.client.am.SqlException.getSQLException(Unknown Source) ~[derbyclient-10.10.1.1.jar:na]
	at org.apache.derby.client.am.Connection.prepareStatement(Unknown Source) ~[derbyclient-10.10.1.1.jar:na]
	at org.apache.tomcat.dbcp.dbcp2.DelegatingConnection.prepareStatement(DelegatingConnection.java:288) ~[tomcat-dbcp-8.0.5.jar:8.0.5]
	at org.apache.tomcat.dbcp.dbcp2.DelegatingConnection.prepareStatement(DelegatingConnection.java:288) ~[tomcat-dbcp-8.0.5.jar:8.0.5]
	at cz.muni.fi.pv168.rent.DBUtils.executeSqlScript(DBUtils.java:328) ~[classes/:na]
	at cz.muni.fi.pv168.rent.MainWindow.main(MainWindow.java:1107) [classes/:na]
Caused by: org.apache.derby.client.am.SqlException: Columns of type 'TIMESTAMP' cannot hold values of type 'INTEGER'. 
	at org.apache.derby.client.am.Statement.completeSqlca(Unknown Source) ~[derbyclient-10.10.1.1.jar:na]
	at org.apache.derby.client.net.NetStatementReply.parsePrepareError(Unknown Source) ~[derbyclient-10.10.1.1.jar:na]
	at org.apache.derby.client.net.NetStatementReply.parsePRPSQLSTTreply(Unknown Source) ~[derbyclient-10.10.1.1.jar:na]
	at org.apache.derby.client.net.NetStatementReply.readPrepareDescribeOutput(Unknown Source) ~[derbyclient-10.10.1.1.jar:na]
	at org.apache.derby.client.net.StatementReply.readPrepareDescribeOutput(Unknown Source) ~[derbyclient-10.10.1.1.jar:na]
	at org.apache.derby.client.net.NetStatement.readPrepareDescribeOutput_(Unknown Source) ~[derbyclient-10.10.1.1.jar:na]
	at org.apache.derby.client.am.Statement.readPrepareDescribeOutput(Unknown Source) ~[derbyclient-10.10.1.1.jar:na]
	at org.apache.derby.client.am.PreparedStatement.readPrepareDescribeInputOutput(Unknown Source) ~[derbyclient-10.10.1.1.jar:na]
	at org.apache.derby.client.am.PreparedStatement.flowPrepareDescribeInputOutput(Unknown Source) ~[derbyclient-10.10.1.1.jar:na]
	at org.apache.derby.client.am.PreparedStatement.prepare(Unknown Source) ~[derbyclient-10.10.1.1.jar:na]
	at org.apache.derby.client.am.Connection.prepareStatementX(Unknown Source) ~[derbyclient-10.10.1.1.jar:na]
	... 5 common frames omitted
13:00:40.386 [main] WARN  cz.muni.fi.pv168.rent.Error - Error execution script : {}file:/home/rs/programming/pv168/pr/rentFinal/target/classes/initTables.sql
java.sql.SQLSyntaxErrorException: Columns of type 'TIMESTAMP' cannot hold values of type 'INTEGER'. 
	at org.apache.derby.client.am.SQLExceptionFactory40.getSQLException(Unknown Source) ~[derbyclient-10.10.1.1.jar:na]
	at org.apache.derby.client.am.SqlException.getSQLException(Unknown Source) ~[derbyclient-10.10.1.1.jar:na]
	at org.apache.derby.client.am.Connection.prepareStatement(Unknown Source) ~[derbyclient-10.10.1.1.jar:na]
	at org.apache.tomcat.dbcp.dbcp2.DelegatingConnection.prepareStatement(DelegatingConnection.java:288) ~[tomcat-dbcp-8.0.5.jar:8.0.5]
	at org.apache.tomcat.dbcp.dbcp2.DelegatingConnection.prepareStatement(DelegatingConnection.java:288) ~[tomcat-dbcp-8.0.5.jar:8.0.5]
	at cz.muni.fi.pv168.rent.DBUtils.executeSqlScript(DBUtils.java:328) ~[classes/:na]
	at cz.muni.fi.pv168.rent.MainWindow.main(MainWindow.java:1107) [classes/:na]
Caused by: org.apache.derby.client.am.SqlException: Columns of type 'TIMESTAMP' cannot hold values of type 'INTEGER'. 
	at org.apache.derby.client.am.Statement.completeSqlca(Unknown Source) ~[derbyclient-10.10.1.1.jar:na]
	at org.apache.derby.client.net.NetStatementReply.parsePrepareError(Unknown Source) ~[derbyclient-10.10.1.1.jar:na]
	at org.apache.derby.client.net.NetStatementReply.parsePRPSQLSTTreply(Unknown Source) ~[derbyclient-10.10.1.1.jar:na]
	at org.apache.derby.client.net.NetStatementReply.readPrepareDescribeOutput(Unknown Source) ~[derbyclient-10.10.1.1.jar:na]
	at org.apache.derby.client.net.StatementReply.readPrepareDescribeOutput(Unknown Source) ~[derbyclient-10.10.1.1.jar:na]
	at org.apache.derby.client.net.NetStatement.readPrepareDescribeOutput_(Unknown Source) ~[derbyclient-10.10.1.1.jar:na]
	at org.apache.derby.client.am.Statement.readPrepareDescribeOutput(Unknown Source) ~[derbyclient-10.10.1.1.jar:na]
	at org.apache.derby.client.am.PreparedStatement.readPrepareDescribeInputOutput(Unknown Source) ~[derbyclient-10.10.1.1.jar:na]
	at org.apache.derby.client.am.PreparedStatement.flowPrepareDescribeInputOutput(Unknown Source) ~[derbyclient-10.10.1.1.jar:na]
	at org.apache.derby.client.am.PreparedStatement.prepare(Unknown Source) ~[derbyclient-10.10.1.1.jar:na]
	at org.apache.derby.client.am.Connection.prepareStatementX(Unknown Source) ~[derbyclient-10.10.1.1.jar:na]
	... 5 common frames omitted
13:16:42.189 [main] WARN  cz.muni.fi.pv168.rent.Error - Error execution script : {}file:/home/rs/programming/pv168/pr/rentFinal/target/classes/initTables.sql
java.sql.SQLSyntaxErrorException: Columns of type 'TIMESTAMP' cannot hold values of type 'INTEGER'. 
	at org.apache.derby.client.am.SQLExceptionFactory40.getSQLException(Unknown Source) ~[derbyclient-10.10.1.1.jar:na]
	at org.apache.derby.client.am.SqlException.getSQLException(Unknown Source) ~[derbyclient-10.10.1.1.jar:na]
	at org.apache.derby.client.am.Connection.prepareStatement(Unknown Source) ~[derbyclient-10.10.1.1.jar:na]
	at org.apache.tomcat.dbcp.dbcp2.DelegatingConnection.prepareStatement(DelegatingConnection.java:288) ~[tomcat-dbcp-8.0.5.jar:8.0.5]
	at org.apache.tomcat.dbcp.dbcp2.DelegatingConnection.prepareStatement(DelegatingConnection.java:288) ~[tomcat-dbcp-8.0.5.jar:8.0.5]
	at cz.muni.fi.pv168.rent.DBUtils.executeSqlScript(DBUtils.java:328) ~[classes/:na]
	at cz.muni.fi.pv168.rent.MainWindow.main(MainWindow.java:1107) [classes/:na]
Caused by: org.apache.derby.client.am.SqlException: Columns of type 'TIMESTAMP' cannot hold values of type 'INTEGER'. 
	at org.apache.derby.client.am.Statement.completeSqlca(Unknown Source) ~[derbyclient-10.10.1.1.jar:na]
	at org.apache.derby.client.net.NetStatementReply.parsePrepareError(Unknown Source) ~[derbyclient-10.10.1.1.jar:na]
	at org.apache.derby.client.net.NetStatementReply.parsePRPSQLSTTreply(Unknown Source) ~[derbyclient-10.10.1.1.jar:na]
	at org.apache.derby.client.net.NetStatementReply.readPrepareDescribeOutput(Unknown Source) ~[derbyclient-10.10.1.1.jar:na]
	at org.apache.derby.client.net.StatementReply.readPrepareDescribeOutput(Unknown Source) ~[derbyclient-10.10.1.1.jar:na]
	at org.apache.derby.client.net.NetStatement.readPrepareDescribeOutput_(Unknown Source) ~[derbyclient-10.10.1.1.jar:na]
	at org.apache.derby.client.am.Statement.readPrepareDescribeOutput(Unknown Source) ~[derbyclient-10.10.1.1.jar:na]
	at org.apache.derby.client.am.PreparedStatement.readPrepareDescribeInputOutput(Unknown Source) ~[derbyclient-10.10.1.1.jar:na]
	at org.apache.derby.client.am.PreparedStatement.flowPrepareDescribeInputOutput(Unknown Source) ~[derbyclient-10.10.1.1.jar:na]
	at org.apache.derby.client.am.PreparedStatement.prepare(Unknown Source) ~[derbyclient-10.10.1.1.jar:na]
	at org.apache.derby.client.am.Connection.prepareStatementX(Unknown Source) ~[derbyclient-10.10.1.1.jar:na]
	... 5 common frames omitted
