08:45:01.440 [AWT-EventQueue-0] WARN  cz.muni.fi.pv168.rent.Error - Error when updating database: 1 : UPDATE on table 'RESERVATION' caused a violation of foreign key constraint 'RESERVATION_VEHICLE_FK' for key (2).  The statement has been rolled back.
09:37:25.642 [main] WARN  cz.muni.fi.pv168.rent.Error - Error execution script : {}file:/D:/muni/sem6/pv168/project/rent/target/classes/createTables.sql
java.sql.SQLException: Cannot create PoolableConnectionFactory (Connection authentication failure occurred.  Reason: Userid or password invalid.)
	at org.apache.tomcat.dbcp.dbcp2.BasicDataSource.createPoolableConnectionFactory(BasicDataSource.java:2152) ~[tomcat-dbcp-8.0.5.jar:8.0.5]
	at org.apache.tomcat.dbcp.dbcp2.BasicDataSource.createDataSource(BasicDataSource.java:1903) ~[tomcat-dbcp-8.0.5.jar:8.0.5]
	at org.apache.tomcat.dbcp.dbcp2.BasicDataSource.getConnection(BasicDataSource.java:1413) ~[tomcat-dbcp-8.0.5.jar:8.0.5]
	at cz.muni.fi.pv168.rent.DBUtils.executeSqlScript(DBUtils.java:325) ~[classes/:na]
	at cz.muni.fi.pv168.rent.Demo.main(Demo.java:18) [classes/:na]
Caused by: java.sql.SQLNonTransientConnectionException: Connection authentication failure occurred.  Reason: Userid or password invalid.
	at org.apache.derby.client.am.SQLExceptionFactory40.getSQLException(Unknown Source) ~[derbyclient-10.10.1.1.jar:na]
	at org.apache.derby.client.am.SqlException.getSQLException(Unknown Source) ~[derbyclient-10.10.1.1.jar:na]
	at org.apache.derby.jdbc.ClientDriver.connect(Unknown Source) ~[derbyclient-10.10.1.1.jar:na]
	at org.apache.tomcat.dbcp.dbcp2.DriverConnectionFactory.createConnection(DriverConnectionFactory.java:39) ~[tomcat-dbcp-8.0.5.jar:8.0.5]
	at org.apache.tomcat.dbcp.dbcp2.PoolableConnectionFactory.makeObject(PoolableConnectionFactory.java:205) ~[tomcat-dbcp-8.0.5.jar:8.0.5]
	at org.apache.tomcat.dbcp.dbcp2.BasicDataSource.validateConnectionFactory(BasicDataSource.java:2162) ~[tomcat-dbcp-8.0.5.jar:8.0.5]
	at org.apache.tomcat.dbcp.dbcp2.BasicDataSource.createPoolableConnectionFactory(BasicDataSource.java:2148) ~[tomcat-dbcp-8.0.5.jar:8.0.5]
	... 4 common frames omitted
Caused by: org.apache.derby.client.am.SqlException: Connection authentication failure occurred.  Reason: Userid or password invalid.
	at org.apache.derby.client.net.NetConnection.mapSecchkcd(Unknown Source) ~[derbyclient-10.10.1.1.jar:na]
	at org.apache.derby.client.net.NetConnection.securityCheckComplete(Unknown Source) ~[derbyclient-10.10.1.1.jar:na]
	at org.apache.derby.client.net.NetConnectionReply.parseSECCHKRM(Unknown Source) ~[derbyclient-10.10.1.1.jar:na]
	at org.apache.derby.client.net.NetConnectionReply.parseSECCHKreply(Unknown Source) ~[derbyclient-10.10.1.1.jar:na]
	at org.apache.derby.client.net.NetConnectionReply.readSecurityCheck(Unknown Source) ~[derbyclient-10.10.1.1.jar:na]
	at org.apache.derby.client.net.NetConnection.readSecurityCheckAndAccessRdb(Unknown Source) ~[derbyclient-10.10.1.1.jar:na]
	at org.apache.derby.client.net.NetConnection.flowSecurityCheckAndAccessRdb(Unknown Source) ~[derbyclient-10.10.1.1.jar:na]
	at org.apache.derby.client.net.NetConnection.flowUSRIDPWDconnect(Unknown Source) ~[derbyclient-10.10.1.1.jar:na]
	at org.apache.derby.client.net.NetConnection.flowConnect(Unknown Source) ~[derbyclient-10.10.1.1.jar:na]
	at org.apache.derby.client.net.NetConnection.<init>(Unknown Source) ~[derbyclient-10.10.1.1.jar:na]
	at org.apache.derby.client.net.NetConnection40.<init>(Unknown Source) ~[derbyclient-10.10.1.1.jar:na]
	at org.apache.derby.client.net.ClientJDBCObjectFactoryImpl40.newNetConnection(Unknown Source) ~[derbyclient-10.10.1.1.jar:na]
	... 9 common frames omitted
09:45:41.744 [main] WARN  cz.muni.fi.pv168.rent.Error - Error execution script : {}file:/D:/muni/sem6/pv168/project/rent/target/classes/initTables.sql
java.sql.SQLSyntaxErrorException: Column 'SEAT' is either not in any table in the FROM list or appears within a join specification and is outside the scope of the join specification or appears in a HAVING clause and is not in the GROUP BY list. If this is a CREATE or ALTER TABLE  statement then 'SEAT' is not a column in the target table.
	at org.apache.derby.client.am.SQLExceptionFactory40.getSQLException(Unknown Source) ~[derbyclient-10.10.1.1.jar:na]
	at org.apache.derby.client.am.SqlException.getSQLException(Unknown Source) ~[derbyclient-10.10.1.1.jar:na]
	at org.apache.derby.client.am.Connection.prepareStatement(Unknown Source) ~[derbyclient-10.10.1.1.jar:na]
	at org.apache.tomcat.dbcp.dbcp2.DelegatingConnection.prepareStatement(DelegatingConnection.java:288) ~[tomcat-dbcp-8.0.5.jar:8.0.5]
	at org.apache.tomcat.dbcp.dbcp2.DelegatingConnection.prepareStatement(DelegatingConnection.java:288) ~[tomcat-dbcp-8.0.5.jar:8.0.5]
	at cz.muni.fi.pv168.rent.DBUtils.executeSqlScript(DBUtils.java:328) ~[classes/:na]
	at cz.muni.fi.pv168.rent.Demo.main(Demo.java:21) [classes/:na]
Caused by: org.apache.derby.client.am.SqlException: Column 'SEAT' is either not in any table in the FROM list or appears within a join specification and is outside the scope of the join specification or appears in a HAVING clause and is not in the GROUP BY list. If this is a CREATE or ALTER TABLE  statement then 'SEAT' is not a column in the target table.
	at org.apache.derby.client.am.Statement.completeSqlca(Unknown Source) ~[derbyclient-10.10.1.1.jar:na]
	at org.apache.derby.client.net.NetStatementReply.parsePrepareError(Unknown Source) ~[derbyclient-10.10.1.1.jar:na]
	at org.apache.derby.client.net.NetStatementReply.parsePRPSQLSTTreply(Unknown Source) ~[derbyclient-10.10.1.1.jar:na]
	at org.apache.derby.client.net.NetStatementReply.readPrepareDescribeOutput(Unknown Source) ~[derbyclient-10.10.1.1.jar:na]
	at org.apache.derby.client.net.StatementReply.readPrepareDescribeOutput(Unknown Source) ~[derbyclient-10.10.1.1.jar:na]
	at org.apache.derby.client.net.NetStatement.readPrepareDescribeOutput_(Unknown Source) ~[derbyclient-10.10.1.1.jar:na]
	at org.apache.derby.client.am.Statement.readPrepareDescribeOutput(Unknown Source) ~[derbyclient-10.10.1.1.jar:na]
	at org.apache.derby.client.am.PreparedStatement.readPrepareDescribeInputOutput(Unknown Source) ~[derbyclient-10.10.1.1.jar:na]
	at org.apache.derby.client.am.PreparedStatement.flowPrepareDescribeInputOutput(Unknown Source) ~[derbyclient-10.10.1.1.jar:na]
	at org.apache.derby.client.am.PreparedStatement.prepare(Unknown Source) ~[derbyclient-10.10.1.1.jar:na]
	at org.apache.derby.client.am.Connection.prepareStatementX(Unknown Source) ~[derbyclient-10.10.1.1.jar:na]
	... 5 common frames omitted
09:50:36.779 [main] WARN  cz.muni.fi.pv168.rent.Error - Error execution script : {}file:/D:/muni/sem6/pv168/project/rent/target/classes/initTables.sql
java.sql.SQLSyntaxErrorException: Column 'SEAT' is either not in any table in the FROM list or appears within a join specification and is outside the scope of the join specification or appears in a HAVING clause and is not in the GROUP BY list. If this is a CREATE or ALTER TABLE  statement then 'SEAT' is not a column in the target table.
	at org.apache.derby.client.am.SQLExceptionFactory40.getSQLException(Unknown Source) ~[derbyclient-10.10.1.1.jar:na]
	at org.apache.derby.client.am.SqlException.getSQLException(Unknown Source) ~[derbyclient-10.10.1.1.jar:na]
	at org.apache.derby.client.am.Connection.prepareStatement(Unknown Source) ~[derbyclient-10.10.1.1.jar:na]
	at org.apache.tomcat.dbcp.dbcp2.DelegatingConnection.prepareStatement(DelegatingConnection.java:288) ~[tomcat-dbcp-8.0.5.jar:8.0.5]
	at org.apache.tomcat.dbcp.dbcp2.DelegatingConnection.prepareStatement(DelegatingConnection.java:288) ~[tomcat-dbcp-8.0.5.jar:8.0.5]
	at cz.muni.fi.pv168.rent.DBUtils.executeSqlScript(DBUtils.java:328) ~[classes/:na]
	at cz.muni.fi.pv168.rent.Demo.main(Demo.java:21) [classes/:na]
Caused by: org.apache.derby.client.am.SqlException: Column 'SEAT' is either not in any table in the FROM list or appears within a join specification and is outside the scope of the join specification or appears in a HAVING clause and is not in the GROUP BY list. If this is a CREATE or ALTER TABLE  statement then 'SEAT' is not a column in the target table.
	at org.apache.derby.client.am.Statement.completeSqlca(Unknown Source) ~[derbyclient-10.10.1.1.jar:na]
	at org.apache.derby.client.net.NetStatementReply.parsePrepareError(Unknown Source) ~[derbyclient-10.10.1.1.jar:na]
	at org.apache.derby.client.net.NetStatementReply.parsePRPSQLSTTreply(Unknown Source) ~[derbyclient-10.10.1.1.jar:na]
	at org.apache.derby.client.net.NetStatementReply.readPrepareDescribeOutput(Unknown Source) ~[derbyclient-10.10.1.1.jar:na]
	at org.apache.derby.client.net.StatementReply.readPrepareDescribeOutput(Unknown Source) ~[derbyclient-10.10.1.1.jar:na]
	at org.apache.derby.client.net.NetStatement.readPrepareDescribeOutput_(Unknown Source) ~[derbyclient-10.10.1.1.jar:na]
	at org.apache.derby.client.am.Statement.readPrepareDescribeOutput(Unknown Source) ~[derbyclient-10.10.1.1.jar:na]
	at org.apache.derby.client.am.PreparedStatement.readPrepareDescribeInputOutput(Unknown Source) ~[derbyclient-10.10.1.1.jar:na]
	at org.apache.derby.client.am.PreparedStatement.flowPrepareDescribeInputOutput(Unknown Source) ~[derbyclient-10.10.1.1.jar:na]
	at org.apache.derby.client.am.PreparedStatement.prepare(Unknown Source) ~[derbyclient-10.10.1.1.jar:na]
	at org.apache.derby.client.am.Connection.prepareStatementX(Unknown Source) ~[derbyclient-10.10.1.1.jar:na]
	... 5 common frames omitted
09:53:47.507 [main] WARN  cz.muni.fi.pv168.rent.Error - Error execution script : {}file:/D:/muni/sem6/pv168/project/rent/target/classes/initTables.sql
java.sql.SQLSyntaxErrorException: The number of values assigned is not the same as the number of specified or implied columns.
	at org.apache.derby.client.am.SQLExceptionFactory40.getSQLException(Unknown Source) ~[derbyclient-10.10.1.1.jar:na]
	at org.apache.derby.client.am.SqlException.getSQLException(Unknown Source) ~[derbyclient-10.10.1.1.jar:na]
	at org.apache.derby.client.am.Connection.prepareStatement(Unknown Source) ~[derbyclient-10.10.1.1.jar:na]
	at org.apache.tomcat.dbcp.dbcp2.DelegatingConnection.prepareStatement(DelegatingConnection.java:288) ~[tomcat-dbcp-8.0.5.jar:8.0.5]
	at org.apache.tomcat.dbcp.dbcp2.DelegatingConnection.prepareStatement(DelegatingConnection.java:288) ~[tomcat-dbcp-8.0.5.jar:8.0.5]
	at cz.muni.fi.pv168.rent.DBUtils.executeSqlScript(DBUtils.java:328) ~[classes/:na]
	at cz.muni.fi.pv168.rent.Demo.main(Demo.java:21) [classes/:na]
Caused by: org.apache.derby.client.am.SqlException: The number of values assigned is not the same as the number of specified or implied columns.
	at org.apache.derby.client.am.Statement.completeSqlca(Unknown Source) ~[derbyclient-10.10.1.1.jar:na]
	at org.apache.derby.client.net.NetStatementReply.parsePrepareError(Unknown Source) ~[derbyclient-10.10.1.1.jar:na]
	at org.apache.derby.client.net.NetStatementReply.parsePRPSQLSTTreply(Unknown Source) ~[derbyclient-10.10.1.1.jar:na]
	at org.apache.derby.client.net.NetStatementReply.readPrepareDescribeOutput(Unknown Source) ~[derbyclient-10.10.1.1.jar:na]
	at org.apache.derby.client.net.StatementReply.readPrepareDescribeOutput(Unknown Source) ~[derbyclient-10.10.1.1.jar:na]
	at org.apache.derby.client.net.NetStatement.readPrepareDescribeOutput_(Unknown Source) ~[derbyclient-10.10.1.1.jar:na]
	at org.apache.derby.client.am.Statement.readPrepareDescribeOutput(Unknown Source) ~[derbyclient-10.10.1.1.jar:na]
	at org.apache.derby.client.am.PreparedStatement.readPrepareDescribeInputOutput(Unknown Source) ~[derbyclient-10.10.1.1.jar:na]
	at org.apache.derby.client.am.PreparedStatement.flowPrepareDescribeInputOutput(Unknown Source) ~[derbyclient-10.10.1.1.jar:na]
	at org.apache.derby.client.am.PreparedStatement.prepare(Unknown Source) ~[derbyclient-10.10.1.1.jar:na]
	at org.apache.derby.client.am.Connection.prepareStatementX(Unknown Source) ~[derbyclient-10.10.1.1.jar:na]
	... 5 common frames omitted
09:54:16.617 [main] WARN  cz.muni.fi.pv168.rent.Error - Error execution script : {}file:/D:/muni/sem6/pv168/project/rent/target/classes/initTables.sql
java.sql.SQLSyntaxErrorException: Attempt to modify an identity column 'ID'. 
	at org.apache.derby.client.am.SQLExceptionFactory40.getSQLException(Unknown Source) ~[derbyclient-10.10.1.1.jar:na]
	at org.apache.derby.client.am.SqlException.getSQLException(Unknown Source) ~[derbyclient-10.10.1.1.jar:na]
	at org.apache.derby.client.am.Connection.prepareStatement(Unknown Source) ~[derbyclient-10.10.1.1.jar:na]
	at org.apache.tomcat.dbcp.dbcp2.DelegatingConnection.prepareStatement(DelegatingConnection.java:288) ~[tomcat-dbcp-8.0.5.jar:8.0.5]
	at org.apache.tomcat.dbcp.dbcp2.DelegatingConnection.prepareStatement(DelegatingConnection.java:288) ~[tomcat-dbcp-8.0.5.jar:8.0.5]
	at cz.muni.fi.pv168.rent.DBUtils.executeSqlScript(DBUtils.java:328) ~[classes/:na]
	at cz.muni.fi.pv168.rent.Demo.main(Demo.java:21) [classes/:na]
Caused by: org.apache.derby.client.am.SqlException: Attempt to modify an identity column 'ID'. 
	at org.apache.derby.client.am.Statement.completeSqlca(Unknown Source) ~[derbyclient-10.10.1.1.jar:na]
	at org.apache.derby.client.net.NetStatementReply.parsePrepareError(Unknown Source) ~[derbyclient-10.10.1.1.jar:na]
	at org.apache.derby.client.net.NetStatementReply.parsePRPSQLSTTreply(Unknown Source) ~[derbyclient-10.10.1.1.jar:na]
	at org.apache.derby.client.net.NetStatementReply.readPrepareDescribeOutput(Unknown Source) ~[derbyclient-10.10.1.1.jar:na]
	at org.apache.derby.client.net.StatementReply.readPrepareDescribeOutput(Unknown Source) ~[derbyclient-10.10.1.1.jar:na]
	at org.apache.derby.client.net.NetStatement.readPrepareDescribeOutput_(Unknown Source) ~[derbyclient-10.10.1.1.jar:na]
	at org.apache.derby.client.am.Statement.readPrepareDescribeOutput(Unknown Source) ~[derbyclient-10.10.1.1.jar:na]
	at org.apache.derby.client.am.PreparedStatement.readPrepareDescribeInputOutput(Unknown Source) ~[derbyclient-10.10.1.1.jar:na]
	at org.apache.derby.client.am.PreparedStatement.flowPrepareDescribeInputOutput(Unknown Source) ~[derbyclient-10.10.1.1.jar:na]
	at org.apache.derby.client.am.PreparedStatement.prepare(Unknown Source) ~[derbyclient-10.10.1.1.jar:na]
	at org.apache.derby.client.am.Connection.prepareStatementX(Unknown Source) ~[derbyclient-10.10.1.1.jar:na]
	... 5 common frames omitted
10:15:27.690 [AWT-EventQueue-0] WARN  cz.muni.fi.pv168.rent.Error - Vehicle{id=1, price=250.0000, brand=SEAT}: Error when deleting from database. You must delete all reservation using this entity first.: Table/View 'VEHICLE' does not exist.
10:29:05.347 [main] WARN  cz.muni.fi.pv168.rent.Error - Error execution script : {}file:/D:/muni/sem6/pv168/project/rent/target/classes/createTables.sql
java.sql.SQLException: Table/View 'VEHICLE' already exists in Schema 'XPASTOR1'.
	at org.apache.derby.client.am.SQLExceptionFactory40.getSQLException(Unknown Source) ~[derbyclient-10.10.1.1.jar:na]
	at org.apache.derby.client.am.SqlException.getSQLException(Unknown Source) ~[derbyclient-10.10.1.1.jar:na]
	at org.apache.derby.client.am.PreparedStatement.executeUpdate(Unknown Source) ~[derbyclient-10.10.1.1.jar:na]
	at org.apache.tomcat.dbcp.dbcp2.DelegatingPreparedStatement.executeUpdate(DelegatingPreparedStatement.java:97) ~[tomcat-dbcp-8.0.5.jar:8.0.5]
	at org.apache.tomcat.dbcp.dbcp2.DelegatingPreparedStatement.executeUpdate(DelegatingPreparedStatement.java:97) ~[tomcat-dbcp-8.0.5.jar:8.0.5]
	at cz.muni.fi.pv168.rent.DBUtils.executeSqlScript(DBUtils.java:328) ~[classes/:na]
	at cz.muni.fi.pv168.rent.MainWindow.main(MainWindow.java:946) [classes/:na]
Caused by: org.apache.derby.client.am.SqlException: Table/View 'VEHICLE' already exists in Schema 'XPASTOR1'.
	at org.apache.derby.client.am.Statement.completeExecute(Unknown Source) ~[derbyclient-10.10.1.1.jar:na]
	at org.apache.derby.client.net.NetStatementReply.parseEXCSQLSTTreply(Unknown Source) ~[derbyclient-10.10.1.1.jar:na]
	at org.apache.derby.client.net.NetStatementReply.readExecute(Unknown Source) ~[derbyclient-10.10.1.1.jar:na]
	at org.apache.derby.client.net.StatementReply.readExecute(Unknown Source) ~[derbyclient-10.10.1.1.jar:na]
	at org.apache.derby.client.net.NetPreparedStatement.readExecute_(Unknown Source) ~[derbyclient-10.10.1.1.jar:na]
	at org.apache.derby.client.am.PreparedStatement.readExecute(Unknown Source) ~[derbyclient-10.10.1.1.jar:na]
	at org.apache.derby.client.am.PreparedStatement.flowExecute(Unknown Source) ~[derbyclient-10.10.1.1.jar:na]
	at org.apache.derby.client.am.PreparedStatement.executeUpdateX(Unknown Source) ~[derbyclient-10.10.1.1.jar:na]
	... 5 common frames omitted
10:37:14.383 [main] WARN  cz.muni.fi.pv168.rent.Error - Error execution script : {}file:/D:/muni/sem6/pv168/project/rent/target/classes/createTables.sql
java.sql.SQLException: Table/View 'VEHICLE' already exists in Schema 'XPASTOR1'.
	at org.apache.derby.client.am.SQLExceptionFactory40.getSQLException(Unknown Source) ~[derbyclient-10.10.1.1.jar:na]
	at org.apache.derby.client.am.SqlException.getSQLException(Unknown Source) ~[derbyclient-10.10.1.1.jar:na]
	at org.apache.derby.client.am.PreparedStatement.executeUpdate(Unknown Source) ~[derbyclient-10.10.1.1.jar:na]
	at org.apache.tomcat.dbcp.dbcp2.DelegatingPreparedStatement.executeUpdate(DelegatingPreparedStatement.java:97) ~[tomcat-dbcp-8.0.5.jar:8.0.5]
	at org.apache.tomcat.dbcp.dbcp2.DelegatingPreparedStatement.executeUpdate(DelegatingPreparedStatement.java:97) ~[tomcat-dbcp-8.0.5.jar:8.0.5]
	at cz.muni.fi.pv168.rent.DBUtils.executeSqlScript(DBUtils.java:328) ~[classes/:na]
	at cz.muni.fi.pv168.rent.MainWindow.main(MainWindow.java:956) [classes/:na]
Caused by: org.apache.derby.client.am.SqlException: Table/View 'VEHICLE' already exists in Schema 'XPASTOR1'.
	at org.apache.derby.client.am.Statement.completeExecute(Unknown Source) ~[derbyclient-10.10.1.1.jar:na]
	at org.apache.derby.client.net.NetStatementReply.parseEXCSQLSTTreply(Unknown Source) ~[derbyclient-10.10.1.1.jar:na]
	at org.apache.derby.client.net.NetStatementReply.readExecute(Unknown Source) ~[derbyclient-10.10.1.1.jar:na]
	at org.apache.derby.client.net.StatementReply.readExecute(Unknown Source) ~[derbyclient-10.10.1.1.jar:na]
	at org.apache.derby.client.net.NetPreparedStatement.readExecute_(Unknown Source) ~[derbyclient-10.10.1.1.jar:na]
	at org.apache.derby.client.am.PreparedStatement.readExecute(Unknown Source) ~[derbyclient-10.10.1.1.jar:na]
	at org.apache.derby.client.am.PreparedStatement.flowExecute(Unknown Source) ~[derbyclient-10.10.1.1.jar:na]
	at org.apache.derby.client.am.PreparedStatement.executeUpdateX(Unknown Source) ~[derbyclient-10.10.1.1.jar:na]
	... 5 common frames omitted
11:13:58.156 [main] WARN  cz.muni.fi.pv168.rent.Error - Error execution script : {}file:/C:/javaProjects/rentFinal/target/classes/createTables.sql
java.sql.SQLException: Cannot create PoolableConnectionFactory (java.net.ConnectException : Error connecting to server localhost on port 1527 with message Connection refused: connect.)
	at org.apache.tomcat.dbcp.dbcp2.BasicDataSource.createPoolableConnectionFactory(BasicDataSource.java:2152) ~[tomcat-dbcp-8.0.5.jar:8.0.5]
	at org.apache.tomcat.dbcp.dbcp2.BasicDataSource.createDataSource(BasicDataSource.java:1903) ~[tomcat-dbcp-8.0.5.jar:8.0.5]
	at org.apache.tomcat.dbcp.dbcp2.BasicDataSource.getConnection(BasicDataSource.java:1413) ~[tomcat-dbcp-8.0.5.jar:8.0.5]
	at cz.muni.fi.pv168.rent.DBUtils.executeSqlScript(DBUtils.java:325) ~[classes/:na]
	at cz.muni.fi.pv168.rent.MainWindow.main(MainWindow.java:1089) [classes/:na]
Caused by: java.sql.SQLNonTransientConnectionException: java.net.ConnectException : Error connecting to server localhost on port 1527 with message Connection refused: connect.
	at org.apache.derby.client.am.SQLExceptionFactory40.getSQLException(Unknown Source) ~[derbyclient-10.10.1.1.jar:na]
	at org.apache.derby.client.am.SqlException.getSQLException(Unknown Source) ~[derbyclient-10.10.1.1.jar:na]
	at org.apache.derby.jdbc.ClientDriver.connect(Unknown Source) ~[derbyclient-10.10.1.1.jar:na]
	at org.apache.tomcat.dbcp.dbcp2.DriverConnectionFactory.createConnection(DriverConnectionFactory.java:39) ~[tomcat-dbcp-8.0.5.jar:8.0.5]
	at org.apache.tomcat.dbcp.dbcp2.PoolableConnectionFactory.makeObject(PoolableConnectionFactory.java:205) ~[tomcat-dbcp-8.0.5.jar:8.0.5]
	at org.apache.tomcat.dbcp.dbcp2.BasicDataSource.validateConnectionFactory(BasicDataSource.java:2162) ~[tomcat-dbcp-8.0.5.jar:8.0.5]
	at org.apache.tomcat.dbcp.dbcp2.BasicDataSource.createPoolableConnectionFactory(BasicDataSource.java:2148) ~[tomcat-dbcp-8.0.5.jar:8.0.5]
	... 4 common frames omitted
Caused by: org.apache.derby.client.am.DisconnectException: java.net.ConnectException : Error connecting to server localhost on port 1527 with message Connection refused: connect.
	at org.apache.derby.client.net.NetAgent.<init>(Unknown Source) ~[derbyclient-10.10.1.1.jar:na]
	at org.apache.derby.client.net.NetConnection.newAgent_(Unknown Source) ~[derbyclient-10.10.1.1.jar:na]
	at org.apache.derby.client.am.Connection.<init>(Unknown Source) ~[derbyclient-10.10.1.1.jar:na]
	at org.apache.derby.client.net.NetConnection.<init>(Unknown Source) ~[derbyclient-10.10.1.1.jar:na]
	at org.apache.derby.client.net.NetConnection40.<init>(Unknown Source) ~[derbyclient-10.10.1.1.jar:na]
	at org.apache.derby.client.net.ClientJDBCObjectFactoryImpl40.newNetConnection(Unknown Source) ~[derbyclient-10.10.1.1.jar:na]
	... 9 common frames omitted
Caused by: java.net.ConnectException: Connection refused: connect
	at java.net.TwoStacksPlainSocketImpl.socketConnect(Native Method) ~[na:1.7.0_40]
	at java.net.AbstractPlainSocketImpl.doConnect(AbstractPlainSocketImpl.java:339) ~[na:1.7.0_40]
	at java.net.AbstractPlainSocketImpl.connectToAddress(AbstractPlainSocketImpl.java:200) ~[na:1.7.0_40]
	at java.net.AbstractPlainSocketImpl.connect(AbstractPlainSocketImpl.java:182) ~[na:1.7.0_40]
	at java.net.PlainSocketImpl.connect(PlainSocketImpl.java:172) ~[na:1.7.0_40]
	at java.net.SocksSocketImpl.connect(SocksSocketImpl.java:392) ~[na:1.7.0_40]
	at java.net.Socket.connect(Socket.java:579) ~[na:1.7.0_40]
	at java.net.Socket.connect(Socket.java:528) ~[na:1.7.0_40]
	at java.net.Socket.<init>(Socket.java:425) ~[na:1.7.0_40]
	at java.net.Socket.<init>(Socket.java:208) ~[na:1.7.0_40]
	at javax.net.DefaultSocketFactory.createSocket(SocketFactory.java:271) ~[na:1.7.0_40]
	at org.apache.derby.client.net.OpenSocketAction.run(Unknown Source) ~[derbyclient-10.10.1.1.jar:na]
	at org.apache.derby.client.net.OpenSocketAction.run(Unknown Source) ~[derbyclient-10.10.1.1.jar:na]
	at java.security.AccessController.doPrivileged(Native Method) ~[na:1.7.0_40]
	... 15 common frames omitted
11:13:59.078 [main] WARN  cz.muni.fi.pv168.rent.Error - Error execution script : {}file:/C:/javaProjects/rentFinal/target/classes/initTables.sql
java.sql.SQLException: Cannot create PoolableConnectionFactory (java.net.ConnectException : Error connecting to server localhost on port 1527 with message Connection refused: connect.)
	at org.apache.tomcat.dbcp.dbcp2.BasicDataSource.createPoolableConnectionFactory(BasicDataSource.java:2152) ~[tomcat-dbcp-8.0.5.jar:8.0.5]
	at org.apache.tomcat.dbcp.dbcp2.BasicDataSource.createDataSource(BasicDataSource.java:1903) ~[tomcat-dbcp-8.0.5.jar:8.0.5]
	at org.apache.tomcat.dbcp.dbcp2.BasicDataSource.getConnection(BasicDataSource.java:1413) ~[tomcat-dbcp-8.0.5.jar:8.0.5]
	at cz.muni.fi.pv168.rent.DBUtils.executeSqlScript(DBUtils.java:325) ~[classes/:na]
	at cz.muni.fi.pv168.rent.MainWindow.main(MainWindow.java:1092) [classes/:na]
Caused by: java.sql.SQLNonTransientConnectionException: java.net.ConnectException : Error connecting to server localhost on port 1527 with message Connection refused: connect.
	at org.apache.derby.client.am.SQLExceptionFactory40.getSQLException(Unknown Source) ~[derbyclient-10.10.1.1.jar:na]
	at org.apache.derby.client.am.SqlException.getSQLException(Unknown Source) ~[derbyclient-10.10.1.1.jar:na]
	at org.apache.derby.jdbc.ClientDriver.connect(Unknown Source) ~[derbyclient-10.10.1.1.jar:na]
	at org.apache.tomcat.dbcp.dbcp2.DriverConnectionFactory.createConnection(DriverConnectionFactory.java:39) ~[tomcat-dbcp-8.0.5.jar:8.0.5]
	at org.apache.tomcat.dbcp.dbcp2.PoolableConnectionFactory.makeObject(PoolableConnectionFactory.java:205) ~[tomcat-dbcp-8.0.5.jar:8.0.5]
	at org.apache.tomcat.dbcp.dbcp2.BasicDataSource.validateConnectionFactory(BasicDataSource.java:2162) ~[tomcat-dbcp-8.0.5.jar:8.0.5]
	at org.apache.tomcat.dbcp.dbcp2.BasicDataSource.createPoolableConnectionFactory(BasicDataSource.java:2148) ~[tomcat-dbcp-8.0.5.jar:8.0.5]
	... 4 common frames omitted
Caused by: org.apache.derby.client.am.DisconnectException: java.net.ConnectException : Error connecting to server localhost on port 1527 with message Connection refused: connect.
	at org.apache.derby.client.net.NetAgent.<init>(Unknown Source) ~[derbyclient-10.10.1.1.jar:na]
	at org.apache.derby.client.net.NetConnection.newAgent_(Unknown Source) ~[derbyclient-10.10.1.1.jar:na]
	at org.apache.derby.client.am.Connection.<init>(Unknown Source) ~[derbyclient-10.10.1.1.jar:na]
	at org.apache.derby.client.net.NetConnection.<init>(Unknown Source) ~[derbyclient-10.10.1.1.jar:na]
	at org.apache.derby.client.net.NetConnection40.<init>(Unknown Source) ~[derbyclient-10.10.1.1.jar:na]
	at org.apache.derby.client.net.ClientJDBCObjectFactoryImpl40.newNetConnection(Unknown Source) ~[derbyclient-10.10.1.1.jar:na]
	... 9 common frames omitted
Caused by: java.net.ConnectException: Connection refused: connect
	at java.net.TwoStacksPlainSocketImpl.socketConnect(Native Method) ~[na:1.7.0_40]
	at java.net.AbstractPlainSocketImpl.doConnect(AbstractPlainSocketImpl.java:339) ~[na:1.7.0_40]
	at java.net.AbstractPlainSocketImpl.connectToAddress(AbstractPlainSocketImpl.java:200) ~[na:1.7.0_40]
	at java.net.AbstractPlainSocketImpl.connect(AbstractPlainSocketImpl.java:182) ~[na:1.7.0_40]
	at java.net.PlainSocketImpl.connect(PlainSocketImpl.java:172) ~[na:1.7.0_40]
	at java.net.SocksSocketImpl.connect(SocksSocketImpl.java:392) ~[na:1.7.0_40]
	at java.net.Socket.connect(Socket.java:579) ~[na:1.7.0_40]
	at java.net.Socket.connect(Socket.java:528) ~[na:1.7.0_40]
	at java.net.Socket.<init>(Socket.java:425) ~[na:1.7.0_40]
	at java.net.Socket.<init>(Socket.java:208) ~[na:1.7.0_40]
	at javax.net.DefaultSocketFactory.createSocket(SocketFactory.java:271) ~[na:1.7.0_40]
	at org.apache.derby.client.net.OpenSocketAction.run(Unknown Source) ~[derbyclient-10.10.1.1.jar:na]
	at org.apache.derby.client.net.OpenSocketAction.run(Unknown Source) ~[derbyclient-10.10.1.1.jar:na]
	at java.security.AccessController.doPrivileged(Native Method) ~[na:1.7.0_40]
	... 15 common frames omitted
11:14:00.093 [main] WARN  cz.muni.fi.pv168.rent.Error - Error execution script : {}file:/C:/javaProjects/rentFinal/target/classes/dropTables.sql
java.sql.SQLException: Cannot create PoolableConnectionFactory (java.net.ConnectException : Error connecting to server localhost on port 1527 with message Connection refused: connect.)
	at org.apache.tomcat.dbcp.dbcp2.BasicDataSource.createPoolableConnectionFactory(BasicDataSource.java:2152) ~[tomcat-dbcp-8.0.5.jar:8.0.5]
	at org.apache.tomcat.dbcp.dbcp2.BasicDataSource.createDataSource(BasicDataSource.java:1903) ~[tomcat-dbcp-8.0.5.jar:8.0.5]
	at org.apache.tomcat.dbcp.dbcp2.BasicDataSource.getConnection(BasicDataSource.java:1413) ~[tomcat-dbcp-8.0.5.jar:8.0.5]
	at cz.muni.fi.pv168.rent.DBUtils.executeSqlScript(DBUtils.java:325) ~[classes/:na]
	at cz.muni.fi.pv168.rent.MainWindow.main(MainWindow.java:1103) [classes/:na]
Caused by: java.sql.SQLNonTransientConnectionException: java.net.ConnectException : Error connecting to server localhost on port 1527 with message Connection refused: connect.
	at org.apache.derby.client.am.SQLExceptionFactory40.getSQLException(Unknown Source) ~[derbyclient-10.10.1.1.jar:na]
	at org.apache.derby.client.am.SqlException.getSQLException(Unknown Source) ~[derbyclient-10.10.1.1.jar:na]
	at org.apache.derby.jdbc.ClientDriver.connect(Unknown Source) ~[derbyclient-10.10.1.1.jar:na]
	at org.apache.tomcat.dbcp.dbcp2.DriverConnectionFactory.createConnection(DriverConnectionFactory.java:39) ~[tomcat-dbcp-8.0.5.jar:8.0.5]
	at org.apache.tomcat.dbcp.dbcp2.PoolableConnectionFactory.makeObject(PoolableConnectionFactory.java:205) ~[tomcat-dbcp-8.0.5.jar:8.0.5]
	at org.apache.tomcat.dbcp.dbcp2.BasicDataSource.validateConnectionFactory(BasicDataSource.java:2162) ~[tomcat-dbcp-8.0.5.jar:8.0.5]
	at org.apache.tomcat.dbcp.dbcp2.BasicDataSource.createPoolableConnectionFactory(BasicDataSource.java:2148) ~[tomcat-dbcp-8.0.5.jar:8.0.5]
	... 4 common frames omitted
Caused by: org.apache.derby.client.am.DisconnectException: java.net.ConnectException : Error connecting to server localhost on port 1527 with message Connection refused: connect.
	at org.apache.derby.client.net.NetAgent.<init>(Unknown Source) ~[derbyclient-10.10.1.1.jar:na]
	at org.apache.derby.client.net.NetConnection.newAgent_(Unknown Source) ~[derbyclient-10.10.1.1.jar:na]
	at org.apache.derby.client.am.Connection.<init>(Unknown Source) ~[derbyclient-10.10.1.1.jar:na]
	at org.apache.derby.client.net.NetConnection.<init>(Unknown Source) ~[derbyclient-10.10.1.1.jar:na]
	at org.apache.derby.client.net.NetConnection40.<init>(Unknown Source) ~[derbyclient-10.10.1.1.jar:na]
	at org.apache.derby.client.net.ClientJDBCObjectFactoryImpl40.newNetConnection(Unknown Source) ~[derbyclient-10.10.1.1.jar:na]
	... 9 common frames omitted
Caused by: java.net.ConnectException: Connection refused: connect
	at java.net.TwoStacksPlainSocketImpl.socketConnect(Native Method) ~[na:1.7.0_40]
	at java.net.AbstractPlainSocketImpl.doConnect(AbstractPlainSocketImpl.java:339) ~[na:1.7.0_40]
	at java.net.AbstractPlainSocketImpl.connectToAddress(AbstractPlainSocketImpl.java:200) ~[na:1.7.0_40]
	at java.net.AbstractPlainSocketImpl.connect(AbstractPlainSocketImpl.java:182) ~[na:1.7.0_40]
	at java.net.PlainSocketImpl.connect(PlainSocketImpl.java:172) ~[na:1.7.0_40]
	at java.net.SocksSocketImpl.connect(SocksSocketImpl.java:392) ~[na:1.7.0_40]
	at java.net.Socket.connect(Socket.java:579) ~[na:1.7.0_40]
	at java.net.Socket.connect(Socket.java:528) ~[na:1.7.0_40]
	at java.net.Socket.<init>(Socket.java:425) ~[na:1.7.0_40]
	at java.net.Socket.<init>(Socket.java:208) ~[na:1.7.0_40]
	at javax.net.DefaultSocketFactory.createSocket(SocketFactory.java:271) ~[na:1.7.0_40]
	at org.apache.derby.client.net.OpenSocketAction.run(Unknown Source) ~[derbyclient-10.10.1.1.jar:na]
	at org.apache.derby.client.net.OpenSocketAction.run(Unknown Source) ~[derbyclient-10.10.1.1.jar:na]
	at java.security.AccessController.doPrivileged(Native Method) ~[na:1.7.0_40]
	... 15 common frames omitted
11:15:05.312 [main] WARN  cz.muni.fi.pv168.rent.Error - Error execution script : {}file:/C:/javaProjects/rentFinal/target/classes/createTables.sql
java.sql.SQLException: Cannot create PoolableConnectionFactory (java.net.ConnectException : Error connecting to server localhost on port 1527 with message Connection refused: connect.)
	at org.apache.tomcat.dbcp.dbcp2.BasicDataSource.createPoolableConnectionFactory(BasicDataSource.java:2152) ~[tomcat-dbcp-8.0.5.jar:8.0.5]
	at org.apache.tomcat.dbcp.dbcp2.BasicDataSource.createDataSource(BasicDataSource.java:1903) ~[tomcat-dbcp-8.0.5.jar:8.0.5]
	at org.apache.tomcat.dbcp.dbcp2.BasicDataSource.getConnection(BasicDataSource.java:1413) ~[tomcat-dbcp-8.0.5.jar:8.0.5]
	at cz.muni.fi.pv168.rent.DBUtils.executeSqlScript(DBUtils.java:325) ~[classes/:na]
	at cz.muni.fi.pv168.rent.MainWindow.main(MainWindow.java:1089) [classes/:na]
Caused by: java.sql.SQLNonTransientConnectionException: java.net.ConnectException : Error connecting to server localhost on port 1527 with message Connection refused: connect.
	at org.apache.derby.client.am.SQLExceptionFactory40.getSQLException(Unknown Source) ~[derbyclient-10.10.1.1.jar:na]
	at org.apache.derby.client.am.SqlException.getSQLException(Unknown Source) ~[derbyclient-10.10.1.1.jar:na]
	at org.apache.derby.jdbc.ClientDriver.connect(Unknown Source) ~[derbyclient-10.10.1.1.jar:na]
	at org.apache.tomcat.dbcp.dbcp2.DriverConnectionFactory.createConnection(DriverConnectionFactory.java:39) ~[tomcat-dbcp-8.0.5.jar:8.0.5]
	at org.apache.tomcat.dbcp.dbcp2.PoolableConnectionFactory.makeObject(PoolableConnectionFactory.java:205) ~[tomcat-dbcp-8.0.5.jar:8.0.5]
	at org.apache.tomcat.dbcp.dbcp2.BasicDataSource.validateConnectionFactory(BasicDataSource.java:2162) ~[tomcat-dbcp-8.0.5.jar:8.0.5]
	at org.apache.tomcat.dbcp.dbcp2.BasicDataSource.createPoolableConnectionFactory(BasicDataSource.java:2148) ~[tomcat-dbcp-8.0.5.jar:8.0.5]
	... 4 common frames omitted
Caused by: org.apache.derby.client.am.DisconnectException: java.net.ConnectException : Error connecting to server localhost on port 1527 with message Connection refused: connect.
	at org.apache.derby.client.net.NetAgent.<init>(Unknown Source) ~[derbyclient-10.10.1.1.jar:na]
	at org.apache.derby.client.net.NetConnection.newAgent_(Unknown Source) ~[derbyclient-10.10.1.1.jar:na]
	at org.apache.derby.client.am.Connection.<init>(Unknown Source) ~[derbyclient-10.10.1.1.jar:na]
	at org.apache.derby.client.net.NetConnection.<init>(Unknown Source) ~[derbyclient-10.10.1.1.jar:na]
	at org.apache.derby.client.net.NetConnection40.<init>(Unknown Source) ~[derbyclient-10.10.1.1.jar:na]
	at org.apache.derby.client.net.ClientJDBCObjectFactoryImpl40.newNetConnection(Unknown Source) ~[derbyclient-10.10.1.1.jar:na]
	... 9 common frames omitted
Caused by: java.net.ConnectException: Connection refused: connect
	at java.net.TwoStacksPlainSocketImpl.socketConnect(Native Method) ~[na:1.7.0_40]
	at java.net.AbstractPlainSocketImpl.doConnect(AbstractPlainSocketImpl.java:339) ~[na:1.7.0_40]
	at java.net.AbstractPlainSocketImpl.connectToAddress(AbstractPlainSocketImpl.java:200) ~[na:1.7.0_40]
	at java.net.AbstractPlainSocketImpl.connect(AbstractPlainSocketImpl.java:182) ~[na:1.7.0_40]
	at java.net.PlainSocketImpl.connect(PlainSocketImpl.java:172) ~[na:1.7.0_40]
	at java.net.SocksSocketImpl.connect(SocksSocketImpl.java:392) ~[na:1.7.0_40]
	at java.net.Socket.connect(Socket.java:579) ~[na:1.7.0_40]
	at java.net.Socket.connect(Socket.java:528) ~[na:1.7.0_40]
	at java.net.Socket.<init>(Socket.java:425) ~[na:1.7.0_40]
	at java.net.Socket.<init>(Socket.java:208) ~[na:1.7.0_40]
	at javax.net.DefaultSocketFactory.createSocket(SocketFactory.java:271) ~[na:1.7.0_40]
	at org.apache.derby.client.net.OpenSocketAction.run(Unknown Source) ~[derbyclient-10.10.1.1.jar:na]
	at org.apache.derby.client.net.OpenSocketAction.run(Unknown Source) ~[derbyclient-10.10.1.1.jar:na]
	at java.security.AccessController.doPrivileged(Native Method) ~[na:1.7.0_40]
	... 15 common frames omitted
11:15:06.265 [main] WARN  cz.muni.fi.pv168.rent.Error - Error execution script : {}file:/C:/javaProjects/rentFinal/target/classes/initTables.sql
java.sql.SQLException: Cannot create PoolableConnectionFactory (java.net.ConnectException : Error connecting to server localhost on port 1527 with message Connection refused: connect.)
	at org.apache.tomcat.dbcp.dbcp2.BasicDataSource.createPoolableConnectionFactory(BasicDataSource.java:2152) ~[tomcat-dbcp-8.0.5.jar:8.0.5]
	at org.apache.tomcat.dbcp.dbcp2.BasicDataSource.createDataSource(BasicDataSource.java:1903) ~[tomcat-dbcp-8.0.5.jar:8.0.5]
	at org.apache.tomcat.dbcp.dbcp2.BasicDataSource.getConnection(BasicDataSource.java:1413) ~[tomcat-dbcp-8.0.5.jar:8.0.5]
	at cz.muni.fi.pv168.rent.DBUtils.executeSqlScript(DBUtils.java:325) ~[classes/:na]
	at cz.muni.fi.pv168.rent.MainWindow.main(MainWindow.java:1092) [classes/:na]
Caused by: java.sql.SQLNonTransientConnectionException: java.net.ConnectException : Error connecting to server localhost on port 1527 with message Connection refused: connect.
	at org.apache.derby.client.am.SQLExceptionFactory40.getSQLException(Unknown Source) ~[derbyclient-10.10.1.1.jar:na]
	at org.apache.derby.client.am.SqlException.getSQLException(Unknown Source) ~[derbyclient-10.10.1.1.jar:na]
	at org.apache.derby.jdbc.ClientDriver.connect(Unknown Source) ~[derbyclient-10.10.1.1.jar:na]
	at org.apache.tomcat.dbcp.dbcp2.DriverConnectionFactory.createConnection(DriverConnectionFactory.java:39) ~[tomcat-dbcp-8.0.5.jar:8.0.5]
	at org.apache.tomcat.dbcp.dbcp2.PoolableConnectionFactory.makeObject(PoolableConnectionFactory.java:205) ~[tomcat-dbcp-8.0.5.jar:8.0.5]
	at org.apache.tomcat.dbcp.dbcp2.BasicDataSource.validateConnectionFactory(BasicDataSource.java:2162) ~[tomcat-dbcp-8.0.5.jar:8.0.5]
	at org.apache.tomcat.dbcp.dbcp2.BasicDataSource.createPoolableConnectionFactory(BasicDataSource.java:2148) ~[tomcat-dbcp-8.0.5.jar:8.0.5]
	... 4 common frames omitted
Caused by: org.apache.derby.client.am.DisconnectException: java.net.ConnectException : Error connecting to server localhost on port 1527 with message Connection refused: connect.
	at org.apache.derby.client.net.NetAgent.<init>(Unknown Source) ~[derbyclient-10.10.1.1.jar:na]
	at org.apache.derby.client.net.NetConnection.newAgent_(Unknown Source) ~[derbyclient-10.10.1.1.jar:na]
	at org.apache.derby.client.am.Connection.<init>(Unknown Source) ~[derbyclient-10.10.1.1.jar:na]
	at org.apache.derby.client.net.NetConnection.<init>(Unknown Source) ~[derbyclient-10.10.1.1.jar:na]
	at org.apache.derby.client.net.NetConnection40.<init>(Unknown Source) ~[derbyclient-10.10.1.1.jar:na]
	at org.apache.derby.client.net.ClientJDBCObjectFactoryImpl40.newNetConnection(Unknown Source) ~[derbyclient-10.10.1.1.jar:na]
	... 9 common frames omitted
Caused by: java.net.ConnectException: Connection refused: connect
	at java.net.TwoStacksPlainSocketImpl.socketConnect(Native Method) ~[na:1.7.0_40]
	at java.net.AbstractPlainSocketImpl.doConnect(AbstractPlainSocketImpl.java:339) ~[na:1.7.0_40]
	at java.net.AbstractPlainSocketImpl.connectToAddress(AbstractPlainSocketImpl.java:200) ~[na:1.7.0_40]
	at java.net.AbstractPlainSocketImpl.connect(AbstractPlainSocketImpl.java:182) ~[na:1.7.0_40]
	at java.net.PlainSocketImpl.connect(PlainSocketImpl.java:172) ~[na:1.7.0_40]
	at java.net.SocksSocketImpl.connect(SocksSocketImpl.java:392) ~[na:1.7.0_40]
	at java.net.Socket.connect(Socket.java:579) ~[na:1.7.0_40]
	at java.net.Socket.connect(Socket.java:528) ~[na:1.7.0_40]
	at java.net.Socket.<init>(Socket.java:425) ~[na:1.7.0_40]
	at java.net.Socket.<init>(Socket.java:208) ~[na:1.7.0_40]
	at javax.net.DefaultSocketFactory.createSocket(SocketFactory.java:271) ~[na:1.7.0_40]
	at org.apache.derby.client.net.OpenSocketAction.run(Unknown Source) ~[derbyclient-10.10.1.1.jar:na]
	at org.apache.derby.client.net.OpenSocketAction.run(Unknown Source) ~[derbyclient-10.10.1.1.jar:na]
	at java.security.AccessController.doPrivileged(Native Method) ~[na:1.7.0_40]
	... 15 common frames omitted
11:15:07.281 [main] WARN  cz.muni.fi.pv168.rent.Error - Error execution script : {}file:/C:/javaProjects/rentFinal/target/classes/dropTables.sql
java.sql.SQLException: Cannot create PoolableConnectionFactory (java.net.ConnectException : Error connecting to server localhost on port 1527 with message Connection refused: connect.)
	at org.apache.tomcat.dbcp.dbcp2.BasicDataSource.createPoolableConnectionFactory(BasicDataSource.java:2152) ~[tomcat-dbcp-8.0.5.jar:8.0.5]
	at org.apache.tomcat.dbcp.dbcp2.BasicDataSource.createDataSource(BasicDataSource.java:1903) ~[tomcat-dbcp-8.0.5.jar:8.0.5]
	at org.apache.tomcat.dbcp.dbcp2.BasicDataSource.getConnection(BasicDataSource.java:1413) ~[tomcat-dbcp-8.0.5.jar:8.0.5]
	at cz.muni.fi.pv168.rent.DBUtils.executeSqlScript(DBUtils.java:325) ~[classes/:na]
	at cz.muni.fi.pv168.rent.MainWindow.main(MainWindow.java:1103) [classes/:na]
Caused by: java.sql.SQLNonTransientConnectionException: java.net.ConnectException : Error connecting to server localhost on port 1527 with message Connection refused: connect.
	at org.apache.derby.client.am.SQLExceptionFactory40.getSQLException(Unknown Source) ~[derbyclient-10.10.1.1.jar:na]
	at org.apache.derby.client.am.SqlException.getSQLException(Unknown Source) ~[derbyclient-10.10.1.1.jar:na]
	at org.apache.derby.jdbc.ClientDriver.connect(Unknown Source) ~[derbyclient-10.10.1.1.jar:na]
	at org.apache.tomcat.dbcp.dbcp2.DriverConnectionFactory.createConnection(DriverConnectionFactory.java:39) ~[tomcat-dbcp-8.0.5.jar:8.0.5]
	at org.apache.tomcat.dbcp.dbcp2.PoolableConnectionFactory.makeObject(PoolableConnectionFactory.java:205) ~[tomcat-dbcp-8.0.5.jar:8.0.5]
	at org.apache.tomcat.dbcp.dbcp2.BasicDataSource.validateConnectionFactory(BasicDataSource.java:2162) ~[tomcat-dbcp-8.0.5.jar:8.0.5]
	at org.apache.tomcat.dbcp.dbcp2.BasicDataSource.createPoolableConnectionFactory(BasicDataSource.java:2148) ~[tomcat-dbcp-8.0.5.jar:8.0.5]
	... 4 common frames omitted
Caused by: org.apache.derby.client.am.DisconnectException: java.net.ConnectException : Error connecting to server localhost on port 1527 with message Connection refused: connect.
	at org.apache.derby.client.net.NetAgent.<init>(Unknown Source) ~[derbyclient-10.10.1.1.jar:na]
	at org.apache.derby.client.net.NetConnection.newAgent_(Unknown Source) ~[derbyclient-10.10.1.1.jar:na]
	at org.apache.derby.client.am.Connection.<init>(Unknown Source) ~[derbyclient-10.10.1.1.jar:na]
	at org.apache.derby.client.net.NetConnection.<init>(Unknown Source) ~[derbyclient-10.10.1.1.jar:na]
	at org.apache.derby.client.net.NetConnection40.<init>(Unknown Source) ~[derbyclient-10.10.1.1.jar:na]
	at org.apache.derby.client.net.ClientJDBCObjectFactoryImpl40.newNetConnection(Unknown Source) ~[derbyclient-10.10.1.1.jar:na]
	... 9 common frames omitted
Caused by: java.net.ConnectException: Connection refused: connect
	at java.net.TwoStacksPlainSocketImpl.socketConnect(Native Method) ~[na:1.7.0_40]
	at java.net.AbstractPlainSocketImpl.doConnect(AbstractPlainSocketImpl.java:339) ~[na:1.7.0_40]
	at java.net.AbstractPlainSocketImpl.connectToAddress(AbstractPlainSocketImpl.java:200) ~[na:1.7.0_40]
	at java.net.AbstractPlainSocketImpl.connect(AbstractPlainSocketImpl.java:182) ~[na:1.7.0_40]
	at java.net.PlainSocketImpl.connect(PlainSocketImpl.java:172) ~[na:1.7.0_40]
	at java.net.SocksSocketImpl.connect(SocksSocketImpl.java:392) ~[na:1.7.0_40]
	at java.net.Socket.connect(Socket.java:579) ~[na:1.7.0_40]
	at java.net.Socket.connect(Socket.java:528) ~[na:1.7.0_40]
	at java.net.Socket.<init>(Socket.java:425) ~[na:1.7.0_40]
	at java.net.Socket.<init>(Socket.java:208) ~[na:1.7.0_40]
	at javax.net.DefaultSocketFactory.createSocket(SocketFactory.java:271) ~[na:1.7.0_40]
	at org.apache.derby.client.net.OpenSocketAction.run(Unknown Source) ~[derbyclient-10.10.1.1.jar:na]
	at org.apache.derby.client.net.OpenSocketAction.run(Unknown Source) ~[derbyclient-10.10.1.1.jar:na]
	at java.security.AccessController.doPrivileged(Native Method) ~[na:1.7.0_40]
	... 15 common frames omitted
11:15:25.531 [main] WARN  cz.muni.fi.pv168.rent.Error - Error execution script : {}file:/C:/javaProjects/rentFinal/target/classes/createTables.sql
java.sql.SQLException: Cannot create PoolableConnectionFactory (java.net.ConnectException : Error connecting to server localhost on port 1527 with message Connection refused: connect.)
	at org.apache.tomcat.dbcp.dbcp2.BasicDataSource.createPoolableConnectionFactory(BasicDataSource.java:2152) ~[tomcat-dbcp-8.0.5.jar:8.0.5]
	at org.apache.tomcat.dbcp.dbcp2.BasicDataSource.createDataSource(BasicDataSource.java:1903) ~[tomcat-dbcp-8.0.5.jar:8.0.5]
	at org.apache.tomcat.dbcp.dbcp2.BasicDataSource.getConnection(BasicDataSource.java:1413) ~[tomcat-dbcp-8.0.5.jar:8.0.5]
	at cz.muni.fi.pv168.rent.DBUtils.executeSqlScript(DBUtils.java:325) ~[classes/:na]
	at cz.muni.fi.pv168.rent.MainWindow.main(MainWindow.java:1089) [classes/:na]
Caused by: java.sql.SQLNonTransientConnectionException: java.net.ConnectException : Error connecting to server localhost on port 1527 with message Connection refused: connect.
	at org.apache.derby.client.am.SQLExceptionFactory40.getSQLException(Unknown Source) ~[derbyclient-10.10.1.1.jar:na]
	at org.apache.derby.client.am.SqlException.getSQLException(Unknown Source) ~[derbyclient-10.10.1.1.jar:na]
	at org.apache.derby.jdbc.ClientDriver.connect(Unknown Source) ~[derbyclient-10.10.1.1.jar:na]
	at org.apache.tomcat.dbcp.dbcp2.DriverConnectionFactory.createConnection(DriverConnectionFactory.java:39) ~[tomcat-dbcp-8.0.5.jar:8.0.5]
	at org.apache.tomcat.dbcp.dbcp2.PoolableConnectionFactory.makeObject(PoolableConnectionFactory.java:205) ~[tomcat-dbcp-8.0.5.jar:8.0.5]
	at org.apache.tomcat.dbcp.dbcp2.BasicDataSource.validateConnectionFactory(BasicDataSource.java:2162) ~[tomcat-dbcp-8.0.5.jar:8.0.5]
	at org.apache.tomcat.dbcp.dbcp2.BasicDataSource.createPoolableConnectionFactory(BasicDataSource.java:2148) ~[tomcat-dbcp-8.0.5.jar:8.0.5]
	... 4 common frames omitted
Caused by: org.apache.derby.client.am.DisconnectException: java.net.ConnectException : Error connecting to server localhost on port 1527 with message Connection refused: connect.
	at org.apache.derby.client.net.NetAgent.<init>(Unknown Source) ~[derbyclient-10.10.1.1.jar:na]
	at org.apache.derby.client.net.NetConnection.newAgent_(Unknown Source) ~[derbyclient-10.10.1.1.jar:na]
	at org.apache.derby.client.am.Connection.<init>(Unknown Source) ~[derbyclient-10.10.1.1.jar:na]
	at org.apache.derby.client.net.NetConnection.<init>(Unknown Source) ~[derbyclient-10.10.1.1.jar:na]
	at org.apache.derby.client.net.NetConnection40.<init>(Unknown Source) ~[derbyclient-10.10.1.1.jar:na]
	at org.apache.derby.client.net.ClientJDBCObjectFactoryImpl40.newNetConnection(Unknown Source) ~[derbyclient-10.10.1.1.jar:na]
	... 9 common frames omitted
Caused by: java.net.ConnectException: Connection refused: connect
	at java.net.TwoStacksPlainSocketImpl.socketConnect(Native Method) ~[na:1.7.0_40]
	at java.net.AbstractPlainSocketImpl.doConnect(AbstractPlainSocketImpl.java:339) ~[na:1.7.0_40]
	at java.net.AbstractPlainSocketImpl.connectToAddress(AbstractPlainSocketImpl.java:200) ~[na:1.7.0_40]
	at java.net.AbstractPlainSocketImpl.connect(AbstractPlainSocketImpl.java:182) ~[na:1.7.0_40]
	at java.net.PlainSocketImpl.connect(PlainSocketImpl.java:172) ~[na:1.7.0_40]
	at java.net.SocksSocketImpl.connect(SocksSocketImpl.java:392) ~[na:1.7.0_40]
	at java.net.Socket.connect(Socket.java:579) ~[na:1.7.0_40]
	at java.net.Socket.connect(Socket.java:528) ~[na:1.7.0_40]
	at java.net.Socket.<init>(Socket.java:425) ~[na:1.7.0_40]
	at java.net.Socket.<init>(Socket.java:208) ~[na:1.7.0_40]
	at javax.net.DefaultSocketFactory.createSocket(SocketFactory.java:271) ~[na:1.7.0_40]
	at org.apache.derby.client.net.OpenSocketAction.run(Unknown Source) ~[derbyclient-10.10.1.1.jar:na]
	at org.apache.derby.client.net.OpenSocketAction.run(Unknown Source) ~[derbyclient-10.10.1.1.jar:na]
	at java.security.AccessController.doPrivileged(Native Method) ~[na:1.7.0_40]
	... 15 common frames omitted
11:15:26.484 [main] WARN  cz.muni.fi.pv168.rent.Error - Error execution script : {}file:/C:/javaProjects/rentFinal/target/classes/initTables.sql
java.sql.SQLException: Cannot create PoolableConnectionFactory (java.net.ConnectException : Error connecting to server localhost on port 1527 with message Connection refused: connect.)
	at org.apache.tomcat.dbcp.dbcp2.BasicDataSource.createPoolableConnectionFactory(BasicDataSource.java:2152) ~[tomcat-dbcp-8.0.5.jar:8.0.5]
	at org.apache.tomcat.dbcp.dbcp2.BasicDataSource.createDataSource(BasicDataSource.java:1903) ~[tomcat-dbcp-8.0.5.jar:8.0.5]
	at org.apache.tomcat.dbcp.dbcp2.BasicDataSource.getConnection(BasicDataSource.java:1413) ~[tomcat-dbcp-8.0.5.jar:8.0.5]
	at cz.muni.fi.pv168.rent.DBUtils.executeSqlScript(DBUtils.java:325) ~[classes/:na]
	at cz.muni.fi.pv168.rent.MainWindow.main(MainWindow.java:1092) [classes/:na]
Caused by: java.sql.SQLNonTransientConnectionException: java.net.ConnectException : Error connecting to server localhost on port 1527 with message Connection refused: connect.
	at org.apache.derby.client.am.SQLExceptionFactory40.getSQLException(Unknown Source) ~[derbyclient-10.10.1.1.jar:na]
	at org.apache.derby.client.am.SqlException.getSQLException(Unknown Source) ~[derbyclient-10.10.1.1.jar:na]
	at org.apache.derby.jdbc.ClientDriver.connect(Unknown Source) ~[derbyclient-10.10.1.1.jar:na]
	at org.apache.tomcat.dbcp.dbcp2.DriverConnectionFactory.createConnection(DriverConnectionFactory.java:39) ~[tomcat-dbcp-8.0.5.jar:8.0.5]
	at org.apache.tomcat.dbcp.dbcp2.PoolableConnectionFactory.makeObject(PoolableConnectionFactory.java:205) ~[tomcat-dbcp-8.0.5.jar:8.0.5]
	at org.apache.tomcat.dbcp.dbcp2.BasicDataSource.validateConnectionFactory(BasicDataSource.java:2162) ~[tomcat-dbcp-8.0.5.jar:8.0.5]
	at org.apache.tomcat.dbcp.dbcp2.BasicDataSource.createPoolableConnectionFactory(BasicDataSource.java:2148) ~[tomcat-dbcp-8.0.5.jar:8.0.5]
	... 4 common frames omitted
Caused by: org.apache.derby.client.am.DisconnectException: java.net.ConnectException : Error connecting to server localhost on port 1527 with message Connection refused: connect.
	at org.apache.derby.client.net.NetAgent.<init>(Unknown Source) ~[derbyclient-10.10.1.1.jar:na]
	at org.apache.derby.client.net.NetConnection.newAgent_(Unknown Source) ~[derbyclient-10.10.1.1.jar:na]
	at org.apache.derby.client.am.Connection.<init>(Unknown Source) ~[derbyclient-10.10.1.1.jar:na]
	at org.apache.derby.client.net.NetConnection.<init>(Unknown Source) ~[derbyclient-10.10.1.1.jar:na]
	at org.apache.derby.client.net.NetConnection40.<init>(Unknown Source) ~[derbyclient-10.10.1.1.jar:na]
	at org.apache.derby.client.net.ClientJDBCObjectFactoryImpl40.newNetConnection(Unknown Source) ~[derbyclient-10.10.1.1.jar:na]
	... 9 common frames omitted
Caused by: java.net.ConnectException: Connection refused: connect
	at java.net.TwoStacksPlainSocketImpl.socketConnect(Native Method) ~[na:1.7.0_40]
	at java.net.AbstractPlainSocketImpl.doConnect(AbstractPlainSocketImpl.java:339) ~[na:1.7.0_40]
	at java.net.AbstractPlainSocketImpl.connectToAddress(AbstractPlainSocketImpl.java:200) ~[na:1.7.0_40]
	at java.net.AbstractPlainSocketImpl.connect(AbstractPlainSocketImpl.java:182) ~[na:1.7.0_40]
	at java.net.PlainSocketImpl.connect(PlainSocketImpl.java:172) ~[na:1.7.0_40]
	at java.net.SocksSocketImpl.connect(SocksSocketImpl.java:392) ~[na:1.7.0_40]
	at java.net.Socket.connect(Socket.java:579) ~[na:1.7.0_40]
	at java.net.Socket.connect(Socket.java:528) ~[na:1.7.0_40]
	at java.net.Socket.<init>(Socket.java:425) ~[na:1.7.0_40]
	at java.net.Socket.<init>(Socket.java:208) ~[na:1.7.0_40]
	at javax.net.DefaultSocketFactory.createSocket(SocketFactory.java:271) ~[na:1.7.0_40]
	at org.apache.derby.client.net.OpenSocketAction.run(Unknown Source) ~[derbyclient-10.10.1.1.jar:na]
	at org.apache.derby.client.net.OpenSocketAction.run(Unknown Source) ~[derbyclient-10.10.1.1.jar:na]
	at java.security.AccessController.doPrivileged(Native Method) ~[na:1.7.0_40]
	... 15 common frames omitted
11:15:27.500 [main] WARN  cz.muni.fi.pv168.rent.Error - Error execution script : {}file:/C:/javaProjects/rentFinal/target/classes/dropTables.sql
java.sql.SQLException: Cannot create PoolableConnectionFactory (java.net.ConnectException : Error connecting to server localhost on port 1527 with message Connection refused: connect.)
	at org.apache.tomcat.dbcp.dbcp2.BasicDataSource.createPoolableConnectionFactory(BasicDataSource.java:2152) ~[tomcat-dbcp-8.0.5.jar:8.0.5]
	at org.apache.tomcat.dbcp.dbcp2.BasicDataSource.createDataSource(BasicDataSource.java:1903) ~[tomcat-dbcp-8.0.5.jar:8.0.5]
	at org.apache.tomcat.dbcp.dbcp2.BasicDataSource.getConnection(BasicDataSource.java:1413) ~[tomcat-dbcp-8.0.5.jar:8.0.5]
	at cz.muni.fi.pv168.rent.DBUtils.executeSqlScript(DBUtils.java:325) ~[classes/:na]
	at cz.muni.fi.pv168.rent.MainWindow.main(MainWindow.java:1103) [classes/:na]
Caused by: java.sql.SQLNonTransientConnectionException: java.net.ConnectException : Error connecting to server localhost on port 1527 with message Connection refused: connect.
	at org.apache.derby.client.am.SQLExceptionFactory40.getSQLException(Unknown Source) ~[derbyclient-10.10.1.1.jar:na]
	at org.apache.derby.client.am.SqlException.getSQLException(Unknown Source) ~[derbyclient-10.10.1.1.jar:na]
	at org.apache.derby.jdbc.ClientDriver.connect(Unknown Source) ~[derbyclient-10.10.1.1.jar:na]
	at org.apache.tomcat.dbcp.dbcp2.DriverConnectionFactory.createConnection(DriverConnectionFactory.java:39) ~[tomcat-dbcp-8.0.5.jar:8.0.5]
	at org.apache.tomcat.dbcp.dbcp2.PoolableConnectionFactory.makeObject(PoolableConnectionFactory.java:205) ~[tomcat-dbcp-8.0.5.jar:8.0.5]
	at org.apache.tomcat.dbcp.dbcp2.BasicDataSource.validateConnectionFactory(BasicDataSource.java:2162) ~[tomcat-dbcp-8.0.5.jar:8.0.5]
	at org.apache.tomcat.dbcp.dbcp2.BasicDataSource.createPoolableConnectionFactory(BasicDataSource.java:2148) ~[tomcat-dbcp-8.0.5.jar:8.0.5]
	... 4 common frames omitted
Caused by: org.apache.derby.client.am.DisconnectException: java.net.ConnectException : Error connecting to server localhost on port 1527 with message Connection refused: connect.
	at org.apache.derby.client.net.NetAgent.<init>(Unknown Source) ~[derbyclient-10.10.1.1.jar:na]
	at org.apache.derby.client.net.NetConnection.newAgent_(Unknown Source) ~[derbyclient-10.10.1.1.jar:na]
	at org.apache.derby.client.am.Connection.<init>(Unknown Source) ~[derbyclient-10.10.1.1.jar:na]
	at org.apache.derby.client.net.NetConnection.<init>(Unknown Source) ~[derbyclient-10.10.1.1.jar:na]
	at org.apache.derby.client.net.NetConnection40.<init>(Unknown Source) ~[derbyclient-10.10.1.1.jar:na]
	at org.apache.derby.client.net.ClientJDBCObjectFactoryImpl40.newNetConnection(Unknown Source) ~[derbyclient-10.10.1.1.jar:na]
	... 9 common frames omitted
Caused by: java.net.ConnectException: Connection refused: connect
	at java.net.TwoStacksPlainSocketImpl.socketConnect(Native Method) ~[na:1.7.0_40]
	at java.net.AbstractPlainSocketImpl.doConnect(AbstractPlainSocketImpl.java:339) ~[na:1.7.0_40]
	at java.net.AbstractPlainSocketImpl.connectToAddress(AbstractPlainSocketImpl.java:200) ~[na:1.7.0_40]
	at java.net.AbstractPlainSocketImpl.connect(AbstractPlainSocketImpl.java:182) ~[na:1.7.0_40]
	at java.net.PlainSocketImpl.connect(PlainSocketImpl.java:172) ~[na:1.7.0_40]
	at java.net.SocksSocketImpl.connect(SocksSocketImpl.java:392) ~[na:1.7.0_40]
	at java.net.Socket.connect(Socket.java:579) ~[na:1.7.0_40]
	at java.net.Socket.connect(Socket.java:528) ~[na:1.7.0_40]
	at java.net.Socket.<init>(Socket.java:425) ~[na:1.7.0_40]
	at java.net.Socket.<init>(Socket.java:208) ~[na:1.7.0_40]
	at javax.net.DefaultSocketFactory.createSocket(SocketFactory.java:271) ~[na:1.7.0_40]
	at org.apache.derby.client.net.OpenSocketAction.run(Unknown Source) ~[derbyclient-10.10.1.1.jar:na]
	at org.apache.derby.client.net.OpenSocketAction.run(Unknown Source) ~[derbyclient-10.10.1.1.jar:na]
	at java.security.AccessController.doPrivileged(Native Method) ~[na:1.7.0_40]
	... 15 common frames omitted
11:38:12.781 [main] WARN  cz.muni.fi.pv168.rent.Error - Error execution script : {}file:/C:/javaProjects/rentFinal/target/classes/createTables.sql
java.sql.SQLException: Cannot create PoolableConnectionFactory (java.net.ConnectException : Error connecting to server localhost on port 1527 with message Connection refused: connect.)
	at org.apache.tomcat.dbcp.dbcp2.BasicDataSource.createPoolableConnectionFactory(BasicDataSource.java:2152) ~[tomcat-dbcp-8.0.5.jar:8.0.5]
	at org.apache.tomcat.dbcp.dbcp2.BasicDataSource.createDataSource(BasicDataSource.java:1903) ~[tomcat-dbcp-8.0.5.jar:8.0.5]
	at org.apache.tomcat.dbcp.dbcp2.BasicDataSource.getConnection(BasicDataSource.java:1413) ~[tomcat-dbcp-8.0.5.jar:8.0.5]
	at cz.muni.fi.pv168.rent.DBUtils.executeSqlScript(DBUtils.java:325) ~[classes/:na]
	at cz.muni.fi.pv168.rent.MainWindow.main(MainWindow.java:1104) [classes/:na]
Caused by: java.sql.SQLNonTransientConnectionException: java.net.ConnectException : Error connecting to server localhost on port 1527 with message Connection refused: connect.
	at org.apache.derby.client.am.SQLExceptionFactory40.getSQLException(Unknown Source) ~[derbyclient-10.10.1.1.jar:na]
	at org.apache.derby.client.am.SqlException.getSQLException(Unknown Source) ~[derbyclient-10.10.1.1.jar:na]
	at org.apache.derby.jdbc.ClientDriver.connect(Unknown Source) ~[derbyclient-10.10.1.1.jar:na]
	at org.apache.tomcat.dbcp.dbcp2.DriverConnectionFactory.createConnection(DriverConnectionFactory.java:39) ~[tomcat-dbcp-8.0.5.jar:8.0.5]
	at org.apache.tomcat.dbcp.dbcp2.PoolableConnectionFactory.makeObject(PoolableConnectionFactory.java:205) ~[tomcat-dbcp-8.0.5.jar:8.0.5]
	at org.apache.tomcat.dbcp.dbcp2.BasicDataSource.validateConnectionFactory(BasicDataSource.java:2162) ~[tomcat-dbcp-8.0.5.jar:8.0.5]
	at org.apache.tomcat.dbcp.dbcp2.BasicDataSource.createPoolableConnectionFactory(BasicDataSource.java:2148) ~[tomcat-dbcp-8.0.5.jar:8.0.5]
	... 4 common frames omitted
Caused by: org.apache.derby.client.am.DisconnectException: java.net.ConnectException : Error connecting to server localhost on port 1527 with message Connection refused: connect.
	at org.apache.derby.client.net.NetAgent.<init>(Unknown Source) ~[derbyclient-10.10.1.1.jar:na]
	at org.apache.derby.client.net.NetConnection.newAgent_(Unknown Source) ~[derbyclient-10.10.1.1.jar:na]
	at org.apache.derby.client.am.Connection.<init>(Unknown Source) ~[derbyclient-10.10.1.1.jar:na]
	at org.apache.derby.client.net.NetConnection.<init>(Unknown Source) ~[derbyclient-10.10.1.1.jar:na]
	at org.apache.derby.client.net.NetConnection40.<init>(Unknown Source) ~[derbyclient-10.10.1.1.jar:na]
	at org.apache.derby.client.net.ClientJDBCObjectFactoryImpl40.newNetConnection(Unknown Source) ~[derbyclient-10.10.1.1.jar:na]
	... 9 common frames omitted
Caused by: java.net.ConnectException: Connection refused: connect
	at java.net.TwoStacksPlainSocketImpl.socketConnect(Native Method) ~[na:1.7.0_40]
	at java.net.AbstractPlainSocketImpl.doConnect(AbstractPlainSocketImpl.java:339) ~[na:1.7.0_40]
	at java.net.AbstractPlainSocketImpl.connectToAddress(AbstractPlainSocketImpl.java:200) ~[na:1.7.0_40]
	at java.net.AbstractPlainSocketImpl.connect(AbstractPlainSocketImpl.java:182) ~[na:1.7.0_40]
	at java.net.PlainSocketImpl.connect(PlainSocketImpl.java:172) ~[na:1.7.0_40]
	at java.net.SocksSocketImpl.connect(SocksSocketImpl.java:392) ~[na:1.7.0_40]
	at java.net.Socket.connect(Socket.java:579) ~[na:1.7.0_40]
	at java.net.Socket.connect(Socket.java:528) ~[na:1.7.0_40]
	at java.net.Socket.<init>(Socket.java:425) ~[na:1.7.0_40]
	at java.net.Socket.<init>(Socket.java:208) ~[na:1.7.0_40]
	at javax.net.DefaultSocketFactory.createSocket(SocketFactory.java:271) ~[na:1.7.0_40]
	at org.apache.derby.client.net.OpenSocketAction.run(Unknown Source) ~[derbyclient-10.10.1.1.jar:na]
	at org.apache.derby.client.net.OpenSocketAction.run(Unknown Source) ~[derbyclient-10.10.1.1.jar:na]
	at java.security.AccessController.doPrivileged(Native Method) ~[na:1.7.0_40]
	... 15 common frames omitted
11:38:13.750 [main] WARN  cz.muni.fi.pv168.rent.Error - Error execution script : {}file:/C:/javaProjects/rentFinal/target/classes/initTables.sql
java.sql.SQLException: Cannot create PoolableConnectionFactory (java.net.ConnectException : Error connecting to server localhost on port 1527 with message Connection refused: connect.)
	at org.apache.tomcat.dbcp.dbcp2.BasicDataSource.createPoolableConnectionFactory(BasicDataSource.java:2152) ~[tomcat-dbcp-8.0.5.jar:8.0.5]
	at org.apache.tomcat.dbcp.dbcp2.BasicDataSource.createDataSource(BasicDataSource.java:1903) ~[tomcat-dbcp-8.0.5.jar:8.0.5]
	at org.apache.tomcat.dbcp.dbcp2.BasicDataSource.getConnection(BasicDataSource.java:1413) ~[tomcat-dbcp-8.0.5.jar:8.0.5]
	at cz.muni.fi.pv168.rent.DBUtils.executeSqlScript(DBUtils.java:325) ~[classes/:na]
	at cz.muni.fi.pv168.rent.MainWindow.main(MainWindow.java:1107) [classes/:na]
Caused by: java.sql.SQLNonTransientConnectionException: java.net.ConnectException : Error connecting to server localhost on port 1527 with message Connection refused: connect.
	at org.apache.derby.client.am.SQLExceptionFactory40.getSQLException(Unknown Source) ~[derbyclient-10.10.1.1.jar:na]
	at org.apache.derby.client.am.SqlException.getSQLException(Unknown Source) ~[derbyclient-10.10.1.1.jar:na]
	at org.apache.derby.jdbc.ClientDriver.connect(Unknown Source) ~[derbyclient-10.10.1.1.jar:na]
	at org.apache.tomcat.dbcp.dbcp2.DriverConnectionFactory.createConnection(DriverConnectionFactory.java:39) ~[tomcat-dbcp-8.0.5.jar:8.0.5]
	at org.apache.tomcat.dbcp.dbcp2.PoolableConnectionFactory.makeObject(PoolableConnectionFactory.java:205) ~[tomcat-dbcp-8.0.5.jar:8.0.5]
	at org.apache.tomcat.dbcp.dbcp2.BasicDataSource.validateConnectionFactory(BasicDataSource.java:2162) ~[tomcat-dbcp-8.0.5.jar:8.0.5]
	at org.apache.tomcat.dbcp.dbcp2.BasicDataSource.createPoolableConnectionFactory(BasicDataSource.java:2148) ~[tomcat-dbcp-8.0.5.jar:8.0.5]
	... 4 common frames omitted
Caused by: org.apache.derby.client.am.DisconnectException: java.net.ConnectException : Error connecting to server localhost on port 1527 with message Connection refused: connect.
	at org.apache.derby.client.net.NetAgent.<init>(Unknown Source) ~[derbyclient-10.10.1.1.jar:na]
	at org.apache.derby.client.net.NetConnection.newAgent_(Unknown Source) ~[derbyclient-10.10.1.1.jar:na]
	at org.apache.derby.client.am.Connection.<init>(Unknown Source) ~[derbyclient-10.10.1.1.jar:na]
	at org.apache.derby.client.net.NetConnection.<init>(Unknown Source) ~[derbyclient-10.10.1.1.jar:na]
	at org.apache.derby.client.net.NetConnection40.<init>(Unknown Source) ~[derbyclient-10.10.1.1.jar:na]
	at org.apache.derby.client.net.ClientJDBCObjectFactoryImpl40.newNetConnection(Unknown Source) ~[derbyclient-10.10.1.1.jar:na]
	... 9 common frames omitted
Caused by: java.net.ConnectException: Connection refused: connect
	at java.net.TwoStacksPlainSocketImpl.socketConnect(Native Method) ~[na:1.7.0_40]
	at java.net.AbstractPlainSocketImpl.doConnect(AbstractPlainSocketImpl.java:339) ~[na:1.7.0_40]
	at java.net.AbstractPlainSocketImpl.connectToAddress(AbstractPlainSocketImpl.java:200) ~[na:1.7.0_40]
	at java.net.AbstractPlainSocketImpl.connect(AbstractPlainSocketImpl.java:182) ~[na:1.7.0_40]
	at java.net.PlainSocketImpl.connect(PlainSocketImpl.java:172) ~[na:1.7.0_40]
	at java.net.SocksSocketImpl.connect(SocksSocketImpl.java:392) ~[na:1.7.0_40]
	at java.net.Socket.connect(Socket.java:579) ~[na:1.7.0_40]
	at java.net.Socket.connect(Socket.java:528) ~[na:1.7.0_40]
	at java.net.Socket.<init>(Socket.java:425) ~[na:1.7.0_40]
	at java.net.Socket.<init>(Socket.java:208) ~[na:1.7.0_40]
	at javax.net.DefaultSocketFactory.createSocket(SocketFactory.java:271) ~[na:1.7.0_40]
	at org.apache.derby.client.net.OpenSocketAction.run(Unknown Source) ~[derbyclient-10.10.1.1.jar:na]
	at org.apache.derby.client.net.OpenSocketAction.run(Unknown Source) ~[derbyclient-10.10.1.1.jar:na]
	at java.security.AccessController.doPrivileged(Native Method) ~[na:1.7.0_40]
	... 15 common frames omitted
11:38:14.765 [main] WARN  cz.muni.fi.pv168.rent.Error - Error execution script : {}file:/C:/javaProjects/rentFinal/target/classes/dropTables.sql
java.sql.SQLException: Cannot create PoolableConnectionFactory (java.net.ConnectException : Error connecting to server localhost on port 1527 with message Connection refused: connect.)
	at org.apache.tomcat.dbcp.dbcp2.BasicDataSource.createPoolableConnectionFactory(BasicDataSource.java:2152) ~[tomcat-dbcp-8.0.5.jar:8.0.5]
	at org.apache.tomcat.dbcp.dbcp2.BasicDataSource.createDataSource(BasicDataSource.java:1903) ~[tomcat-dbcp-8.0.5.jar:8.0.5]
	at org.apache.tomcat.dbcp.dbcp2.BasicDataSource.getConnection(BasicDataSource.java:1413) ~[tomcat-dbcp-8.0.5.jar:8.0.5]
	at cz.muni.fi.pv168.rent.DBUtils.executeSqlScript(DBUtils.java:325) ~[classes/:na]
	at cz.muni.fi.pv168.rent.MainWindow.main(MainWindow.java:1118) [classes/:na]
Caused by: java.sql.SQLNonTransientConnectionException: java.net.ConnectException : Error connecting to server localhost on port 1527 with message Connection refused: connect.
	at org.apache.derby.client.am.SQLExceptionFactory40.getSQLException(Unknown Source) ~[derbyclient-10.10.1.1.jar:na]
	at org.apache.derby.client.am.SqlException.getSQLException(Unknown Source) ~[derbyclient-10.10.1.1.jar:na]
	at org.apache.derby.jdbc.ClientDriver.connect(Unknown Source) ~[derbyclient-10.10.1.1.jar:na]
	at org.apache.tomcat.dbcp.dbcp2.DriverConnectionFactory.createConnection(DriverConnectionFactory.java:39) ~[tomcat-dbcp-8.0.5.jar:8.0.5]
	at org.apache.tomcat.dbcp.dbcp2.PoolableConnectionFactory.makeObject(PoolableConnectionFactory.java:205) ~[tomcat-dbcp-8.0.5.jar:8.0.5]
	at org.apache.tomcat.dbcp.dbcp2.BasicDataSource.validateConnectionFactory(BasicDataSource.java:2162) ~[tomcat-dbcp-8.0.5.jar:8.0.5]
	at org.apache.tomcat.dbcp.dbcp2.BasicDataSource.createPoolableConnectionFactory(BasicDataSource.java:2148) ~[tomcat-dbcp-8.0.5.jar:8.0.5]
	... 4 common frames omitted
Caused by: org.apache.derby.client.am.DisconnectException: java.net.ConnectException : Error connecting to server localhost on port 1527 with message Connection refused: connect.
	at org.apache.derby.client.net.NetAgent.<init>(Unknown Source) ~[derbyclient-10.10.1.1.jar:na]
	at org.apache.derby.client.net.NetConnection.newAgent_(Unknown Source) ~[derbyclient-10.10.1.1.jar:na]
	at org.apache.derby.client.am.Connection.<init>(Unknown Source) ~[derbyclient-10.10.1.1.jar:na]
	at org.apache.derby.client.net.NetConnection.<init>(Unknown Source) ~[derbyclient-10.10.1.1.jar:na]
	at org.apache.derby.client.net.NetConnection40.<init>(Unknown Source) ~[derbyclient-10.10.1.1.jar:na]
	at org.apache.derby.client.net.ClientJDBCObjectFactoryImpl40.newNetConnection(Unknown Source) ~[derbyclient-10.10.1.1.jar:na]
	... 9 common frames omitted
Caused by: java.net.ConnectException: Connection refused: connect
	at java.net.TwoStacksPlainSocketImpl.socketConnect(Native Method) ~[na:1.7.0_40]
	at java.net.AbstractPlainSocketImpl.doConnect(AbstractPlainSocketImpl.java:339) ~[na:1.7.0_40]
	at java.net.AbstractPlainSocketImpl.connectToAddress(AbstractPlainSocketImpl.java:200) ~[na:1.7.0_40]
	at java.net.AbstractPlainSocketImpl.connect(AbstractPlainSocketImpl.java:182) ~[na:1.7.0_40]
	at java.net.PlainSocketImpl.connect(PlainSocketImpl.java:172) ~[na:1.7.0_40]
	at java.net.SocksSocketImpl.connect(SocksSocketImpl.java:392) ~[na:1.7.0_40]
	at java.net.Socket.connect(Socket.java:579) ~[na:1.7.0_40]
	at java.net.Socket.connect(Socket.java:528) ~[na:1.7.0_40]
	at java.net.Socket.<init>(Socket.java:425) ~[na:1.7.0_40]
	at java.net.Socket.<init>(Socket.java:208) ~[na:1.7.0_40]
	at javax.net.DefaultSocketFactory.createSocket(SocketFactory.java:271) ~[na:1.7.0_40]
	at org.apache.derby.client.net.OpenSocketAction.run(Unknown Source) ~[derbyclient-10.10.1.1.jar:na]
	at org.apache.derby.client.net.OpenSocketAction.run(Unknown Source) ~[derbyclient-10.10.1.1.jar:na]
	at java.security.AccessController.doPrivileged(Native Method) ~[na:1.7.0_40]
	... 15 common frames omitted
12:13:09.501 [main] WARN  cz.muni.fi.pv168.rent.Error - Error execution script : {}file:/home/xsvitana/pv168/pr/rentFinal/target/classes/createTables.sql
java.sql.SQLException: Cannot create PoolableConnectionFactory (java.net.ConnectException : Chyba pi pipojovn k serveru localhost na portu 1527 se zprvou: Connection refused.)
	at org.apache.tomcat.dbcp.dbcp2.BasicDataSource.createPoolableConnectionFactory(BasicDataSource.java:2152) ~[tomcat-dbcp-8.0.5.jar:8.0.5]
	at org.apache.tomcat.dbcp.dbcp2.BasicDataSource.createDataSource(BasicDataSource.java:1903) ~[tomcat-dbcp-8.0.5.jar:8.0.5]
	at org.apache.tomcat.dbcp.dbcp2.BasicDataSource.getConnection(BasicDataSource.java:1413) ~[tomcat-dbcp-8.0.5.jar:8.0.5]
	at cz.muni.fi.pv168.rent.DBUtils.executeSqlScript(DBUtils.java:325) ~[classes/:na]
	at cz.muni.fi.pv168.rent.MainWindow.main(MainWindow.java:1104) ~[classes/:na]
Caused by: java.sql.SQLNonTransientConnectionException: java.net.ConnectException : Chyba pi pipojovn k serveru localhost na portu 1527 se zprvou: Connection refused.
	at org.apache.derby.client.am.SQLExceptionFactory40.getSQLException(Unknown Source) ~[derbyclient-10.10.1.1.jar:na]
	at org.apache.derby.client.am.SqlException.getSQLException(Unknown Source) ~[derbyclient-10.10.1.1.jar:na]
	at org.apache.derby.jdbc.ClientDriver.connect(Unknown Source) ~[derbyclient-10.10.1.1.jar:na]
	at org.apache.tomcat.dbcp.dbcp2.DriverConnectionFactory.createConnection(DriverConnectionFactory.java:39) ~[tomcat-dbcp-8.0.5.jar:8.0.5]
	at org.apache.tomcat.dbcp.dbcp2.PoolableConnectionFactory.makeObject(PoolableConnectionFactory.java:205) ~[tomcat-dbcp-8.0.5.jar:8.0.5]
	at org.apache.tomcat.dbcp.dbcp2.BasicDataSource.validateConnectionFactory(BasicDataSource.java:2162) ~[tomcat-dbcp-8.0.5.jar:8.0.5]
	at org.apache.tomcat.dbcp.dbcp2.BasicDataSource.createPoolableConnectionFactory(BasicDataSource.java:2148) ~[tomcat-dbcp-8.0.5.jar:8.0.5]
	... 4 common frames omitted
Caused by: org.apache.derby.client.am.DisconnectException: java.net.ConnectException : Chyba pi pipojovn k serveru localhost na portu 1527 se zprvou: Connection refused.
	at org.apache.derby.client.net.NetAgent.<init>(Unknown Source) ~[derbyclient-10.10.1.1.jar:na]
	at org.apache.derby.client.net.NetConnection.newAgent_(Unknown Source) ~[derbyclient-10.10.1.1.jar:na]
	at org.apache.derby.client.am.Connection.<init>(Unknown Source) ~[derbyclient-10.10.1.1.jar:na]
	at org.apache.derby.client.net.NetConnection.<init>(Unknown Source) ~[derbyclient-10.10.1.1.jar:na]
	at org.apache.derby.client.net.NetConnection40.<init>(Unknown Source) ~[derbyclient-10.10.1.1.jar:na]
	at org.apache.derby.client.net.ClientJDBCObjectFactoryImpl40.newNetConnection(Unknown Source) ~[derbyclient-10.10.1.1.jar:na]
	... 9 common frames omitted
Caused by: java.net.ConnectException: Connection refused
	at java.net.PlainSocketImpl.socketConnect(Native Method) ~[na:1.7.0_25]
	at java.net.AbstractPlainSocketImpl.doConnect(AbstractPlainSocketImpl.java:339) ~[na:1.7.0_25]
	at java.net.AbstractPlainSocketImpl.connectToAddress(AbstractPlainSocketImpl.java:200) ~[na:1.7.0_25]
	at java.net.AbstractPlainSocketImpl.connect(AbstractPlainSocketImpl.java:182) ~[na:1.7.0_25]
	at java.net.SocksSocketImpl.connect(SocksSocketImpl.java:392) ~[na:1.7.0_25]
	at java.net.Socket.connect(Socket.java:579) ~[na:1.7.0_25]
	at java.net.Socket.connect(Socket.java:528) ~[na:1.7.0_25]
	at java.net.Socket.<init>(Socket.java:425) ~[na:1.7.0_25]
	at java.net.Socket.<init>(Socket.java:208) ~[na:1.7.0_25]
	at javax.net.DefaultSocketFactory.createSocket(SocketFactory.java:271) ~[na:1.7.0_25]
	at org.apache.derby.client.net.OpenSocketAction.run(Unknown Source) ~[derbyclient-10.10.1.1.jar:na]
	at org.apache.derby.client.net.OpenSocketAction.run(Unknown Source) ~[derbyclient-10.10.1.1.jar:na]
	at java.security.AccessController.doPrivileged(Native Method) ~[na:1.7.0_25]
	... 15 common frames omitted
12:13:09.505 [main] WARN  cz.muni.fi.pv168.rent.Error - Error execution script : {}file:/home/xsvitana/pv168/pr/rentFinal/target/classes/initTables.sql
java.sql.SQLException: Cannot create PoolableConnectionFactory (java.net.ConnectException : Chyba pi pipojovn k serveru localhost na portu 1527 se zprvou: Connection refused.)
	at org.apache.tomcat.dbcp.dbcp2.BasicDataSource.createPoolableConnectionFactory(BasicDataSource.java:2152) ~[tomcat-dbcp-8.0.5.jar:8.0.5]
	at org.apache.tomcat.dbcp.dbcp2.BasicDataSource.createDataSource(BasicDataSource.java:1903) ~[tomcat-dbcp-8.0.5.jar:8.0.5]
	at org.apache.tomcat.dbcp.dbcp2.BasicDataSource.getConnection(BasicDataSource.java:1413) ~[tomcat-dbcp-8.0.5.jar:8.0.5]
	at cz.muni.fi.pv168.rent.DBUtils.executeSqlScript(DBUtils.java:325) ~[classes/:na]
	at cz.muni.fi.pv168.rent.MainWindow.main(MainWindow.java:1107) ~[classes/:na]
Caused by: java.sql.SQLNonTransientConnectionException: java.net.ConnectException : Chyba pi pipojovn k serveru localhost na portu 1527 se zprvou: Connection refused.
	at org.apache.derby.client.am.SQLExceptionFactory40.getSQLException(Unknown Source) ~[derbyclient-10.10.1.1.jar:na]
	at org.apache.derby.client.am.SqlException.getSQLException(Unknown Source) ~[derbyclient-10.10.1.1.jar:na]
	at org.apache.derby.jdbc.ClientDriver.connect(Unknown Source) ~[derbyclient-10.10.1.1.jar:na]
	at org.apache.tomcat.dbcp.dbcp2.DriverConnectionFactory.createConnection(DriverConnectionFactory.java:39) ~[tomcat-dbcp-8.0.5.jar:8.0.5]
	at org.apache.tomcat.dbcp.dbcp2.PoolableConnectionFactory.makeObject(PoolableConnectionFactory.java:205) ~[tomcat-dbcp-8.0.5.jar:8.0.5]
	at org.apache.tomcat.dbcp.dbcp2.BasicDataSource.validateConnectionFactory(BasicDataSource.java:2162) ~[tomcat-dbcp-8.0.5.jar:8.0.5]
	at org.apache.tomcat.dbcp.dbcp2.BasicDataSource.createPoolableConnectionFactory(BasicDataSource.java:2148) ~[tomcat-dbcp-8.0.5.jar:8.0.5]
	... 4 common frames omitted
Caused by: org.apache.derby.client.am.DisconnectException: java.net.ConnectException : Chyba pi pipojovn k serveru localhost na portu 1527 se zprvou: Connection refused.
	at org.apache.derby.client.net.NetAgent.<init>(Unknown Source) ~[derbyclient-10.10.1.1.jar:na]
	at org.apache.derby.client.net.NetConnection.newAgent_(Unknown Source) ~[derbyclient-10.10.1.1.jar:na]
	at org.apache.derby.client.am.Connection.<init>(Unknown Source) ~[derbyclient-10.10.1.1.jar:na]
	at org.apache.derby.client.net.NetConnection.<init>(Unknown Source) ~[derbyclient-10.10.1.1.jar:na]
	at org.apache.derby.client.net.NetConnection40.<init>(Unknown Source) ~[derbyclient-10.10.1.1.jar:na]
	at org.apache.derby.client.net.ClientJDBCObjectFactoryImpl40.newNetConnection(Unknown Source) ~[derbyclient-10.10.1.1.jar:na]
	... 9 common frames omitted
Caused by: java.net.ConnectException: Connection refused
	at java.net.PlainSocketImpl.socketConnect(Native Method) ~[na:1.7.0_25]
	at java.net.AbstractPlainSocketImpl.doConnect(AbstractPlainSocketImpl.java:339) ~[na:1.7.0_25]
	at java.net.AbstractPlainSocketImpl.connectToAddress(AbstractPlainSocketImpl.java:200) ~[na:1.7.0_25]
	at java.net.AbstractPlainSocketImpl.connect(AbstractPlainSocketImpl.java:182) ~[na:1.7.0_25]
	at java.net.SocksSocketImpl.connect(SocksSocketImpl.java:392) ~[na:1.7.0_25]
	at java.net.Socket.connect(Socket.java:579) ~[na:1.7.0_25]
	at java.net.Socket.connect(Socket.java:528) ~[na:1.7.0_25]
	at java.net.Socket.<init>(Socket.java:425) ~[na:1.7.0_25]
	at java.net.Socket.<init>(Socket.java:208) ~[na:1.7.0_25]
	at javax.net.DefaultSocketFactory.createSocket(SocketFactory.java:271) ~[na:1.7.0_25]
	at org.apache.derby.client.net.OpenSocketAction.run(Unknown Source) ~[derbyclient-10.10.1.1.jar:na]
	at org.apache.derby.client.net.OpenSocketAction.run(Unknown Source) ~[derbyclient-10.10.1.1.jar:na]
	at java.security.AccessController.doPrivileged(Native Method) ~[na:1.7.0_25]
	... 15 common frames omitted
12:13:09.510 [main] WARN  cz.muni.fi.pv168.rent.Error - Error execution script : {}file:/home/xsvitana/pv168/pr/rentFinal/target/classes/dropTables.sql
java.sql.SQLException: Cannot create PoolableConnectionFactory (java.net.ConnectException : Chyba pi pipojovn k serveru localhost na portu 1527 se zprvou: Connection refused.)
	at org.apache.tomcat.dbcp.dbcp2.BasicDataSource.createPoolableConnectionFactory(BasicDataSource.java:2152) ~[tomcat-dbcp-8.0.5.jar:8.0.5]
	at org.apache.tomcat.dbcp.dbcp2.BasicDataSource.createDataSource(BasicDataSource.java:1903) ~[tomcat-dbcp-8.0.5.jar:8.0.5]
	at org.apache.tomcat.dbcp.dbcp2.BasicDataSource.getConnection(BasicDataSource.java:1413) ~[tomcat-dbcp-8.0.5.jar:8.0.5]
	at cz.muni.fi.pv168.rent.DBUtils.executeSqlScript(DBUtils.java:325) ~[classes/:na]
	at cz.muni.fi.pv168.rent.MainWindow.main(MainWindow.java:1118) ~[classes/:na]
Caused by: java.sql.SQLNonTransientConnectionException: java.net.ConnectException : Chyba pi pipojovn k serveru localhost na portu 1527 se zprvou: Connection refused.
	at org.apache.derby.client.am.SQLExceptionFactory40.getSQLException(Unknown Source) ~[derbyclient-10.10.1.1.jar:na]
	at org.apache.derby.client.am.SqlException.getSQLException(Unknown Source) ~[derbyclient-10.10.1.1.jar:na]
	at org.apache.derby.jdbc.ClientDriver.connect(Unknown Source) ~[derbyclient-10.10.1.1.jar:na]
	at org.apache.tomcat.dbcp.dbcp2.DriverConnectionFactory.createConnection(DriverConnectionFactory.java:39) ~[tomcat-dbcp-8.0.5.jar:8.0.5]
	at org.apache.tomcat.dbcp.dbcp2.PoolableConnectionFactory.makeObject(PoolableConnectionFactory.java:205) ~[tomcat-dbcp-8.0.5.jar:8.0.5]
	at org.apache.tomcat.dbcp.dbcp2.BasicDataSource.validateConnectionFactory(BasicDataSource.java:2162) ~[tomcat-dbcp-8.0.5.jar:8.0.5]
	at org.apache.tomcat.dbcp.dbcp2.BasicDataSource.createPoolableConnectionFactory(BasicDataSource.java:2148) ~[tomcat-dbcp-8.0.5.jar:8.0.5]
	... 4 common frames omitted
Caused by: org.apache.derby.client.am.DisconnectException: java.net.ConnectException : Chyba pi pipojovn k serveru localhost na portu 1527 se zprvou: Connection refused.
	at org.apache.derby.client.net.NetAgent.<init>(Unknown Source) ~[derbyclient-10.10.1.1.jar:na]
	at org.apache.derby.client.net.NetConnection.newAgent_(Unknown Source) ~[derbyclient-10.10.1.1.jar:na]
	at org.apache.derby.client.am.Connection.<init>(Unknown Source) ~[derbyclient-10.10.1.1.jar:na]
	at org.apache.derby.client.net.NetConnection.<init>(Unknown Source) ~[derbyclient-10.10.1.1.jar:na]
	at org.apache.derby.client.net.NetConnection40.<init>(Unknown Source) ~[derbyclient-10.10.1.1.jar:na]
	at org.apache.derby.client.net.ClientJDBCObjectFactoryImpl40.newNetConnection(Unknown Source) ~[derbyclient-10.10.1.1.jar:na]
	... 9 common frames omitted
Caused by: java.net.ConnectException: Connection refused
	at java.net.PlainSocketImpl.socketConnect(Native Method) ~[na:1.7.0_25]
	at java.net.AbstractPlainSocketImpl.doConnect(AbstractPlainSocketImpl.java:339) ~[na:1.7.0_25]
	at java.net.AbstractPlainSocketImpl.connectToAddress(AbstractPlainSocketImpl.java:200) ~[na:1.7.0_25]
	at java.net.AbstractPlainSocketImpl.connect(AbstractPlainSocketImpl.java:182) ~[na:1.7.0_25]
	at java.net.SocksSocketImpl.connect(SocksSocketImpl.java:392) ~[na:1.7.0_25]
	at java.net.Socket.connect(Socket.java:579) ~[na:1.7.0_25]
	at java.net.Socket.connect(Socket.java:528) ~[na:1.7.0_25]
	at java.net.Socket.<init>(Socket.java:425) ~[na:1.7.0_25]
	at java.net.Socket.<init>(Socket.java:208) ~[na:1.7.0_25]
	at javax.net.DefaultSocketFactory.createSocket(SocketFactory.java:271) ~[na:1.7.0_25]
	at org.apache.derby.client.net.OpenSocketAction.run(Unknown Source) ~[derbyclient-10.10.1.1.jar:na]
	at org.apache.derby.client.net.OpenSocketAction.run(Unknown Source) ~[derbyclient-10.10.1.1.jar:na]
	at java.security.AccessController.doPrivileged(Native Method) ~[na:1.7.0_25]
	... 15 common frames omitted
